0 1 10 2 5 14 19 11 20 12 13 27 17 18 29 21 30 22 23 31 26 28 39 40 32 35 36 37 49 38 41 50 42 43 44 45 46 51 47 48 59 60 52 53 54 57 58 69 61 70 62 63 66 67 77 68 79 80 73 76 89 81 90 82 83 84 91 92 93 94 95 96 8 9 99 88
0 10
0 1
1 2
10 20
10 11
5 14
14 13
19 29
19 18
19 9
11 12
20 30
20 21
12 13
27 28
27 26
17 18
29 39
29 28
30 40
30 31
22 31
22 23
31 32
39 49
39 38
40 50
40 41
35 36
36 37
37 38
49 59
49 48
50 60
50 51
42 43
43 44
44 45
45 46
45 51
46 47
51 52
47 48
59 69
59 58
60 70
60 61
52 53
53 54
57 58
69 79
69 68
61 62
70 80
62 63
66 77
66 67
67 68
77 76
79 89
80 90
80 73
80 81
89 99
89 88
81 82
90 91
82 83
83 84
91 92
92 93
93 94
94 95
95 96
8 9