0 69 1 58 40 3 4 13 57 5 49 43 23 46 10 80 85 95 24 12 22 83 14 52 63 65 66 76 27 77 18 25 37 62 19 78 96 98 21 93 35 45 75 97 48 29 32 33 88 99 74 92 73 47 44 71 50 67 94 64 39 51 72 56
0 69
69 80
69 88
1 58
58 40
58 72
40 18
3 13
4 57
13 12
57 76
57 97
57 94
57 75
5 49
49 56
43 52
43 48
23 24
46 22
10 85
10 80
10 95
80 39
85 18
85 66
95 73
95 98
24 75
24 12
24 14
24 21
24 77
22 63
22 37
83 52
14 66
14 63
14 52
52 71
52 44
65 64
65 47
66 96
66 78
27 48
77 64
18 62
18 25
62 29
19 78
96 50
98 51
21 93
35 74
45 44
75 74
32 33
32 99
33 92
33 74
50 67
50 56