0 54 58 70 23 11 20 92 49 68 9 29 74 36 52 67 2 14 79 42 16 37 90 83 64 45 39 27 17 22 77 31 21 71 78 82 85 89 55 69 46 13 75 96 48 50 86 87 57 60 81 1 95 19 40 4 47 7 10 15 26 34 43 44 51 53 59 61 63 65 73 80
0 54
0 58
0 70
54 23
58 11
58 20
58 92
58 34
70 68
70 49
23 9
23 29
23 65
11 74
11 10
20 36
20 52
92 80
49 67
49 7
68 2
9 14
9 79
29 42
74 73
74 26
36 16
36 37
36 90
52 83
67 44
2 64
14 15
14 51
42 45
16 61
16 53
37 39
83 27
64 17
64 22
64 77
64 63
39 31
27 21
17 71
22 82
22 78
77 85
77 89
77 59
31 55
21 69
71 46
78 13
78 75
82 96
55 48
55 50
46 87
46 86
13 57
75 60
48 81
87 1
57 95
81 19
1 40
40 4
40 47
26 43