4 11 12 13 14 15 16 17 18 23 24 25 31 32 33 34 35 36 37 38 41 42 43 44 45 50 51 52 53 54 55 56 57 58 61 62 63 64 65 66 67 68 71 72 73 74 75 76 77 78 81 82 83 84 85 86 87 88 10 19 39 80 89
4 14
11 12
11 10
12 13
13 14
14 15
14 24
15 16
16 17
17 18
18 19
23 24
24 34
25 35
31 32
32 33
33 34
34 44
34 35
35 45
35 36
36 37
37 38
38 39
41 42
42 43
43 44
44 54
50 51
51 52
52 53
53 54
54 64
54 55
55 56
56 57
57 58
61 62
62 63
63 64
64 74
64 65
65 66
66 67
67 68
71 72
72 73
73 74
74 84
74 75
75 76
76 77
77 78
81 82
81 80
82 83
83 84
84 85
85 86
86 87
87 88
88 89