1 2 98 7 8 11 12 13 16 17 18 21 22 23 26 27 28 31 32 33 36 37 41 42 43 46 47 48 51 52 53 56 57 58 61 62 63 66 67 68 70 71 74 72 73 76 77 78 81 82 83 86 87 88 91 92 93 96 97 35 39 38 40 44 45 49 50 54 55 59 60 64 65 69
1 98
1 2
98 97
7 8
8 11
11 12
12 13
13 16
16 17
17 18
18 21
21 22
22 23
23 26
26 27
27 28
28 31
31 32
32 33
33 36
36 37
37 38
41 42
41 38
42 43
43 44
43 46
43 40
46 47
47 48
48 49
48 45
48 51
51 52
52 53
53 56
53 54
53 50
56 55
56 57
56 59
57 58
58 61
61 62
61 60
61 64
62 63
63 66
66 67
66 65
66 69
67 68
68 71
70 71
71 72
71 74
72 73
73 76
76 77
77 78
78 81
81 82
82 83
83 86
86 87
87 88
88 91
91 92
92 93
93 96
96 97
35 38
39 38