0 14 5 8 25 1 28 29 30 2 3 32 33 12 34 35 36 23 38 17 41 19 10 44 7 11 20 47 13 16 51 9 21 52 54 56 58 59 61 62 63 66 68 70 18 24 73 74 75 76 77 84 86 90 22 92 94 95 96 97 98 99
0 25
14 68
5 41
8 51
25 76
1 28
1 30
1 29
28 73
2 32
2 33
3 36
3 34
3 35
33 47
12 63
12 62
12 61
34 54
34 59
34 74
35 44
36 38
23 94
23 95
17 76
41 61
19 84
10 56
7 47
11 58
20 86
47 68
13 66
16 75
16 74
16 18
16 73
51 77
51 90
9 52
21 90
52 94
54 92
56 61
58 75
62 74
62 98
63 68
66 90
70 96
24 99
24 98
24 97
73 77
73 94
75 76
75 84
75 96
86 95
22 92