69 67 66 70 62 65 71 60 72 59 73 58 74 57 77 55 79 54 80 52 82 51 83 48 84 47 49 85 45 50 87 44 38 88 43 37 89 42 36 39 92 34 94 33 95 31 98 30 28 29 27 26 24 23 22 20 19 16 14 18 12 10 7 3 1 32 40 41 53 56 61 63 68 75 76 8 25 90 97 6 35 46 64 78
69 67
69 70
67 62
67 68
67 66
70 71
62 60
62 65
71 72
60 59
60 61
72 73
59 58
73 74
58 56
74 75
74 76
57 55
77 79
77 76
55 54
55 56
79 80
79 78
54 52
80 82
52 51
82 83
51 48
51 53
83 84
48 49
48 47
84 85
47 46
85 87
45 44
50 38
87 88
44 43
44 46
38 37
88 89
43 42
37 39
37 35
89 90
42 40
36 34
39 40
92 94
92 90
34 33
34 35
94 95
33 31
95 97
31 30
31 32
98 97
30 29
28 27
29 26
27 26
26 25
24 23
24 25
23 22
22 20
20 19
19 16
16 14
16 18
14 12
12 10
10 8
7 3
7 8
7 6
3 1
40 41
61 63
63 64