0 19 25 26 27 20 8 28 2 11 7 31 32 33 3 34 35 36 4 9 10 13 37 39 5 42 6 43 44 45 46 47 48 21 49 51 54 14 55 57 59 60 61 62 16 64 68 72 18 73 17 23 78 22 79 81 82 83 85 87 88 90 91 93 94 95 96 97 99
0 25
0 27
0 26
19 82
25 54
25 35
25 62
26 42
26 73
26 79
20 87
8 51
8 49
28 46
2 33
2 32
2 31
11 59
7 46
7 48
7 47
31 35
31 44
32 61
33 59
3 34
3 35
3 36
35 47
35 95
36 39
4 39
9 54
10 55
10 57
13 64
37 39
5 42
42 81
6 45
6 44
6 43
44 88
47 55
47 85
48 68
48 91
21 88
21 90
51 96
14 68
55 60
60 83
61 64
16 73
72 85
18 79
17 78
23 96
23 95
23 94
78 90
22 93
22 91
82 94
85 97
87 95
93 99