1 0 5 6 8 2 4 17 10 71 3 7 19 32 11 12 23 54 39 91 21 36 9 15 25 42 64 72 24 26 37 41 22 49 14 18 20 69 35 68 84 28 65 31 29 45 63 67 46 75 13 16 27 40 48 50 55 56 70 82 83 86 96
1 0
1 5
1 6
1 8
1 40
1 48
1 82
0 2
0 4
0 17
5 10
8 71
2 3
2 7
2 19
2 32
2 55
2 70
4 11
4 12
4 23
4 54
17 39
17 86
10 91
3 21
3 36
3 13
7 9
7 15
7 25
7 42
19 96
32 64
32 72
11 24
23 26
23 37
39 41
21 22
21 49
9 14
9 18
9 16
15 20
25 83
42 56
64 69
24 35
26 68
26 84
22 28
49 65
14 31
14 50
14 27
18 29
20 45
35 63
65 67
45 46
46 75