0 11 6 25 1 28 30 2 14 24 31 32 33 3 17 34 35 36 21 23 39 5 18 40 41 42 43 7 10 46 15 13 19 51 9 22 52 53 54 55 56 57 20 59 60 65 67 68 69 70 71 72 75 76 77 78 79 80 81 82 85 88 89 90 92 96 99
0 25
11 59
6 43
25 52
1 30
1 28
28 79
30 99
2 32
2 31
2 33
14 69
14 67
14 68
24 99
32 78
32 96
32 43
33 39
3 35
3 34
17 78
17 76
17 77
35 59
35 69
36 54
21 90
21 88
23 96
5 41
5 40
18 79
18 80
18 81
40 68
41 85
42 60
42 67
43 46
7 46
10 55
10 56
10 57
15 71
15 72
13 65
19 82
51 90
9 53
9 54
9 52
22 92
54 70
54 82
54 78
56 78
20 85
59 75
65 67
69 78
72 78
77 92
78 79
81 88
89 92