61 85 31 95 23 72 51 40 68 47 73 9 1 12 42 11 57 71 20 46 67 43 27 8 59 44 39 92 82 35 83 49 84 62 96 98 81 69 94 10 0 15 65 77 70 22 48 88 3 25 38 32 17 21 80 76 60 4 86 5 30 75 45 97 56 7 89 87 99 36
61 85
61 31
61 95
61 89
85 23
85 51
85 72
31 40
31 68
31 47
31 73
95 9
23 1
23 12
23 42
23 30
23 76
72 11
72 57
72 99
51 71
51 87
40 20
40 46
40 36
68 67
68 43
68 75
47 60
73 27
9 8
9 59
1 44
1 39
1 4
1 45
12 92
12 82
42 86
11 35
57 7
71 56
71 97
20 83
20 49
20 80
46 84
43 62
8 96
44 98
44 81
39 69
39 94
39 5
92 10
92 0
82 15
83 65
83 77
83 70
84 22
69 48
10 88
0 3
22 25
88 38
88 32
3 17
32 21