0 49 84 29 1 15 86 2 74 76 44 10 52 5 53 35 7 41 58 46 9 78 81 11 65 12 37 16 54 83 18 19 79 20 21 31 62 75 25 28 61 33 90 67 91 92 63 68 48 56 72 57 66 60 77 64 73 87 85
0 84
0 31
0 49
49 46
29 73
1 15
1 62
86 83
2 41
2 76
2 83
74 65
76 62
44 65
44 21
44 77
10 81
52 73
52 91
5 18
5 67
53 25
35 91
35 75
7 9
58 18
46 20
9 67
78 83
81 72
11 65
65 25
65 56
12 37
37 16
16 83
16 87
16 54
54 68
83 90
18 73
19 79
19 21
79 33
21 31
21 68
75 85
25 63
28 63
61 92
61 77
90 66
68 73
68 48
56 72
72 64
57 73
60 77