10 24 27 1 16 23 29 30 2 6 18 31 32 33 13 34 35 4 37 38 39 5 9 42 17 43 46 48 50 53 55 56 11 15 58 59 60 62 64 14 68 22 70 71 72 73 74 76 77 79 80 19 20 82 84 86 89 91 94 95 96 97 98
10 56
10 55
24 97
24 98
27 74
1 30
1 29
16 73
16 74
23 94
23 96
23 95
29 89
29 71
2 31
2 33
6 43
18 79
18 80
31 96
32 58
32 96
32 48
13 64
34 82
35 39
4 38
4 37
4 39
38 42
38 95
38 68
38 82
5 42
9 53
17 77
17 76
43 97
46 94
46 55
50 82
53 91
11 59
11 60
15 70
15 71
15 72
60 96
62 70
64 72
14 68
22 91
71 77
71 94
73 95
80 94
80 86
19 84
19 82
20 86
91 96
96 97