1 5 4 6 9 3 21 2 94 92 93 86 7 8 12 88 10 11 13 55 15 16 17 19 20 35 42 22 52 23 24 71 25 87 26 91 27 28 29 30 31 32 34 83 38 39 48 51 79 80 49 53 54 62 56 57 84 60 61 63 78 67 69 77 73 75 85 74 90 66 81
1 29
1 62
1 4
1 49
1 5
1 79
1 80
5 9
4 2
6 93
6 74
9 28
9 88
9 54
3 21
3 2
21 42
2 12
2 69
2 94
94 92
94 30
94 23
92 51
92 15
93 86
86 19
7 8
7 38
7 66
8 12
12 11
10 11
10 31
11 52
11 39
13 91
55 62
15 85
16 78
16 17
17 24
19 61
19 20
20 35
35 34
22 48
22 27
22 52
22 73
22 56
52 67
23 32
24 25
24 26
24 71
71 74
25 87
26 91
91 29
31 57
32 63
32 81
83 84
38 90
53 54
84 85
60 61
77 75
75 85