40 44 36 45 71 26 48 57 0 3 72 25 50 1 2 4 6 7 9 18 73 22 60 19 74 23 61 81 75 62 90 76 63 91 77 64 78 65 79 66 67 68 69 5 8 10 11 12 13 14 15 16 17 27 28 29 30 31 32 33 34 35 37 51 52 53 54 55 56 58 59 84 88 89
40 44
44 71
44 45
36 26
36 37
45 48
71 57
71 3
71 72
71 5
71 0
26 25
57 50
0 1
0 2
0 4
0 6
0 7
0 9
0 18
0 8
0 10
3 13
72 73
25 50
25 22
25 35
25 30
25 28
25 29
25 31
25 32
25 27
25 34
25 33
50 60
50 51
50 55
50 58
50 56
50 59
50 53
50 52
50 54
1 11
2 12
4 14
6 15
7 16
9 17
18 19
73 74
22 23
60 61
60 81
74 75
61 62
81 90
81 89
81 84
81 88
75 76
62 63
90 91
76 77
63 64
77 78
64 65
78 79
65 66
66 67
67 68
68 69