84 83 92 85 68 70 75 82 88 24 89 71 2 27 60 97 74 22 14 38 57 0 18 25 96 13 15 37 39 47 55 5 19 20 28 29 12 36 40 46 50 44 34 42 1 6 7 8 9 10 16 17 21 23 3 26 30 31 32 33 35 41 43 45 48 64 79 95 98 99 4 11 49 58 72 73 86
84 83
84 92
84 99
84 86
83 85
85 82
68 2
70 27
70 71
75 60
75 79
82 79
88 97
88 74
88 89
24 38
24 22
89 57
71 79
2 0
2 18
27 25
97 96
74 64
74 72
22 23
22 21
14 13
14 23
38 37
38 47
57 55
0 1
0 4
18 16
18 17
18 19
25 10
25 20
25 28
25 26
96 98
15 7
15 16
39 40
47 46
55 50
55 58
5 7
19 44
19 20
20 3
20 21
29 32
12 10
36 34
40 42
46 48
44 45
34 33
34 42
42 43
42 41
42 45
1 98
6 7
7 8
8 11
9 10
30 32
31 32
32 35
33 35
45 49
64 73
95 99