45 37 12 29 68 25 77 23 58 39 27 44 96 56 52 33 95 79 19 49 1 82 83 69 61 20 99 67 53 32 94 31 63 64 9 87 72 3 11 13 21 26 98 59 35 50 93 48 14 5 92 91 71 16 73 30 51 8 86
45 25
37 49
12 27
29 13
29 79
29 92
29 52
68 63
25 51
25 48
77 58
77 79
23 3
58 73
39 56
39 1
39 30
27 91
44 72
96 63
96 26
56 59
52 61
52 93
33 91
95 13
95 64
95 11
95 99
95 82
95 49
95 63
79 19
19 14
49 87
82 86
83 64
69 91
61 53
20 99
67 31
67 9
53 16
32 64
94 64
31 50
31 35
31 63
72 92
72 3
11 48
11 71
13 30
21 50
98 35
35 5
48 8
48 91