2 9 10 21 19 14 17 18 49 48 47 31 46 30 32 25 39 29 38 40 74 73 72 56 71 55 57 70 58 50 64 51 69 54 63 65 68 60 99 98 97 81 96 80 82 95 75 89 76 94 79 88 90 93 85 13 15 16 20 37 41 52 53 59 61 62 66 67 5 24 26 36 1 42 35
2 9
2 1
9 10
10 19
21 20
19 18
19 20
14 13
14 15
14 5
17 16
17 18
18 49
49 48
48 31
48 47
47 46
31 30
31 32
30 25
30 39
25 29
25 26
39 38
39 40
38 37
40 74
40 41
74 73
73 56
73 72
72 71
56 55
56 57
71 58
71 70
55 64
55 50
57 51
70 69
50 54
64 63
64 65
51 52
69 68
69 60
63 62
65 99
65 66
99 98
98 81
98 97
97 96
81 80
81 82
96 95
80 75
80 89
82 76
95 94
75 79
89 88
89 90
94 85
94 93
15 16
15 24
37 36
37 42
52 59
52 53
61 62
62 67
36 35