0 1 2 3 4 5 6 7 8 9 10 11 12 13 14 15 16 18 26 27 24 30 31 32 28 29 19 20 21 22 23 34 35 36 37 89 90 41 42 48 49 50 53 54 56 57 60 45 61 65 69 72 76 85 86 78 80 84 93 83 96 99 38 64 73
0 1
1 72
1 2
1 99
2 3
3 4
4 90
4 57
4 20
4 5
5 6
6 7
6 78
7 8
8 9
9 10
9 85
10 28
10 11
11 12
12 13
13 14
14 15
15 16
18 19
26 27
27 28
24 23
30 29
30 31
31 60
31 48
31 32
32 54
28 23
28 29
29 76
19 20
20 21
21 22
23 96
34 78
34 80
34 35
35 36
36 37
37 38
89 84
41 42
42 76
48 49
49 50
53 54
56 57
56 45
56 93
60 61
45 65
65 64
69 72
72 73
85 84
85 86
84 83