0 34 43 1 35 2 36 45 3 37 46 38 41 47 5 31 39 42 6 32 49 33 8 53 11 54 55 56 51 57 15 58 59 17 20 63 64 22 65 23 60 66 24 25 68 26 69 28 73 75 76 71 77 83 84 80 86 88 96 91 97 92
0 34
34 8
34 77
34 71
34 60
34 68
43 17
43 77
43 6
43 86
1 35
35 69
2 36
2 45
36 73
45 11
3 37
37 63
46 83
38 75
38 64
41 75
41 15
47 84
5 31
5 42
31 65
39 65
39 76
6 32
6 49
32 75
32 66
33 76
53 96
11 54
54 17
54 28
54 91
54 88
54 80
54 20
55 92
56 22
51 25
57 23
57 83
15 58
58 84
58 24
59 96
59 25
20 63
63 26
63 97
22 65
65 91
23 60
66 92
25 68
26 69