0 39 45 59 76 1 66 84 86 2 24 3 88 5 61 65 6 47 72 9 57 92 10 53 96 11 25 36 80 13 91 14 15 63 16 87 18 75 89 70 50 69 77 28 35 79 64 30 58 82 40 52 37 93 38 56 83 99 60 78
0 39
39 50
45 59
45 3
59 5
76 82
1 84
66 93
84 92
86 61
2 24
24 18
88 77
5 61
61 25
61 6
61 75
65 53
65 35
65 80
6 72
47 14
9 57
9 92
57 14
57 99
92 10
10 96
53 69
53 58
96 50
96 70
11 25
25 77
25 50
25 69
36 13
36 79
13 91
15 63
63 30
16 87
87 60
87 52
18 75
89 50
70 56
50 79
77 83
77 28
77 38
64 37
30 82
30 58
40 56
52 38
52 78
37 93
93 38