0 10 13 25 26 27 1 19 28 30 2 9 3 34 4 21 7 38 41 6 16 43 44 45 20 46 8 11 49 51 17 52 56 12 59 60 61 62 18 64 65 66 14 15 67 68 69 72 74 76 80 81 83 23 87 88 89 90 93 24 95 97
0 27
0 25
10 56
13 66
13 64
13 65
13 2
25 44
25 56
26 28
1 28
19 83
28 66
30 90
9 52
3 34
34 62
4 38
21 89
21 88
21 90
7 46
38 88
41 81
6 45
6 44
6 43
16 74
44 51
44 66
45 97
20 87
46 90
8 49
8 51
11 60
11 59
49 52
17 76
12 62
59 69
61 90
62 64
18 80
18 81
64 69
65 81
66 90
66 76
14 68
14 67
14 69
15 72
68 74
69 95
69 72
76 93
81 83
23 95
87 95
24 97