56 52 57 53 54 61 62 50 51 60 66 63 48 49 69 46 47 73 42 44 75 76 39 78 79 34 35 82 30 33 36 86 87 26 27 85 91 88 92 23 24 94 96 16 17 11 12 7 13 3 4 15 20 22 29 31 41 43 45 55 58 59 65 68 70 81 28 32 38 40 37 67
56 57
52 53
57 53
57 54
57 61
57 62
57 58
53 50
54 51
54 55
61 60
61 66
61 65
62 63
62 67
50 48
60 59
66 69
66 70
63 68
48 46
49 47
69 73
46 42
46 43
47 45
73 75
42 39
44 45
75 78
76 79
39 34
78 82
79 82
34 30
34 33
35 30
35 36
35 40
82 86
82 87
82 81
30 26
30 29
30 31
30 27
33 38
33 32
36 41
86 85
86 91
87 88
87 92
26 23
27 24
91 94
92 96
23 20
24 22
16 11
16 20
17 12
17 22
11 15
12 7
12 13
7 3
7 4
31 28
41 37
45 40