2 3 4 10 12 13 16 6 7 15 18 21 27 25 19 32 22 33 20 24 34 35 39 41 38 44 45 46 51 47 49 50 52 61 53 55 59 57 58 65 64 67 73 70 72 71 76 77 81 88 79 85 89 86 91 99 90 93 96 97
2 3
3 4
4 13
10 6
10 13
12 16
12 13
13 21
6 7
15 27
15 25
18 19
18 32
21 20
25 24
19 33
19 22
19 20
22 24
33 34
33 35
34 39
35 41
39 38
41 44
44 45
45 51
45 46
46 47
51 49
49 50
50 52
52 55
52 53
52 61
55 59
59 65
59 58
57 58
65 64
65 67
67 73
73 72
73 77
70 71
70 76
71 77
76 81
77 88
77 79
88 89
88 85
89 86
89 99
86 91
91 90
99 97
90 93
96 97