89 97 92 99 83 85 69 78 76 17 1 53 2 3 16 55 56 57 14 18 20 29 30 31 32 33 34 35 36 37 38 39 40 19 5 95 91 96 0 4 8 15 12 11 6 13 7 9 10 21 22 23 24 25 26 27 28 50 58 59 64 51 61 62 52 54 63 65 79 66 67 68 70 71 72 73 74 75 77 80
89 92
89 80
97 99
92 83
92 91
99 85
85 69
85 91
85 96
69 79
78 76
78 66
78 79
78 72
78 74
78 73
78 70
78 71
78 65
76 17
17 1
17 53
17 13
1 2
1 3
1 16
1 8
53 55
53 58
2 18
2 15
3 20
3 11
3 0
3 14
55 63
55 51
55 61
56 50
56 57
56 59
56 54
14 9
18 10
20 29
20 26
20 27
29 30
29 23
30 31
31 32
32 33
33 34
34 35
35 36
36 37
37 38
38 39
39 40
19 4
5 7
95 96
4 6
4 13
12 13
6 7
21 26
22 23
23 28
24 28
25 26
50 58
58 52
58 64
62 63
79 67
79 68
79 77
79 75