89 86 96 98 83 1 2 80 5 7 8 74 9 11 71 12 13 14 68 16 17 65 20 62 22 23 59 24 26 56 27 28 29 53 30 31 32 50 33 34 36 37 38 44 39 40 41 42 43 45 46 48 49 51 54 57 58 60 63 64 66 67 69 72 75 76 78 82 84
89 86
86 83
96 98
98 2
98 1
83 82
2 5
80 78
80 82
5 7
7 8
8 9
74 71
74 76
74 72
74 75
9 12
11 14
11 13
71 69
12 13
14 17
68 66
68 69
68 67
16 17
17 20
65 67
20 22
62 63
62 64
62 60
22 23
22 24
23 26
59 56
26 27
56 58
56 54
27 29
27 28
29 31
53 54
53 51
30 31
31 33
32 33
50 48
33 34
34 36
36 39
37 38
38 41
38 39
44 43
40 43
40 42
41 42
43 45
45 46
45 48
48 49
48 51
54 57
57 60
64 66
75 78
82 84