0 1 2 3 10 12 13 4 11 5 6 7 8 9 19 14 15 28 18 20 21 17 16 44 45 22 23 24 26 27 25 29 30 36 31 32 33 34 35 38 39 50 40 41 42 46 47 48 51 56 49 57 72 52 54 64 61 60 71 58 59 70 69 86 73 74 77 76 75 82 87 80 81 83 84 88
0 3
0 1
1 12
2 13
3 4
3 11
3 10
10 13
12 17
13 16
13 14
11 20
11 18
11 21
5 6
6 8
7 8
8 14
8 9
8 28
9 19
19 44
19 45
14 15
28 30
20 22
22 23
23 26
23 27
23 24
24 25
29 30
30 33
30 35
30 34
30 31
36 35
32 34
35 39
35 50
38 41
38 40
38 39
50 72
50 49
50 42
46 47
47 48
47 51
47 56
48 49
51 52
56 60
49 57
57 58
72 74
72 71
52 54
54 64
61 60
71 70
58 59
70 69
70 73
86 87
73 77
74 76
76 87
76 75
75 82
82 81
82 83
87 88
80 81
83 84