39 32 46 26 44 41 13 33 31 37 95 34 52 20 12 96 29 54 55 14 15 6 91 22 49 58 56 87 9 92 63 84 4 60 83 61 64 80 62 68 67 98 86 73 82 90 76 81 0 1 7 3 5 10 11 18 19 21 23 17 16 24 25 35 28 27 30 36 42 43 40 47 48 45 51 50 53 57 75 74 77 97 79 88
39 46
32 26
46 47
46 45
26 33
26 13
26 31
44 37
44 95
41 34
41 52
41 40
13 12
13 20
31 24
37 36
95 96
34 29
20 15
20 14
12 6
12 19
12 18
96 91
29 22
29 50
29 35
29 51
54 51
54 58
54 49
55 87
14 9
15 21
6 0
6 1
6 7
91 87
91 92
22 21
22 23
22 17
58 57
58 75
56 50
56 63
56 53
87 84
9 4
92 97
63 60
84 83
4 3
60 61
83 80
61 62
61 64
64 68
64 67
80 88
80 79
62 98
98 74
98 86
86 82
86 90
73 76
82 81
76 77
81 77
5 10
10 11
11 16
17 16
24 30
24 25
35 28
28 27
30 36
36 42
36 43
40 47
47 48