0 1 4 6 8 9 10 11 12 13 14 15 16 18 19 23 24 29 32 33 37 39 40 41 42 43 44 45 46 47 49 50 51 56 60 61 63 69 70 71 72 73 74 75 77 78 79 81 82 84 88 89 90 92 93 94 95 96 97 98 99
0 75
0 1
0 63
1 45
4 49
6 95
8 9
9 10
9 82
10 46
10 69
10 11
11 12
12 56
13 14
14 15
15 47
15 16
18 51
18 50
18 19
23 24
24 89
29 37
32 33
33 71
33 45
37 73
39 44
39 84
40 41
41 69
42 73
43 77
43 44
44 45
45 46
46 47
46 94
47 49
49 50
60 61
61 96
69 70
71 79
72 95
72 73
73 74
74 81
78 79
88 89
89 90
89 94
92 93
93 94
94 95
95 96
96 97
97 98
98 99