10 6 3 13 8 24 5 39 14 35 38 19 27 85 63 16 46 15 17 77 20 28 84 67 23 47 44 65 36 43 66 25 26 53 57 64 72 55 52 33 78 45 68 56 41 4 7 9 12 18 22 32 48 49 54 58 59 60 61 80 86 88 90 92 97 99 40
10 6
6 8
6 24
6 9
6 7
6 22
3 4
13 14
8 38
24 27
24 85
5 16
39 54
14 15
14 17
14 77
35 61
19 20
19 18
27 28
85 84
63 67
63 60
16 47
16 12
16 61
16 18
46 49
46 23
46 60
15 32
15 88
17 36
17 18
77 84
77 86
20 43
84 66
84 92
23 25
23 26
23 48
47 53
44 57
44 54
44 40
65 72
65 48
36 55
43 52
43 59
66 78
66 80
25 45
25 64
25 33
64 68
52 56
33 41
33 78
33 90
33 58
33 99
33 40
78 97
4 9