2 3 5 6 9 12 14 17 18 19 20 21 22 25 26 27 29 30 31 32 33 34 35 38 39 40 41 42 43 44 47 48 49 50 51 52 54 58 59 60 62 66 67 68 69 70 73 74 75 76 77 78 79 81 82 83 84 88 90 92 93 95 96 98
2 3
3 6
5 9
6 9
9 14
12 18
14 20
17 18
18 25
19 26
20 21
20 26
22 30
25 33
26 33
26 27
29 30
30 39
31 39
32 41
33 41
34 35
34 42
38 47
38 39
39 48
39 40
40 49
40 41
40 50
41 51
41 42
42 43
42 52
43 44
44 54
49 59
49 58
50 60
52 62
58 66
59 67
59 68
66 74
68 69
68 75
68 76
69 70
69 77
73 74
75 82
75 81
76 83
77 78
77 84
78 79
83 88
84 90
88 93
88 92
92 95
92 96
95 98