0 22 27 1 12 14 7 28 29 30 2 6 31 32 16 24 35 4 21 38 5 41 42 43 44 45 46 47 48 8 50 51 10 52 17 55 56 11 18 60 62 13 64 65 66 67 19 75 76 77 78 79 81 82 83 84 87 90 93 94 96 99
0 27
22 93
27 83
1 28
1 30
12 62
14 67
7 48
7 46
7 47
28 32
28 60
29 47
29 42
30 56
30 45
30 47
30 96
2 32
6 44
6 43
31 43
16 75
24 99
35 83
4 38
21 90
38 77
5 42
5 41
43 76
46 90
46 75
46 65
46 79
46 84
47 76
48 99
8 50
50 77
51 77
10 56
52 82
17 77
17 76
17 78
55 78
11 60
18 79
62 78
13 66
13 64
13 65
67 75
19 82
19 83
19 84
78 87
81 99
93 99
94 99