1 2 3 18 6 8 10 12 11 17 71 14 16 19 20 21 22 55 23 30 29 25 28 24 26 27 32 31 54 33 34 35 36 37 38 40 39 48 41 43 47 50 52 51 56 57 58 59 75 61 60 74 62 73 70 69 76 68 66 65
1 2
2 3
3 18
18 17
6 8
8 12
10 14
10 17
12 11
11 16
17 71
14 16
16 19
19 20
20 21
21 22
22 23
22 30
55 57
23 28
23 25
30 29
30 31
29 32
25 24
28 26
27 32
32 33
31 54
54 56
33 34
33 36
33 35
36 37
37 38
38 40
40 39
40 41
40 48
48 50
48 47
41 43
50 52
52 51
56 57
56 65
57 58
58 61
58 59
59 75
61 60
61 70
60 73
60 74
62 73
70 76
70 69
68 65
66 65