68 44 0 2 25 24 62 65 66 67 69 71 72 73 74 75 76 77 78 79 81 82 83 84 87 88 89 91 94 95 96 97 98 99 22 9 41 14 16 20 39 50 58 11 37 47 70 86 93 42 64 80 90 92 36 43 15 23 54 32 35 13
68 0
44 93
0 78
0 95
0 75
0 69
0 86
0 64
0 77
0 83
0 71
0 74
0 80
0 82
0 76
0 79
0 65
0 24
0 87
0 93
0 73
0 84
0 25
0 92
0 62
0 89
0 66
0 2
0 96
0 98
0 91
0 94
0 72
0 97
0 70
0 90
0 67
0 99
0 81
0 88
2 43
25 9
24 54
24 32
24 35
24 41
71 13
72 14
74 16
77 20
88 36
89 39
91 42
97 50
22 42
9 58
9 11
41 37
41 15
39 47
23 54