0 57 74 75 76 77 78 79 80 81 82 83 84 85 86 87 88 89 90 91 92 93 94 95 96 97 98 99 1 2 58 24 4 61 45 5 72 71 23 8 9 10 27 43 12 19 13 32 34 70 16 37 40 18 31 20 26 29 30 44 67 54 53
0 99
0 86
0 89
0 77
0 92
0 83
0 98
0 85
0 76
0 93
0 90
0 57
0 78
0 81
0 75
0 95
0 96
0 94
0 74
0 79
0 80
0 91
0 97
0 82
0 84
0 87
0 88
57 26
57 31
74 1
75 2
77 4
80 8
81 9
84 13
87 16
90 19
94 23
97 27
98 29
2 58
2 24
24 10
4 45
4 61
61 44
45 54
5 72
72 12
71 70
43 40
12 19
13 32
13 70
13 34
34 67
16 37
37 30
40 31
40 20
18 31
67 53