0 26 27 1 16 30 2 33 3 34 35 36 4 11 37 38 39 40 41 6 14 43 44 21 46 8 13 49 52 10 22 19 55 56 57 12 58 59 60 17 62 20 65 68 15 72 73 74 75 76 78 80 83 84 87 88 89 90 91 93 95 97 99
0 26
0 27
27 73
1 30
16 73
16 74
16 75
30 36
2 33
33 35
3 36
3 34
3 35
34 95
35 97
36 75
4 39
4 38
4 37
11 58
11 60
39 83
39 75
39 99
40 93
41 80
41 90
6 44
14 68
43 52
44 68
21 90
21 88
21 89
46 91
8 49
13 65
49 56
52 83
10 57
10 56
22 93
22 91
19 84
19 83
55 74
56 75
12 62
58 87
58 65
59 74
60 74
17 78
17 76
62 93
20 87
68 72
68 73
15 72
75 88
78 89
88 93