3 4 5 6 7 8 9 10 11 15 16 17 18 19 20 21 22 23 24 25 26 27 28 29 31 32 33 34 35 36 37 38 41 42 45 46 50 51 55 56 57 58 59 60 61 62 63 64 65 66 67 68 69 70 71 72 73 74 75 76 77 78 79 80 82 83 84 85 88 89 90 92 95 96 97 98 99 54 14 49
3 4
4 5
4 88
5 67
6 7
6 64
7 8
8 9
9 10
10 92
10 11
15 16
15 14
16 17
17 18
18 23
19 20
20 60
20 21
21 22
22 23
23 24
25 26
26 71
26 27
27 28
28 29
31 32
32 84
32 33
33 72
34 35
34 60
35 36
36 37
37 38
41 82
41 42
42 51
45 90
45 46
50 90
50 49
55 56
55 54
56 57
57 58
58 59
59 60
60 61
60 66
61 72
61 62
62 63
63 64
65 66
67 68
67 77
68 69
69 70
70 71
71 72
72 99
72 73
73 74
74 75
76 77
77 78
78 79
79 80
82 83
83 84
84 85
88 89
89 90
95 96
96 97
97 98
98 99