8 4 10 5 23 12 27 21 7 6 33 34 36 2 3 40 41 20 42 26 43 44 0 45 46 17 47 51 52 53 55 56 58 61 62 64 66 67 28 38 68 11 70 71 73 14 77 79 35 80 81 82 83 87 88 89 91 92 95 97 99 59 74 94 18 15 49
8 67
8 10
8 4
4 45
10 89
10 51
5 83
5 18
23 56
23 12
23 33
12 43
27 21
21 94
7 34
6 64
34 97
36 83
36 2
2 68
2 61
3 53
3 92
40 80
40 91
41 77
41 20
42 55
42 26
26 62
44 68
44 95
44 0
0 53
45 82
46 17
17 52
47 77
47 94
51 87
52 70
55 56
56 49
58 92
62 64
64 79
66 74
67 28
67 38
28 70
38 73
68 11
11 87
11 88
70 99
71 95
73 91
14 74
14 80
77 89
79 81
35 81
81 89
87 97
59 94
15 49