10 7 5 32 8 92 24 1 96 73 6 39 52 34 70 23 17 44 85 86 16 3 38 2 67 98 74 13 63 93 53 22 20 47 57 97 75 65 69 46 81 58 83 30 27 51 54 82 12 9 4 15 18 21 19 29 35 49 28 89 71 88 60 84 90 11
10 92
10 8
10 32
7 1
7 96
7 32
5 1
5 73
5 12
5 11
32 52
32 29
8 35
92 70
92 34
92 71
24 23
24 86
1 16
1 39
1 4
6 67
6 18
39 63
39 38
39 15
34 27
70 93
23 51
23 30
23 90
23 89
17 67
17 44
85 88
16 53
16 18
3 22
3 20
3 2
2 13
2 47
2 4
67 57
98 97
98 60
74 75
74 28
74 11
13 21
63 65
63 54
63 84
93 69
22 46
20 82
47 81
57 58
58 83
30 29
54 60
12 9
21 19
49 28
89 88