0 32 34 38 36 68 69 70 71 72 73 74 75 76 77 78 79 80 81 82 84 85 86 87 88 89 91 92 93 94 95 96 97 98 30 2 43 4 6 7 20 12 23 28 15 59 60 18 35 57 26 25 54 44 31 42 51 64 65 52 58 19 22 83 90 99 14 11
0 70
0 34
0 38
0 36
0 68
0 69
0 73
0 79
0 80
0 81
0 82
0 84
0 85
0 86
0 87
0 92
0 96
0 74
0 75
0 76
0 77
0 78
0 97
0 95
0 72
0 99
0 98
0 32
0 88
0 83
0 94
0 89
0 71
0 91
0 90
38 25
38 64
38 65
38 7
36 51
36 42
36 18
36 93
36 6
36 31
76 11
78 14
81 19
82 20
84 22
85 23
86 26
87 30
92 35
30 44
30 2
43 51
4 19
12 23
12 28
28 54
15 59
59 57
60 51
57 22
57 52
64 58