6 73 25 17 8 27 89 32 47 54 3 19 87 83 61 92 50 0 38 56 62 37 4 77 96 39 10 74 86 97 24 69 70 28 58 40 82 41 9 42 36 81 63 34 26 31 93 60 7 20 23 68 52 33 75 64 48 88 49 11 90 21 1
6 19
6 74
73 48
73 52
25 33
17 64
17 27
8 32
8 23
27 37
89 92
47 86
47 74
54 36
3 48
3 69
87 77
87 36
87 93
87 38
83 33
83 20
83 68
61 88
61 92
92 68
92 42
50 82
0 74
0 56
38 11
62 81
62 28
62 4
37 34
4 36
96 93
39 52
10 81
74 97
97 52
97 9
97 26
97 7
24 28
70 11
58 40
40 49
82 75
41 9
36 64
36 7
36 21
63 49
63 23
26 31
60 90
7 90
7 49
68 64
75 64
21 1