0 1 2 3 5 6 12 13 14 7 11 16 18 19 15 26 25 27 28 30 31 35 38 39 32 36 41 43 44 40 53 50 51 52 55 56 63 64 57 61 66 68 69 65 76 75 77 80 81 88 89 91 93 78 4 17 34 33 29 42 46 47 60 58 59 54 67 71 72 99 85
0 1
1 2
1 3
2 5
2 6
2 4
5 14
5 13
6 7
12 13
12 11
13 16
13 18
13 19
14 15
11 17
15 26
15 34
26 27
26 28
26 25
25 33
27 30
27 31
27 29
28 35
30 39
30 38
31 32
35 36
38 41
38 43
38 44
39 40
36 42
41 47
41 46
40 53
53 60
53 51
50 51
50 58
50 59
51 52
52 55
52 56
52 54
55 63
55 64
56 57
63 66
63 68
63 69
64 65
61 60
61 67
66 71
66 72
65 99
65 76
76 75
76 77
76 78
77 80
77 81
80 88
80 89
88 91
88 93
78 85