0 25 27 26 85 65 32 11 60 29 47 20 13 2 73 71 1 9 54 52 12 61 48 63 31 33 21 66 35 94 91 23 43 7 99 53 16 15 84 3 37 22 24 97 6 41 10 46 50 8 14 69 70 19 79 75 58 72 77 18
0 25
0 27
0 26
27 85
27 65
27 32
85 20
65 13
32 2
32 47
32 73
32 71
11 60
60 29
60 47
29 1
47 52
47 7
47 99
47 53
2 31
2 33
2 21
73 16
71 15
71 84
9 54
9 52
12 61
61 48
61 63
48 7
48 50
63 41
31 66
33 35
33 94
33 91
66 43
35 3
94 23
91 37
91 22
43 6
7 10
7 46
99 24
16 75
15 72
15 70
84 19
84 79
24 97
50 8
14 69
69 70
79 18
58 72
72 77