0 25 37 9 53 70 18 81 72 4 1 29 30 28 39 8 50 51 49 71 78 97 20 85 61 45 41 2 31 32 33 36 38 15 91 96 11 58 63 12 62 83 16 73 94 23 95 80 47 22 6 5 66 40 42 68 13 14 44 43 98 7 46 21 88 92 56 19 93
0 25
25 37
37 4
9 53
53 70
70 15
18 81
81 72
72 15
4 39
4 38
1 29
1 30
1 28
29 39
39 45
39 41
8 50
8 51
8 49
50 71
51 78
49 97
71 31
71 38
71 15
71 61
20 85
85 61
61 12
61 83
45 6
41 5
41 66
2 31
2 32
2 33
31 36
38 91
38 96
91 47
91 22
96 23
11 58
58 63
63 12
12 62
83 56
83 19
16 73
73 94
94 23
23 95
95 80
47 7
22 93
22 92
6 44
6 43
5 40
5 42
66 13
42 68
68 14
44 98
7 46
21 88
88 92