8 67 10 4 28 38 89 51 45 82 77 81 87 5 83 18 36 23 56 12 33 55 49 43 27 21 94 47 59 7 34 97 6 64 62 79 2 68 61 44 11 3 53 92 0 58 40 80 91 14 73 41 20 42 26 95 71 46 17 52 70 99 15 66 74 88 35
8 67
8 10
8 4
67 28
67 38
10 89
10 51
4 45
28 70
38 73
89 77
89 81
51 87
45 82
77 41
77 47
81 79
81 35
87 97
87 11
5 83
5 18
83 36
36 2
23 56
23 12
23 33
56 55
56 49
12 43
55 42
49 15
27 21
21 94
94 47
94 59
7 34
34 97
6 64
64 62
64 79
62 26
2 68
2 61
68 44
68 11
44 95
44 0
11 88
3 53
3 92
53 0
92 58
40 80
40 91
80 14
91 73
14 74
41 20
42 26
95 71
46 17
17 52
52 70
70 99
66 74