0 81 78 69 66 83 94 77 98 72 71 85 88 80 82 70 93 76 87 30 95 92 75 86 89 96 68 74 91 4 79 40 97 67 90 84 73 99 8 12 9 32 42 39 20 36 7 48 29 46 56 63 38 57 49 60 22 2 61 31 6 11 15 59
0 81
0 78
0 69
0 66
0 83
0 94
0 77
0 98
0 72
0 71
0 85
0 88
0 80
0 82
0 70
0 93
0 76
0 87
0 30
0 95
0 92
0 75
0 86
0 89
0 96
0 68
0 74
0 91
0 4
0 79
0 40
0 97
0 67
0 90
0 84
0 73
0 99
69 8
71 12
70 9
30 32
95 42
92 39
75 20
89 36
68 7
4 48
4 29
97 46
42 60
39 57
39 49
20 38
48 56
48 63
46 22
38 11
57 2
57 61
61 31
31 6
11 15
11 59