81 88 9 62 63 13 93 53 50 32 55 0 59 33 67 1 68 21 47 97 82 26 54 87 34 75 2 6 86 28 18 4 22 24 79 90 16 49 44 40 27 41 95 35 58 65 70 56 73 10 23 39 61 37 96 71 43 77 89 5 12
81 88
88 9
9 93
9 53
62 63
63 13
13 1
13 54
93 68
93 21
93 1
93 47
93 97
50 32
50 55
32 0
0 82
0 21
0 26
59 33
59 67
33 1
1 87
1 34
1 75
68 16
68 44
68 40
68 27
21 43
47 89
87 2
87 86
87 28
87 18
87 4
34 70
34 56
34 73
34 10
75 23
75 39
2 6
6 22
28 24
28 79
18 90
24 5
24 12
90 58
16 49
44 41
44 95
40 35
41 65
56 61
56 96
73 71
61 37
43 77