15 72 70 48 26 56 39 50 27 57 49 17 78 76 47 91 62 18 80 55 30 96 23 2 32 84 19 82 83 34 40 46 3 44 10 52 37 53 9 5 41 42 90 21 7 69 60 8 14 11 85 98 51 73 58 59 64 20 24 65 68 94 22
15 72
15 70
70 48
48 7
48 69
48 60
26 56
56 39
56 50
50 46
50 8
27 57
57 49
49 8
17 78
17 76
78 47
78 91
76 62
47 96
47 7
47 52
91 22
18 80
80 55
55 10
55 52
30 96
96 23
23 94
2 32
32 84
84 19
84 40
84 46
19 82
19 83
82 34
34 3
34 44
40 5
46 7
52 9
37 53
53 9
5 41
5 42
41 90
90 21
69 14
60 11
60 85
60 98
8 51
14 68
11 58
11 59
85 20
98 24
51 73
59 64
65 68