1 2 3 4 5 6 7 8 9 10 11 12 13 14 64 65 66 63 15 37 35 36 38 34 16 32 31 33 84 85 83 81 82 89 73 74 75 72 71 77 76 80 39 40 17 41 42 51 50 49 52 48 43 53 54 55 56 91 92 93 94 95 98 96 97 99 18 67 68 19 20 21 22 23 24 25 26 27 28 29
1 2
2 3
3 4
4 5
5 6
6 7
7 8
8 9
9 10
10 11
11 12
12 13
13 14
13 64
13 65
13 66
13 63
14 15
14 37
14 35
14 36
14 38
15 34
15 16
15 32
15 31
15 33
37 84
37 85
37 83
37 81
37 82
37 89
35 73
35 74
35 75
35 72
35 71
36 77
36 76
36 80
16 39
16 40
16 17
16 41
16 42
32 51
32 50
32 49
32 52
32 48
31 43
33 53
33 54
33 55
33 56
39 91
39 92
39 93
39 94
39 95
40 98
40 96
40 97
40 99
17 18
17 67
17 68
18 19
19 20
20 21
21 22
22 23
23 24
24 25
25 26
26 27
27 28
28 29