0 75 78 69 16 92 98 94 96 71 74 68 72 76 85 70 97 87 73 84 90 99 95 81 89 83 77 91 79 80 82 93 86 88 35 15 47 39 41 8 10 26 42 28 7 23 31 37 57 25 32 64 67 34 63 46 49 24 66 21 50 38
0 75
0 78
0 69
0 16
0 92
0 98
0 94
0 96
0 71
0 74
0 68
0 72
0 76
0 85
0 70
0 97
0 87
0 73
0 84
0 90
0 99
0 95
0 81
0 89
0 83
0 77
0 91
0 79
0 80
0 82
0 93
0 86
0 88
16 35
16 15
98 47
94 39
96 41
74 8
76 10
85 26
97 42
87 28
73 7
84 23
89 31
93 37
47 49
41 34
41 63
8 25
26 64
42 46
28 67
7 57
23 32
57 66
64 38
67 50
63 24
66 21