10 55 56 46 24 97 98 43 96 27 74 16 1 29 30 71 89 73 95 23 94 38 80 31 32 60 91 15 77 2 33 6 18 79 86 58 48 13 64 72 34 82 50 19 35 39 4 37 42 68 5 14 9 53 17 76 22 11 59 70 62 20 84
10 55
10 56
55 46
46 94
24 97
24 98
97 43
97 96
43 6
96 23
96 31
96 32
96 60
96 91
27 74
74 16
16 73
1 29
1 30
29 71
29 89
71 94
71 15
71 77
73 95
95 23
95 38
23 94
94 80
38 82
38 4
38 42
38 68
80 18
80 86
31 2
32 58
32 48
60 11
91 53
91 22
15 72
15 70
77 17
2 33
18 79
86 20
13 64
64 72
34 82
82 50
82 19
19 84
35 39
39 4
4 37
42 5
68 14
9 53
17 76
11 59
70 62