15 71 29 20 85 86 43 67 83 87 92 25 97 24 45 27 91 48 1 30 28 57 4 3 35 34 36 6 46 77 10 2 31 33 44 60 22 11 5 41 40 12 62 7 75 47 81 64 54 17 14 19 61 16 13 88 49 74 80 9 53 73 96 76
15 71
71 29
29 1
29 43
29 57
20 85
20 86
86 43
86 67
86 83
86 87
86 92
43 35
43 6
43 46
43 77
67 14
83 19
83 61
92 22
25 97
97 24
97 45
45 6
27 91
91 48
48 62
48 7
48 64
1 30
1 28
57 10
4 3
3 35
3 34
3 36
36 60
6 44
46 40
46 7
46 75
77 54
77 17
2 31
2 33
31 44
60 11
5 41
5 40
12 62
7 47
75 16
47 81
64 13
64 88
54 9
17 76
16 74
16 73
49 74
74 80
9 53
73 96