0 25 52 11 59 35 75 6 43 32 46 9 1 28 30 79 99 18 78 24 2 31 33 96 39 14 69 68 67 40 42 65 17 54 56 72 23 3 34 76 77 92 36 82 70 21 88 90 81 51 5 41 85 80 20 60 7 10 55 57 15 71 13 19 53 22 89
0 25
25 52
52 9
11 59
59 35
59 75
35 69
35 3
6 43
43 32
43 46
32 2
32 78
32 96
46 7
9 54
9 53
1 28
1 30
28 79
30 99
79 18
79 78
99 24
18 80
18 81
78 69
78 17
78 54
78 56
78 72
2 31
2 33
33 39
96 23
14 69
14 68
14 67
68 40
67 42
67 65
40 5
42 60
65 13
17 76
17 77
54 36
54 82
54 70
56 10
72 15
3 34
77 92
92 22
92 89
82 19
21 88
21 90
88 81
90 51
5 41
41 85
85 20
10 55
10 57
15 71