0 27 74 1 29 30 28 32 15 71 72 70 39 46 89 16 88 2 81 31 33 49 13 65 66 64 59 40 77 38 4 37 8 18 34 21 3 35 36 57 52 9 94 10 85 23 24 90 44 6 5 84 92 53 54 19 82 45 62 22 7 78 55 11
0 27
27 74
74 16
74 88
1 29
1 30
1 28
28 32
32 2
32 81
32 89
15 71
15 72
15 70
72 39
72 46
72 89
39 44
46 7
46 78
89 64
89 34
89 21
88 21
2 31
2 33
81 18
31 49
49 8
13 65
13 66
13 64
65 59
66 40
66 77
64 38
59 11
40 5
38 4
4 37
34 3
34 52
21 24
21 90
3 35
3 36
35 57
57 10
57 85
52 9
52 94
9 53
9 54
94 23
10 55
90 84
90 92
44 6
84 19
92 45
92 22
19 82
45 62