0 25 27 26 54 35 62 42 73 79 19 82 94 9 31 3 47 95 5 81 16 18 20 87 8 51 49 96 28 46 7 2 33 32 59 61 44 11 48 68 91 55 85 6 88 64 34 36 39 23 4 37 10 57 60 13 45 43 21 72 97 14 22 90 78 83 17 93 99
0 25
0 27
0 26
25 54
25 35
25 62
26 42
26 73
26 79
54 9
35 31
35 3
35 47
35 95
42 5
42 81
73 16
79 18
19 82
82 94
94 23
31 2
31 44
3 34
3 36
47 7
47 55
47 85
95 87
95 23
20 87
8 51
8 49
51 96
96 23
28 46
46 7
7 48
2 33
2 32
33 59
32 61
59 11
61 64
44 6
44 88
48 68
48 91
68 14
91 22
55 10
55 60
85 72
85 97
6 45
6 43
88 21
64 13
36 39
39 4
39 37
10 57
60 83
21 90
22 93
90 78
78 17
93 99