0 34 77 71 68 60 8 43 25 23 86 17 6 54 49 32 1 35 69 26 2 45 36 11 73 3 37 63 20 97 46 83 57 38 75 64 41 15 58 47 84 5 31 42 65 39 22 91 76 33 66 92 53 96 59 80 88 28 55 56 51 24
0 34
34 77
34 71
34 68
34 60
34 8
77 43
68 25
60 23
43 86
43 17
43 6
25 51
25 59
23 57
17 54
6 49
6 32
54 11
54 80
54 20
54 88
54 91
54 28
32 75
32 66
1 35
35 69
69 26
26 63
2 45
2 36
45 11
36 73
3 37
37 63
63 20
63 97
46 83
83 57
38 75
38 64
75 41
41 15
15 58
58 84
58 24
47 84
5 31
5 42
31 65
65 39
65 22
65 91
39 76
22 56
76 33
66 92
92 55
53 96
96 59