0 25 91 39 14 69 42 79 23 95 43 19 84 27 22 87 63 52 9 1 29 32 2 92 46 82 16 73 50 36 45 6 10 56 80 20 86 59 44 93 15 70 72 71 62 81 98 7 47 48 8 51 49 60 18 85 99 88 11 24 97 55 13 21
0 25
25 91
25 39
91 27
91 22
91 87
39 63
14 69
69 42
69 79
79 18
23 95
95 43
43 84
43 6
43 93
19 84
27 52
22 92
22 93
22 13
87 20
52 9
1 29
29 32
32 2
32 92
92 46
92 82
46 7
16 73
73 50
50 8
50 81
50 60
36 45
45 6
6 44
10 56
56 80
80 18
80 88
20 86
86 59
93 81
93 98
15 70
15 72
15 71
70 62
71 81
81 18
81 85
81 99
7 47
7 48
8 51
8 49
60 11
85 55
99 24
88 21
24 97