12 25 51 21 42 69 73 26 52 74 32 16 64 8 33 80 34 65 35 36 66 37 81 38 67 39 40 68 41 82 43 44 70 45 83 22 46 71 47 50 84 85 54 75 56 76 28 86 14 60 78 87 63 79 88 89 72 90 77 91 92 93 0 7 4 2
12 25
25 51
51 73
21 42
42 69
69 43
69 82
73 50
73 84
26 52
52 74
74 85
32 16
32 64
16 8
64 33
64 80
8 4
80 65
80 88
34 65
65 35
36 66
66 37
66 81
81 67
81 88
38 67
67 39
40 68
68 41
68 82
82 89
44 70
70 45
70 83
45 22
83 71
83 89
46 71
71 47
84 72
84 90
85 75
85 90
54 75
56 76
56 28
76 86
28 14
86 77
86 91
14 7
60 78
78 87
87 79
87 91
63 79
88 92
89 92
90 93
91 93
92 0
93 0
4 2