84 83 92 99 86 85 95 82 79 68 2 0 18 70 27 71 25 75 60 88 97 74 89 96 64 72 57 24 38 22 37 47 23 21 55 1 4 16 17 19 10 20 28 26 98 73 14 13 46 50 58 15 44 12 9 3 7 5 6 8 39 40 42 48 45 29 32 30 31 35 36 34 33 43 41 49 11
84 83
84 92
84 99
84 86
83 85
99 95
85 82
82 79
79 71
79 75
68 2
2 0
2 18
0 1
0 4
18 16
18 17
18 19
70 27
70 71
27 25
25 10
25 20
25 28
25 26
75 60
88 97
88 74
88 89
97 96
74 64
74 72
89 57
96 98
64 73
57 55
24 38
24 22
38 37
38 47
22 23
22 21
47 46
23 14
21 20
55 50
55 58
1 98
16 15
19 44
19 20
10 12
10 9
20 3
14 13
46 48
15 7
44 45
7 5
7 6
7 8
8 11
39 40
40 42
42 34
42 43
42 41
42 45
45 49
29 32
32 30
32 31
32 35
35 33
36 34
34 33