10 92 8 32 70 34 71 35 7 52 29 1 96 5 16 39 4 73 12 11 9 74 30 93 27 24 23 86 51 90 89 53 18 63 38 15 2 6 67 17 57 65 54 84 69 88 44 85 3 22 20 46 82 13 47 21 81 58 98 97 60 75 28 49 19 83
10 92
10 8
10 32
92 70
92 34
92 71
8 35
32 7
32 52
32 29
70 93
34 27
7 1
7 96
29 30
1 5
1 16
1 39
1 4
5 73
5 12
5 11
16 53
16 18
39 63
39 38
39 15
4 2
12 9
11 74
74 75
74 28
30 23
93 69
24 23
24 86
23 51
23 90
23 89
89 88
18 6
63 65
63 54
63 84
2 3
2 13
2 47
6 67
67 17
67 57
17 44
57 58
54 60
88 85
3 22
3 20
22 46
20 82
13 21
47 81
21 19
58 83
98 97
98 60
28 49