10 55 57 94 22 92 91 93 54 62 26 73 16 1 29 95 11 60 63 17 76 86 23 75 31 89 21 3 34 68 20 87 85 96 98 39 13 66 82 4 5 40 50 24 97 80 8 6 45 83 19 7 46 18 49 12 15 61 88 90 84 69 67 14
10 55
10 57
55 94
94 23
94 69
22 92
22 91
22 93
92 54
92 62
62 46
62 49
62 12
62 96
26 73
73 16
16 75
1 29
29 95
95 23
95 75
11 60
60 63
63 12
17 76
76 86
86 20
86 96
23 96
31 89
89 21
21 88
21 90
3 34
34 68
68 82
20 87
20 85
87 98
85 39
96 84
96 67
98 24
98 80
39 4
13 66
66 82
82 19
5 40
40 50
50 8
24 97
80 18
8 49
6 45
45 83
83 19
19 84
7 46
12 15
12 61
88 84
67 14