39 46 47 45 32 26 33 13 31 40 48 12 20 24 44 37 95 36 96 41 34 52 29 6 19 18 15 14 30 25 42 43 91 22 50 35 51 21 9 0 1 7 87 92 23 17 56 28 54 58 49 57 75 55 84 4 97 16 63 53 60 83 3 61 80 62 64 88 79 98 68 67 74 86 82 90 81 73 76 77 5 10 11 27
39 46
46 47
46 45
47 40
47 48
32 26
26 33
26 13
26 31
13 12
13 20
31 24
40 41
12 6
12 19
12 18
20 15
20 14
24 30
24 25
44 37
44 95
37 36
95 96
36 30
36 42
36 43
96 91
41 34
41 52
34 29
29 22
29 50
29 35
29 51
6 0
6 1
6 7
15 21
14 9
91 87
91 92
22 21
22 23
22 17
50 56
35 28
51 54
9 4
87 55
87 84
92 97
17 16
56 63
56 53
28 27
54 58
54 49
58 57
58 75
84 83
4 3
16 11
63 60
60 61
83 80
61 62
61 64
80 88
80 79
62 98
64 68
64 67
98 74
98 86
86 82
86 90
82 81
81 77
73 76
76 77
5 10
10 11