2 3 4 14 13 15 7 8 9 19 29 10 20 30 40 41 31 51 70 80 90 91 92 93 94 95 96 85 97 84 86 74 98 99 89 79 39 49 59 58 69 48 68 47 16 17 18 28 38 21 61 71 81 82 83 87 73 64 75 88 78 57 37 46 24 25 26 27 32 42 52 62 72 63 65 76 77 36 56 34 35 53
2 3
3 4
4 14
14 13
14 15
15 16
7 8
8 9
9 19
19 29
29 39
10 20
20 30
30 40
40 41
41 31
41 51
31 21
51 61
70 80
80 90
90 91
91 92
92 93
93 94
94 95
95 96
95 85
96 97
85 84
85 86
85 74
97 98
84 83
86 87
74 73
74 64
74 75
99 89
89 79
79 69
39 49
49 59
59 58
59 69
58 48
58 68
58 47
48 38
48 57
68 78
47 37
47 46
16 17
17 18
18 28
28 38
61 71
71 81
81 82
82 83
87 88
73 72
64 63
75 65
75 76
88 78
37 27
46 36
46 56
24 25
25 26
26 27
32 42
42 52
52 62
62 72
63 53
76 77
36 35
34 35