1 4 0 7 6 8 11 14 13 15 18 21 20 22 25 28 27 29 31 32 35 33 30 34 36 38 39 42 40 37 41 43 45 46 49 47 44 48 50 52 53 56 54 51 55 57 59 60 63 61 58 62 64 66 67 70 68 65 69 71 73 74 77 75 72 78 81 84 82 85 88 91 89 92 95 98 96
1 4
1 0
4 7
7 6
7 8
8 11
11 14
14 13
14 15
15 18
18 21
21 20
21 22
22 25
25 28
28 27
28 29
28 31
29 32
32 35
32 33
35 34
35 36
35 38
30 34
36 39
39 42
39 40
42 41
42 43
42 45
37 41
43 46
46 49
46 47
49 48
49 50
49 52
44 48
50 53
53 56
53 54
56 55
56 57
56 59
51 55
57 60
60 63
60 61
63 62
63 64
63 66
61 58
64 67
67 70
67 68
70 69
70 71
70 73
68 65
71 74
74 77
74 75
77 78
75 72
78 81
81 84
81 82
84 85
85 88
88 91
88 89
91 92
92 95
95 98
95 96