0 4 2 6 11 8 12 17 14 16 18 20 22 23 24 29 26 30 25 35 32 34 36 31 33 38 40 37 41 42 47 44 46 48 43 45 53 52 54 49 50 51 56 59 57 58 60 55 65 62 64 66 61 63 71 68 72 70 69 77 74 76 78 75 73 83 80 84 86 89 90 85 92 94
0 4
0 2
4 6
6 11
6 8
11 12
12 17
12 14
17 16
17 18
18 20
20 22
22 23
23 24
24 29
24 26
29 30
29 25
30 35
30 32
30 34
35 36
35 31
32 33
36 38
36 40
40 37
37 41
41 42
42 47
42 44
42 46
47 48
47 43
44 45
48 53
53 52
53 54
53 49
52 50
54 56
54 59
50 51
56 57
59 58
59 60
59 55
60 65
60 62
60 64
65 66
65 61
62 63
66 71
66 68
71 72
68 70
68 69
72 77
72 74
72 76
77 78
74 75
76 73
78 83
78 80
83 84
84 86
84 89
89 90
89 85
90 92
92 94