93 79 7 49 64 67 86 72 82 1 65 18 23 8 34 19 74 99 38 52 2 66 47 20 73 62 54 22 12 48 44 70 53 68 80 16 78 6 27 63 21 41 71 28 9 59 35 11 60 31 55 29 14 94 90 46 39 15 61 97 76
93 79
79 7
7 41
49 64
64 67
64 86
64 72
64 82
67 53
72 97
82 41
82 44
82 28
82 38
1 65
1 18
65 23
18 8
18 34
18 19
8 74
34 99
34 38
19 52
99 61
38 46
2 66
2 47
66 20
47 73
73 62
73 54
62 55
62 15
54 59
54 28
54 35
22 12
12 48
12 44
12 70
48 11
44 29
68 80
80 16
80 78
16 28
6 27
6 63
27 21
21 41
21 71
9 59
11 60
31 55
14 94
14 90
94 46
90 39
61 76