0 58 70 54 11 20 92 34 68 49 23 9 29 65 1 40 87 4 47 46 71 86 2 64 17 77 63 22 55 48 50 31 81 39 82 96 78 7 67 44 85 59 89 14 79 51 15 42 10 74 26 73 36 52 80 69 21 27 13 57 95 75 60 16 61 53 37 90 19 83 45 43
0 58
0 70
0 54
58 11
58 20
58 92
58 34
70 68
70 49
54 23
11 10
11 74
20 36
20 52
92 80
68 2
49 7
49 67
23 9
23 29
23 65
9 14
9 79
29 42
1 40
1 87
40 4
40 47
87 46
46 71
46 86
71 17
2 64
64 17
64 77
64 63
64 22
77 85
77 59
77 89
22 82
22 78
55 48
55 50
55 31
48 81
31 39
81 19
39 37
82 96
78 13
78 75
67 44
14 51
14 15
42 45
74 26
74 73
26 43
36 16
36 37
36 90
52 83
69 21
21 27
27 83
13 57
57 95
75 60
16 61
16 53