0 74 57 97 89 75 85 87 94 82 81 88 76 95 84 90 92 79 91 93 98 96 77 78 86 83 99 80 1 31 26 27 2 16 23 9 13 19 29 4 8 40 18 24 58 61 45 34 70 32 37 12 10 44 54 5 72 71 43 20 67 53 30
0 74
0 57
0 97
0 89
0 75
0 85
0 87
0 94
0 82
0 81
0 88
0 76
0 95
0 84
0 90
0 92
0 79
0 91
0 93
0 98
0 96
0 77
0 78
0 86
0 83
0 99
0 80
74 1
57 31
57 26
97 27
75 2
87 16
94 23
81 9
84 13
90 19
98 29
77 4
80 8
31 40
31 18
2 24
2 58
16 37
13 34
13 70
13 32
19 12
4 61
4 45
40 43
40 20
24 10
61 44
45 54
34 67
70 71
37 30
12 72
5 72
67 53