0 1 60 61 63 5 55 9 8 6 58 89 7 96 34 99 28 85 10 14 12 11 53 64 18 16 19 90 48 56 91 94 45 20 23 22 87 21 88 82 83 26 75 29 25 27 35 68 39 67 42 62 43 74 44 70 49 59 57 69 66 77 86 79 80 93 92
0 1
1 60
60 61
60 63
63 11
63 64
5 55
5 9
5 8
5 6
55 58
9 89
8 7
8 96
6 34
58 59
89 28
89 85
96 99
28 25
28 27
85 86
85 88
10 14
10 12
12 11
11 53
64 62
64 57
18 16
18 19
19 90
19 48
90 56
90 91
90 94
48 45
56 59
56 57
91 66
94 92
45 49
20 23
20 22
20 87
22 21
87 88
21 82
82 83
83 80
26 75
26 29
29 25
35 68
35 39
68 67
67 69
42 62
42 43
62 74
74 44
74 70
69 66
77 86
77 79
93 92