61 95 85 31 89 9 23 51 72 68 40 47 73 76 42 12 30 1 87 71 57 11 99 86 82 92 44 39 4 45 98 81 94 69 5 43 67 75 36 20 46 60 27 15 10 0 49 83 80 84 88 3 77 70 65 62 22 59 8 96 7 35 38 32 97 56 48 17 21 25
61 95
61 85
61 31
61 89
95 9
85 23
85 51
85 72
31 68
31 40
31 47
31 73
9 59
9 8
23 76
23 42
23 12
23 30
23 1
51 87
51 71
72 57
72 11
72 99
68 43
68 67
68 75
40 36
40 20
40 46
47 60
73 27
42 86
12 82
12 92
1 44
1 39
1 4
1 45
71 97
71 56
57 7
11 35
82 15
92 10
92 0
44 98
44 81
39 94
39 69
39 5
69 48
43 62
20 49
20 83
20 80
46 84
10 88
0 3
83 77
83 70
83 65
84 22
88 38
88 32
3 17
22 25
8 96
32 21