0 1 72 2 99 69 73 3 4 90 57 20 5 56 19 21 6 7 78 8 34 9 10 85 28 11 84 86 27 23 29 12 13 14 15 16 18 26 24 96 30 31 76 60 48 32 61 49 54 53 42 22 80 35 36 37 38 89 83 41 50 45 93 65 64
0 1
1 72
1 2
1 99
72 69
72 73
2 3
3 4
4 90
4 57
4 20
4 5
57 56
20 19
20 21
5 6
56 45
56 93
19 18
21 22
6 7
6 78
7 8
78 34
8 9
34 80
34 35
9 10
9 85
10 28
10 11
85 84
85 86
28 27
28 23
28 29
11 12
84 89
84 83
27 26
23 24
23 96
29 30
29 76
12 13
13 14
14 15
15 16
30 31
31 60
31 48
31 32
76 42
60 61
48 49
32 54
49 50
54 53
42 41
35 36
36 37
37 38
45 65
65 64