0 25 26 27 35 51 84 75 48 39 7 46 47 1 44 59 70 92 63 88 69 53 33 40 68 28 4 8 19 56 16 2 32 31 99 87 96 64 22 91 93 78 13 66 5 42 12 62 6 15 72 52 21 14 11 9 54 80 82 90 60
0 25
0 26
0 27
25 35
25 51
25 84
25 75
26 48
27 39
51 8
84 19
75 56
75 16
48 7
48 44
48 59
48 70
48 92
48 63
39 4
7 46
7 47
7 1
46 88
46 69
46 53
47 33
47 40
47 68
1 28
44 6
59 11
70 15
70 52
92 22
63 12
88 21
69 14
53 66
33 2
33 64
40 5
2 32
2 31
32 99
32 87
31 96
22 91
22 93
93 78
13 66
5 42
12 62
15 72
52 9
52 80
21 90
11 60
9 54
54 82