4 14 13 15 24 11 12 10 16 23 34 17 18 19 33 44 35 25 45 36 31 32 43 54 37 38 39 41 42 53 64 55 50 51 52 63 74 65 56 57 58 61 62 73 84 75 66 67 68 71 72 83 85 76 77 78 81 82 80 86 87 88 89
4 14
14 13
14 15
14 24
13 12
15 16
24 23
24 34
11 12
11 10
16 17
34 33
34 44
34 35
17 18
18 19
33 32
44 43
44 54
35 25
35 45
35 36
36 37
31 32
43 42
54 53
54 64
54 55
37 38
38 39
41 42
53 52
64 63
64 74
64 65
55 56
50 51
51 52
63 62
74 73
74 84
74 75
65 66
56 57
57 58
61 62
73 72
84 83
84 85
75 76
66 67
67 68
71 72
83 82
85 86
76 77
77 78
81 82
81 80
86 87
87 88
88 89