0 27 26 73 16 68 1 30 36 74 75 55 59 60 39 56 88 3 2 33 35 97 34 95 4 37 38 83 99 11 58 87 65 52 19 40 93 22 62 41 90 80 21 6 44 14 72 43 89 78 46 91 8 49 13 10 57 84 12 20 17 76 15
0 27
0 26
27 73
73 16
73 68
16 74
16 75
68 44
68 14
68 72
1 30
30 36
36 75
36 3
74 55
74 59
74 60
75 39
75 56
75 88
60 11
39 4
39 83
39 99
56 49
56 10
88 93
88 21
3 35
3 34
2 33
33 35
35 97
34 95
4 37
4 38
83 52
83 19
11 58
58 87
58 65
87 20
65 13
52 43
19 84
40 93
93 22
93 62
22 91
62 12
41 90
41 80
90 21
21 89
6 44
72 15
89 78
78 17
46 91
8 49
10 57
17 76