0 70 34 38 36 68 69 73 79 80 81 82 84 85 86 87 92 96 74 75 76 77 78 97 95 72 99 98 32 88 83 94 89 71 91 90 25 64 65 7 51 42 18 93 6 31 19 20 22 23 26 30 35 11 14 58 43 60 4 57 12 44 2 28 54 15 59 52
0 70
0 34
0 38
0 36
0 68
0 69
0 73
0 79
0 80
0 81
0 82
0 84
0 85
0 86
0 87
0 92
0 96
0 74
0 75
0 76
0 77
0 78
0 97
0 95
0 72
0 99
0 98
0 32
0 88
0 83
0 94
0 89
0 71
0 91
0 90
38 25
38 64
38 65
38 7
36 51
36 42
36 18
36 93
36 6
36 31
81 19
82 20
84 22
85 23
86 26
87 30
92 35
76 11
78 14
64 58
51 43
51 60
19 4
22 57
23 12
30 44
30 2
57 59
57 52
12 28
28 54
15 59