0 27 95 9 53 85 15 71 70 44 23 19 83 98 22 92 91 39 42 74 4 37 38 7 60 34 79 94 2 96 13 14 68 97 89 3 35 36 11 6 18 62 24 77 20 45 5 21 90 80 87 86 49 43 56 10 8 81 51 12 17
0 27
27 95
95 23
9 53
53 85
85 39
85 20
85 45
15 71
15 70
70 44
44 37
44 6
23 2
23 96
23 94
23 13
19 83
83 98
98 38
98 24
98 77
22 92
22 91
92 39
92 42
91 74
39 4
39 94
42 5
4 37
4 38
4 7
37 60
38 34
38 79
60 11
34 3
34 36
79 18
79 62
96 89
14 68
68 97
97 24
3 35
6 43
18 81
18 80
62 12
77 17
20 87
20 86
45 56
21 90
90 80
86 49
49 8
56 10
81 51