1 98 2 97 3 6 7 96 8 11 12 13 16 17 18 21 22 27 28 31 32 33 36 37 38 41 42 43 46 47 48 51 52 53 56 57 55 58 59 61 62 60 63 64 66 67 65 68 69 71 72 70 73 74 76 75 77 79 78 81 80 82 84 83 86 85 87 89 88 91 90 92 94 93
1 98
1 2
98 97
2 3
97 96
3 6
6 7
7 8
96 93
8 11
11 12
12 13
13 16
16 17
17 18
18 21
21 22
27 28
28 31
31 32
32 33
33 36
36 37
37 38
38 41
41 42
42 43
43 46
46 47
47 48
48 51
51 52
52 53
53 56
56 57
57 58
55 58
58 59
58 61
61 62
62 63
60 63
63 64
63 66
66 67
67 68
65 68
68 69
68 71
71 72
72 73
70 73
73 74
73 76
76 75
76 77
76 79
77 78
78 81
81 80
81 82
81 84
82 83
83 86
86 85
86 87
86 89
87 88
88 91
91 90
91 92
91 94
92 93