0 10 1 20 11 2 30 21 12 5 14 13 19 29 18 9 39 28 17 8 40 31 27 26 49 38 50 41 22 32 23 59 48 37 60 51 35 36 69 58 47 70 61 45 52 42 43 44 46 53 79 68 57 80 62 54 89 67 63 90 73 81 66 77 76 99 88 91 82 83 92 84 93 94 95 96
0 10
0 1
10 20
10 11
1 2
20 30
20 21
11 12
30 40
30 31
12 13
5 14
14 13
19 29
19 18
19 9
29 39
29 28
18 17
9 8
39 49
39 38
28 27
40 50
40 41
31 22
31 32
27 26
49 59
49 48
38 37
50 60
50 51
22 23
59 69
59 58
48 47
37 36
60 70
60 61
51 45
51 52
35 36
69 79
69 68
58 57
47 46
70 80
61 62
45 44
45 46
52 53
42 43
43 44
53 54
79 89
68 67
80 90
80 73
80 81
62 63
89 99
89 88
67 66
90 91
81 82
66 77
77 76
91 92
82 83
83 84
92 93
93 94
94 95
95 96