0 1 7 3 8 16 2 9 17 21 13 51 10 15 20 23 27 61 43 37 38 30 28 29 12 22 57 35 48 58 80 44 60 56 54 63 65 59 64 72 69 53 62 74 78 52 42 40 46 71 79 87 34 41 36 49 47 82 81 84 67 88 66 76 90 68 97 77 86 93
0 1
0 7
1 3
7 8
8 16
16 43
16 37
2 9
9 17
17 21
21 15
21 28
21 29
13 51
13 10
10 15
15 12
20 23
20 27
27 61
61 60
43 38
43 30
38 35
38 48
30 58
30 80
30 44
28 22
28 57
57 56
57 58
35 34
48 49
48 47
58 59
58 74
80 78
80 52
44 42
60 59
60 64
60 72
60 69
56 53
56 62
54 63
63 65
65 67
64 88
64 66
72 76
69 90
69 68
74 71
74 79
78 87
42 40
42 46
40 41
40 36
71 67
47 82
82 81
81 84
76 77
90 97
77 86
77 93