2 3 6 9 5 14 20 12 18 17 25 26 21 33 19 27 22 30 29 39 41 31 38 40 48 32 42 51 34 35 52 43 47 49 50 59 58 60 62 44 54 67 68 66 74 75 69 76 73 82 81 77 70 83 78 84 88 79 90 92 93 95 96 98
2 3
3 6
6 9
9 5
9 14
14 20
20 26
20 21
12 18
18 17
18 25
25 33
26 19
26 33
26 27
33 41
22 30
30 29
30 39
39 31
39 38
39 40
39 48
41 32
41 40
41 42
41 51
38 47
40 49
40 50
42 34
42 52
42 43
34 35
52 62
43 44
49 59
49 58
50 60
59 67
59 68
58 66
44 54
68 75
68 69
68 76
66 74
74 73
75 82
75 81
69 77
69 70
76 83
77 78
77 84
83 88
78 79
84 90
88 92
88 93
92 95
92 96
95 98