0 39 50 96 25 89 79 45 59 3 5 61 76 82 30 1 84 92 66 93 37 38 9 10 86 6 75 2 24 18 88 77 28 83 11 69 72 65 53 80 35 58 47 14 57 99 70 56 36 13 91 15 63 16 87 52 60 78 40 64
0 39
39 50
50 96
50 25
50 89
50 79
96 10
96 70
25 61
25 77
25 11
25 69
79 36
45 59
45 3
59 5
5 61
61 86
61 6
61 75
76 82
82 30
30 58
30 63
1 84
84 92
92 9
92 10
66 93
93 37
93 38
37 64
38 77
38 52
9 57
6 72
75 18
2 24
24 18
88 77
77 28
77 83
69 53
65 53
65 80
65 35
53 58
47 14
14 57
57 99
70 56
56 40
36 13
13 91
15 63
16 87
87 52
87 60
52 78