0 69 80 88 10 39 1 58 40 72 18 85 62 25 3 13 12 4 57 76 97 94 75 24 74 5 49 56 50 43 52 48 83 14 71 44 27 23 21 77 46 22 63 37 95 66 73 98 96 78 51 93 64 45 65 47 19 29 67 35 33 32 99 92
0 69
69 80
69 88
80 10
80 39
10 85
10 95
1 58
58 40
58 72
40 18
18 85
18 62
18 25
85 66
62 29
3 13
13 12
12 24
4 57
57 76
57 97
57 94
57 75
75 24
75 74
24 23
24 14
24 21
24 77
74 35
74 33
5 49
49 56
56 50
50 96
50 67
43 52
43 48
52 83
52 14
52 71
52 44
48 27
14 66
14 63
44 45
21 93
77 64
46 22
22 63
22 37
95 73
95 98
66 96
66 78
98 51
78 19
64 65
65 47
33 32
33 92
32 99