0 27 34 10 55 57 56 89 21 88 48 62 68 32 50 65 3 43 23 95 94 83 16 75 73 87 28 47 7 2 20 86 85 70 35 36 40 11 58 5 14 13 39 72 15 9 54 84 45 97 46 79 8 49 18 19 12 82 69 67 77 92 99 90 24 17
0 27
27 34
34 3
34 43
10 55
10 57
10 56
55 89
89 21
89 48
89 62
89 68
21 88
88 32
88 50
88 65
48 7
48 79
62 12
68 87
68 35
68 14
32 2
50 8
65 13
3 35
3 36
23 95
23 94
95 83
83 87
83 58
83 19
16 75
16 73
75 87
87 20
87 70
28 47
47 7
7 46
20 86
20 85
70 15
35 40
40 5
11 58
14 69
14 67
39 72
72 15
9 54
54 84
84 97
84 19
45 97
79 18
8 49
19 82
69 77
69 92
67 99
67 90
77 17
99 24