1 2 3 32 19 18 34 27 26 31 4 59 5 21 20 63 17 23 7 60 6 8 58 61 9 24 22 55 57 25 13 10 11 36 38 40 37 39 28 35 48 15 16 49 29 44 43 30 42 41 46 50 51 64 69 75 84 88 66 67 72 74 73 78 83 70 79 80 95 92 82
1 2
2 3
3 4
3 59
32 19
19 18
18 17
18 26
18 23
34 27
27 26
27 31
26 28
26 29
31 30
4 5
4 21
4 20
59 63
5 7
5 60
5 6
5 8
21 23
63 64
17 16
23 24
23 22
7 58
60 61
8 9
58 55
58 57
24 25
25 13
13 10
11 36
11 38
36 40
36 37
36 39
40 28
37 35
39 48
35 46
48 49
15 16
49 50
29 44
29 43
43 42
42 41
50 51
64 69
69 75
75 84
75 88
84 73
66 67
67 72
67 74
72 78
72 73
74 83
78 79
83 82
70 79
79 80
79 95
95 92