10 6 8 24 9 7 22 38 27 85 4 3 13 14 15 17 77 28 84 5 16 47 12 61 18 39 54 44 32 88 36 86 35 19 20 43 66 92 63 67 60 46 53 49 23 25 26 48 55 52 59 78 80 45 64 33 65 57 40 72 56 97 68 41 90 58 99
10 6
6 8
6 24
6 9
6 7
6 22
8 38
24 27
24 85
9 4
27 28
85 84
4 3
13 14
14 15
14 17
14 77
15 32
15 88
17 36
17 18
77 84
77 86
84 66
84 92
5 16
16 47
16 12
16 61
16 18
47 53
61 35
18 19
39 54
54 44
44 57
44 40
36 55
19 20
20 43
43 52
43 59
66 78
66 80
63 67
63 60
60 46
46 49
46 23
23 25
23 26
23 48
25 45
25 64
25 33
48 65
52 56
78 33
78 97
64 68
33 40
33 41
33 90
33 58
33 99
65 72