1 29 62 4 49 5 79 80 91 55 2 9 28 88 54 3 12 69 94 6 93 74 86 71 53 21 42 8 11 92 30 23 51 15 32 85 19 61 20 7 38 66 90 10 52 39 31 57 22 67 13 26 84 75 16 78 17 24 25 60 35 34 48 27 73 56 63 81 87 83 77
1 29
1 62
1 4
1 49
1 5
1 79
1 80
29 91
62 55
4 2
5 9
91 13
91 26
2 3
2 12
2 69
2 94
9 28
9 88
9 54
54 53
3 21
12 8
12 11
94 92
94 30
94 23
6 93
6 74
93 86
74 71
86 19
71 24
21 42
8 7
11 10
11 52
11 39
92 51
92 15
23 32
15 85
32 63
32 81
85 84
85 75
19 61
19 20
61 60
20 35
7 38
7 66
38 90
10 31
52 22
52 67
31 57
22 48
22 27
22 73
22 56
26 24
84 83
75 77
16 78
16 17
17 24
24 25
25 87
35 34