0 27 26 93 32 49 1 28 29 34 11 60 58 42 78 5 36 2 6 31 33 40 67 63 73 57 64 75 39 59 22 8 50 3 24 98 14 48 52 95 12 87 16 10 13 70 74 69 68 55 56 15 23 79 7 18 17 89 61 82 21 20
0 27
0 26
27 93
27 32
27 49
93 39
93 59
93 22
32 42
32 2
32 75
49 8
1 28
1 29
28 34
34 3
34 75
11 60
11 58
60 42
60 78
42 5
42 36
78 17
78 89
2 6
2 31
2 33
31 40
31 67
33 63
33 73
33 57
33 64
67 14
67 48
67 52
67 95
63 12
63 87
73 16
57 98
57 10
64 13
64 70
8 50
24 98
14 69
14 68
48 7
95 23
95 79
12 61
87 20
16 74
10 55
10 56
70 15
79 18
89 21
61 82