0 1 63 75 45 33 44 46 4 49 47 50 6 95 72 94 96 8 9 10 82 69 11 41 70 12 56 13 14 15 16 18 19 51 23 24 89 88 90 29 37 73 32 71 79 42 74 39 84 43 40 77 93 60 61 97 78 81 92 98 99
0 1
0 63
0 75
1 45
45 33
45 44
45 46
33 32
33 71
44 39
44 43
46 10
46 47
46 94
4 49
49 47
49 50
47 15
50 18
6 95
95 72
95 94
95 96
72 73
94 89
94 93
96 61
96 97
8 9
9 10
9 82
10 69
10 11
69 41
69 70
11 12
41 40
12 56
13 14
14 15
15 16
18 19
18 51
23 24
24 89
89 88
89 90
29 37
37 73
73 42
73 74
71 79
79 78
74 81
39 84
43 77
93 92
60 61
97 98
98 99