3 4 5 88 67 89 68 77 6 7 64 8 63 9 10 92 11 15 16 14 17 18 23 22 24 19 20 60 21 34 59 61 66 25 26 71 27 70 72 28 29 31 32 84 33 83 85 99 73 35 36 37 38 41 82 42 51 45 90 46 50 49 55 56 54 57 58 62 65 69 76 78 98 74 75 79 80 95 96 97
3 4
4 5
4 88
5 67
88 89
67 68
67 77
89 90
68 69
77 76
77 78
6 7
6 64
7 8
64 63
8 9
63 62
9 10
10 92
10 11
15 16
15 14
16 17
17 18
18 23
23 22
23 24
22 21
19 20
20 60
20 21
60 34
60 59
60 61
60 66
34 35
59 58
61 72
61 62
66 65
25 26
26 71
26 27
71 70
71 72
27 28
70 69
72 33
72 99
72 73
28 29
31 32
32 84
32 33
84 83
84 85
83 82
99 98
73 74
35 36
36 37
37 38
41 82
41 42
42 51
45 90
45 46
90 50
50 49
55 56
55 54
56 57
57 58
78 79
98 97
74 75
79 80
95 96
96 97