0 2 4 76 1 48 11 3 88 5 55 6 51 8 19 22 60 63 46 7 9 10 20 12 50 14 15 96 13 75 17 18 28 93 45 27 26 30 53 33 67 23 81 41 54 80 40 58 31 94 61 43 64 52 42 47 36 72 34 84 59 37 69 56 66 70 62 98 87 83 99
0 2
2 4
2 76
4 1
4 48
4 11
76 3
1 88
1 5
11 51
3 7
3 9
88 55
5 6
55 19
55 22
55 60
55 63
55 46
6 8
51 10
8 12
19 15
19 13
22 53
22 45
60 61
46 43
10 20
12 50
14 15
15 96
96 67
13 75
17 18
17 28
18 93
18 45
18 27
18 26
28 30
27 80
26 40
26 58
26 31
53 33
33 64
67 54
23 81
81 41
41 52
54 37
80 94
61 47
61 62
64 34
64 84
52 36
52 72
42 47
36 59
72 84
37 69
56 66
66 70
70 87
70 83
62 98
98 87
87 99