89 86 83 82 96 98 2 1 5 80 84 7 78 75 8 9 12 74 71 76 72 69 13 11 14 17 68 16 20 66 67 64 65 22 23 24 62 63 60 57 26 27 59 56 58 54 29 28 53 31 30 33 51 48 32 34 50 45 49 36 39 38 37 41 42 44 43 40 46
89 86
86 83
83 82
82 80
82 84
96 98
98 2
98 1
2 5
5 7
80 78
7 8
78 75
75 74
8 9
9 12
12 13
74 71
74 76
74 72
71 69
69 68
13 11
11 14
14 17
17 16
17 20
68 66
68 67
20 22
66 64
67 65
64 62
22 23
22 24
23 26
62 63
62 60
60 57
57 54
26 27
27 29
27 28
59 56
56 58
56 54
54 53
29 31
53 51
31 30
31 33
33 32
33 34
51 48
48 50
48 45
48 49
34 36
45 43
45 46
36 39
39 38
38 37
38 41
41 42
42 40
44 43
43 40