74 0 12 61 63 65 66 68 69 70 71 73 75 76 77 78 79 81 82 83 86 87 88 89 91 92 94 95 97 98 99 72 67 84 85 80 96 90 3 26 25 10 2 5 6 11 16 27 28 30 42 44 18 45 59 15 7 21 48 64 9 43 58
74 0
74 12
0 61
0 63
0 65
0 66
0 68
0 69
0 70
0 71
0 73
0 75
0 76
0 77
0 78
0 79
0 81
0 82
0 83
0 86
0 87
0 88
0 89
0 91
0 92
0 94
0 95
0 97
0 98
0 99
0 72
0 67
0 84
0 85
0 80
0 96
0 90
61 3
61 26
63 25
63 10
66 2
69 5
70 6
73 11
78 16
86 27
87 28
89 30
98 42
99 44
80 18
26 45
25 59
2 15
27 7
30 21
45 48
15 64
21 9
48 43
43 58