3 18 34 36 35 78 62 84 57 88 25 77 69 17 1 30 55 4 38 10 2 31 11 59 90 52 64 73 21 92 98 19 95 85 12 86 7 48 80 63 61 72 9 8 49 96 41 23 44 76 22 15 13 16 24 97 82 83 89 94
3 18
3 34
3 36
3 35
36 78
36 62
35 84
35 57
35 88
78 17
78 85
62 12
62 86
84 38
84 19
84 95
57 10
88 31
88 52
88 64
88 73
88 21
88 92
88 98
25 77
77 69
77 17
17 76
1 30
30 55
55 10
4 38
2 31
11 59
59 90
90 21
52 9
64 13
73 16
21 89
92 22
98 24
19 82
19 83
95 41
95 23
12 63
12 61
7 48
48 80
80 63
63 72
72 15
8 49
49 96
96 23
23 94
44 76
24 97