0 84 31 49 21 46 20 29 73 52 18 68 57 1 15 62 76 86 83 2 78 16 90 41 74 65 44 11 25 56 77 19 61 60 10 81 72 91 35 5 67 58 9 53 63 75 85 7 64 12 37 87 54 48 66 79 33 28 92
0 84
0 31
0 49
31 21
49 46
21 44
21 19
21 68
46 20
29 73
73 52
73 18
73 68
73 57
52 91
18 5
18 58
68 54
68 48
1 15
1 62
62 76
76 2
86 83
83 2
83 78
83 16
83 90
2 41
16 37
16 87
16 54
90 66
74 65
65 44
65 11
65 25
65 56
44 77
25 53
25 63
56 72
77 61
77 60
19 79
61 92
10 81
81 72
72 64
91 35
35 75
5 67
67 9
9 7
63 28
75 85
12 37
79 33