0 2 9 6 10 18 7 8 4 71 1 12 17 15 19 16 14 3 5 44 57 72 11 13 22 23 25 26 33 30 35 32 29 27 34 28 31 50 36 51 52 58 54 59 53 60 56 55 37 40 45 48 81 61 84 90 88 89 62 63 64 65 66 67 68 69 73 74 75 76 77 78 79 91
0 2
0 9
0 6
0 10
0 18
0 7
0 8
0 4
0 71
0 1
2 12
9 17
6 15
18 19
7 16
4 14
71 3
71 5
71 44
71 57
71 72
1 11
3 13
44 40
44 45
57 50
72 73
22 23
22 25
25 26
25 33
25 30
25 35
25 32
25 29
25 27
25 34
25 28
25 31
25 50
26 36
50 51
50 52
50 58
50 54
50 59
50 53
50 60
50 56
50 55
36 37
60 81
60 61
45 48
81 84
81 90
81 88
81 89
61 62
90 91
62 63
63 64
64 65
65 66
66 67
67 68
68 69
73 74
74 75
75 76
76 77
77 78
78 79