68 0 78 95 75 69 86 64 77 83 71 74 80 82 76 79 65 24 87 93 73 84 25 92 62 89 66 2 96 98 91 94 72 97 70 90 67 99 81 88 44 20 13 16 54 32 35 41 9 39 43 42 14 50 36 58 11 23 37 15 47 22
68 0
0 78
0 95
0 75
0 69
0 86
0 64
0 77
0 83
0 71
0 74
0 80
0 82
0 76
0 79
0 65
0 24
0 87
0 93
0 73
0 84
0 25
0 92
0 62
0 89
0 66
0 2
0 96
0 98
0 91
0 94
0 72
0 97
0 70
0 90
0 67
0 99
0 81
0 88
77 20
71 13
74 16
24 54
24 32
24 35
24 41
93 44
25 9
89 39
2 43
91 42
72 14
97 50
88 36
54 23
41 37
41 15
9 58
9 11
39 47
42 22