69 70 68 71 67 72 66 73 65 74 64 75 63 76 62 77 61 78 60 79 59 80 58 81 57 82 56 83 55 84 54 85 53 86 52 87 51 88 50 89 49 90 48 91 47 92 46 93 45 94 44 95 43 96 42 97 41 98 40 39 38 37 36 35 34 33 32 31 30 29 28 27 26 25 24 23 22 21 20 19 18 17 16 15 14 13 12 11 10 9 8 7 6 5 4 3 2 1
69 70
69 68
70 71
68 67
71 72
67 66
72 73
66 65
73 74
65 64
74 75
64 63
75 76
63 62
76 77
62 61
77 78
61 60
78 79
60 59
79 80
59 58
80 81
58 57
81 82
57 56
82 83
56 55
83 84
55 54
84 85
54 53
85 86
53 52
86 87
52 51
87 88
51 50
88 89
50 49
89 90
49 48
90 91
48 47
91 92
47 46
92 93
46 45
93 94
45 44
94 95
44 43
95 96
43 42
96 97
42 41
97 98
41 40
40 39
39 38
38 37
37 36
36 35
35 34
34 33
33 32
32 31
31 30
30 29
29 28
28 27
27 26
26 25
25 24
24 23
23 22
22 21
21 20
20 19
19 18
18 17
17 16
16 15
15 14
14 13
13 12
12 11
11 10
10 9
9 8
8 7
7 6
6 5
5 4
4 3
3 2
2 1