5 40 30 21 88 89 90 43 71 99 54 23 94 70 80 1 33 8 49 15 72 69 84 34 86 2 3 13 66 4 37 39 9 14 67 68 48 63 93 73 76 6 44 45 12 7 22 91 56 18 60 75 16 74 19 17 20 24 83
5 40
40 30
30 88
30 1
30 33
21 88
21 89
21 90
88 43
88 71
88 99
89 54
43 6
71 15
71 69
99 24
54 49
54 9
23 94
94 70
94 80
70 15
70 34
70 86
80 18
33 2
8 49
15 72
72 84
69 39
69 14
69 73
69 76
84 66
84 19
34 3
86 20
13 66
4 37
4 39
14 67
14 68
67 48
67 63
68 93
48 7
63 12
93 22
93 56
73 16
76 17
6 44
6 45
22 91
60 75
75 16
16 74
19 83