0 27 83 22 93 99 35 19 1 30 28 47 96 45 56 60 32 12 62 78 14 67 75 7 48 46 29 76 84 90 65 79 11 2 42 5 10 6 43 44 31 16 24 81 94 4 38 77 21 50 51 17 41 13 18 8 52 82 55 87 64 66
0 27
27 83
83 35
83 19
22 93
93 99
99 48
99 24
99 81
99 94
19 84
19 82
1 30
1 28
30 47
30 96
30 45
30 56
28 60
28 32
47 7
47 29
47 76
56 10
60 11
32 2
12 62
62 78
78 17
78 55
78 87
14 67
67 75
75 46
75 16
7 48
7 46
46 84
46 90
46 65
46 79
29 42
76 43
76 17
90 21
65 13
79 18
42 5
5 41
6 43
6 44
43 31
4 38
38 77
77 50
77 51
77 17
50 8
13 64
13 66
52 82