0 25 27 44 56 10 13 65 66 64 2 81 28 90 76 62 69 6 51 26 1 19 83 30 21 46 61 9 52 49 3 34 12 4 38 88 89 7 41 18 43 45 97 16 74 68 8 24 20 87 95 11 59 60 17 93 14 72 80 67 15 23
0 25
0 27
25 44
25 56
44 66
44 6
44 51
56 10
13 65
13 66
13 64
13 2
65 81
66 28
66 90
66 76
64 62
64 69
81 83
81 41
81 18
28 26
28 1
90 30
90 21
90 46
90 61
76 17
76 93
62 34
62 12
69 59
69 14
69 95
69 72
6 43
6 45
51 8
19 83
21 88
21 89
46 7
9 52
52 49
49 8
3 34
4 38
38 88
18 80
45 97
97 24
16 74
74 68
68 14
20 87
87 95
95 23
11 59
11 60
14 67
72 15