0 26 25 55 30 14 69 67 68 52 56 98 53 10 79 20 85 88 17 77 76 78 95 31 60 11 70 33 48 7 44 57 99 47 46 43 18 80 15 36 9 4 38 37 73 49 61 8 6 83 16 5 40 90 19 21 22 91 93 92 24 58 59 13 89 74 75
0 26
0 25
25 55
25 30
55 53
55 10
55 79
14 69
14 67
14 68
67 52
67 56
67 98
56 76
56 10
98 24
53 36
53 9
10 57
79 18
20 85
85 88
88 59
88 21
17 77
17 76
17 78
78 95
31 60
60 11
60 70
11 58
11 59
70 15
33 48
48 7
48 44
48 57
48 99
7 47
7 46
44 6
44 83
57 73
57 90
57 93
47 43
18 80
4 38
4 37
38 73
37 49
37 61
73 16
49 8
83 19
16 74
16 75
5 40
40 90
90 21
21 13
21 89
22 91
22 93
22 92