0 6 2 1 5 4 3 8 10 12 7 14 9 11 13 17 16 15 21 18 29 20 19 23 24 34 22 25 26 28 27 33 35 31 39 36 44 53 42 56 43 54 48 49 58 51 59 60 55 63 64 67 71 73 70 66 77 76 72 74 75 80 78 87 84 90 96 92
0 6
0 2
0 1
0 5
0 4
0 3
6 8
6 10
6 12
6 7
8 14
12 17
12 16
12 15
12 21
7 9
9 11
11 13
21 18
21 29
18 20
18 19
29 23
29 24
29 34
23 22
24 26
24 28
24 27
34 39
22 25
28 33
28 35
35 31
39 36
39 44
44 53
44 42
53 56
42 43
56 54
54 59
54 60
54 55
48 49
48 58
48 51
58 59
60 63
60 64
60 67
67 71
71 73
73 72
70 66
70 77
77 76
76 72
76 78
72 74
72 75
75 80
80 87
87 84
84 90
90 96
90 92