56 57 53 54 61 62 58 52 50 51 55 60 66 65 63 67 48 59 69 70 68 46 73 42 43 49 47 45 75 39 44 40 78 34 82 76 79 30 33 86 87 81 35 26 29 31 27 38 32 36 41 85 91 88 92 23 28 24 37 94 96 20 22 16 17 11 15 12 7 13 3 4
56 57
57 53
57 54
57 61
57 62
57 58
53 52
53 50
54 51
54 55
61 60
61 66
61 65
62 63
62 67
50 48
60 59
66 69
66 70
63 68
48 46
69 73
46 42
46 43
73 75
42 39
49 47
47 45
45 44
45 40
75 78
39 34
40 35
78 82
34 30
34 33
82 79
82 86
82 87
82 81
76 79
30 35
30 26
30 29
30 31
30 27
33 38
33 32
86 85
86 91
87 88
87 92
35 36
26 23
31 28
27 24
36 41
41 37
91 94
92 96
23 20
24 22
20 16
22 17
16 11
17 12
11 15
12 7
12 13
7 3
7 4