0 3 1 10 11 4 12 17 2 13 14 16 18 20 21 8 15 22 5 6 7 28 9 30 19 45 44 29 35 34 33 31 23 24 27 26 25 36 39 50 32 38 49 42 72 41 40 48 57 74 71 46 47 56 51 60 52 54 61 58 59 76 70 64 69 73 77 86 87 88 75 82 83 81 84 80
0 3
0 1
3 10
3 11
3 4
1 12
10 13
11 18
11 20
11 21
12 17
2 13
13 14
13 16
14 8
14 15
20 22
8 6
8 7
8 28
8 9
22 23
5 6
28 30
9 19
30 29
30 35
30 34
30 33
30 31
19 45
19 44
35 36
35 39
35 50
34 32
23 24
23 27
23 26
24 25
39 38
50 49
50 42
50 72
38 41
38 40
49 48
49 57
72 74
72 71
48 47
57 58
74 76
71 70
46 47
47 56
47 51
56 60
51 52
60 61
52 54
54 64
58 59
76 87
76 75
70 69
70 73
73 77
86 87
87 88
75 82
82 83
82 81
83 84
81 80