21 88 89 83 25 6 43 45 44 65 56 96 82 81 30 74 16 87 15 72 71 84 95 20 85 68 14 31 77 17 73 32 55 60 10 93 3 35 57 19 99 4 38 39 54 9 52 53 42 5 8 50 80 78 61 18 7 47 24 12 62 97 98 79 75
21 88
21 89
88 83
89 25
83 35
83 19
83 99
6 43
6 45
6 44
43 65
45 56
45 96
44 82
44 81
82 61
82 73
82 19
81 18
30 74
74 16
74 87
16 73
16 75
87 20
87 68
15 72
15 71
72 84
71 95
84 19
20 85
68 14
31 77
77 17
77 73
17 78
73 57
73 54
32 55
32 60
55 10
55 93
10 57
3 35
99 47
99 24
99 80
4 38
4 39
38 54
54 9
54 42
9 52
9 53
42 5
8 50
50 80
61 12
18 79
7 47
24 97
24 98
12 62