0 25 76 14 68 47 63 5 41 61 8 51 77 90 17 75 1 28 30 29 73 16 94 2 32 33 3 36 34 35 38 54 59 74 44 7 12 62 98 56 92 23 95 52 86 19 84 10 11 58 20 13 66 18 96 21 9 22 24 70 99 97
0 25
25 76
76 17
76 75
14 68
68 47
68 63
47 33
47 7
63 12
5 41
41 61
61 12
61 56
8 51
51 77
51 90
77 73
90 66
90 21
75 84
75 58
75 16
75 96
1 28
1 30
1 29
28 73
73 16
73 94
16 74
16 18
94 23
94 52
2 32
2 33
3 36
3 34
3 35
36 38
34 54
34 59
34 74
35 44
54 92
74 62
12 62
62 98
98 24
56 10
92 22
23 95
95 86
52 9
86 20
19 84
11 58
13 66
96 70
24 99
24 97