2 1 4 5 88 3 76 9 11 48 6 8 12 14 51 13 17 50 19 22 75 15 96 18 28 26 27 45 93 55 43 53 46 41 31 80 30 33 34 64 36 37 54 52 59 69 56 47 60 61 62 72 67 63 66 98 84 70 83 87 99
2 4
2 76
1 4
1 88
1 5
4 48
4 11
5 6
88 55
3 9
3 76
11 51
6 8
8 12
12 50
14 15
13 75
13 19
17 18
17 28
19 55
19 15
22 53
22 45
22 55
15 96
96 67
18 93
18 45
18 27
18 26
28 30
26 31
27 80
55 60
55 63
55 46
43 46
53 33
41 52
33 64
34 64
64 84
36 59
36 52
37 54
37 69
54 67
52 72
56 66
47 61
60 61
61 62
62 98
72 84
66 70
98 87
70 87
70 83
87 99