0 9 5 7 2 3 10 12 13 17 14 15 18 19 22 23 24 25 26 27 29 30 31 32 33 34 35 36 37 38 39 40 41 42 43 44 45 46 47 48 49 50 51 59 56 55 57 58 52 53 54 60 61 62 63 67 64 65 66 68 69 72 70 71 73 74 75 76 77 78 79 80 81 82 83 84 85 86 87 88 89 90 91 92 93 94 95 96 97 98
0 9
0 2
9 10
5 2
5 7
2 3
10 12
12 13
12 14
13 17
17 18
14 15
18 19
19 22
22 23
23 24
24 25
25 27
25 26
27 29
29 30
30 31
31 32
32 33
33 34
34 35
35 36
36 37
37 38
38 39
39 40
40 41
41 42
42 43
43 44
44 45
45 46
46 47
47 48
48 49
49 50
50 59
50 51
50 52
51 56
59 60
55 57
55 52
57 58
52 53
53 54
60 61
60 62
62 63
62 64
63 67
67 68
64 65
65 66
68 69
69 70
69 72
72 73
70 71
73 74
74 75
75 77
75 76
76 78
77 79
79 80
80 81
81 82
82 83
83 84
84 85
85 86
86 87
87 88
88 89
89 90
90 91
91 92
92 93
93 94
94 95
95 96
96 97
97 98