1 3 7 10 12 14 16 19 20 22 23 24 25 26 31 33 34 35 37 38 39 50 40 49 42 48 43 47 51 52 54 55 56 58 59 60 61 62 63 65 67 69 70 71 72 73 74 77 79 80 82 83 84 85 87 88 89 92 94 95 98 6 9 18 32 41 44 45 46 53 57 64 66 68 29 30
1 3
3 7
7 6
7 9
10 12
10 9
12 14
14 16
16 19
16 18
19 20
20 22
22 23
23 24
24 25
25 26
26 29
31 33
31 32
31 30
33 34
34 35
35 37
37 38
37 39
38 50
39 41
39 40
40 42
49 48
42 43
48 47
48 51
43 44
47 46
51 52
51 53
52 54
54 55
55 56
55 57
56 58
58 59
59 60
60 61
60 62
61 63
62 65
62 67
65 64
67 69
67 68
67 66
69 70
70 71
71 72
72 73
73 74
74 77
77 79
79 80
80 82
82 83
83 84
84 85
85 87
87 88
88 89
89 92
92 94
94 95
95 98
44 45
44 46
29 30