0 1 2 3 4 5 6 7 8 9 40 50 60 70 80 90 91 98 99 49 59 69 79 89 11 12 13 14 15 16 17 18 21 31 41 51 61 71 81 84 85 86 87 88 28 38 48 58 68 78 22 23 24 25 26 52 62 75 76 77 47 57 67 34 53 46 92 97 65 10 19 72
0 1
0 10
1 2
2 3
3 4
4 14
4 5
5 6
6 7
7 8
8 9
9 19
40 41
40 50
50 60
60 70
70 80
80 90
90 91
91 92
98 97
98 99
99 89
49 59
59 58
59 69
69 79
79 89
11 21
11 12
12 13
13 14
14 15
15 24
15 16
16 17
17 18
18 28
21 31
31 41
41 51
41 52
51 61
61 71
71 81
84 85
85 86
86 87
87 88
88 78
28 38
38 48
48 58
48 57
58 68
68 78
22 23
23 24
24 25
24 34
25 26
52 62
52 53
62 72
75 76
75 65
76 77
77 67
47 57
47 46
57 67