1 2 4 5 6 13 14 7 11 17 16 18 19 15 26 34 25 33 27 28 29 30 31 35 37 38 39 32 36 42 41 43 44 40 46 47 60 53 50 51 58 59 52 54 55 56 63 64 57 61 67 66 68 69 65 99 76 75 77 78 80 81 85 88 89 91 93 12
1 2
2 4
2 5
2 6
5 13
5 14
6 7
13 16
13 18
13 19
13 12
14 15
11 17
11 12
15 26
26 28
26 27
26 25
34 25
25 33
27 30
27 31
27 29
28 35
30 39
30 38
31 32
35 36
37 38
38 43
38 44
38 41
39 40
36 42
41 47
41 46
40 53
60 61
60 53
53 51
50 51
50 59
50 58
51 52
52 54
52 55
52 56
55 63
55 64
56 57
63 69
63 66
63 68
64 65
61 67
65 99
65 76
76 78
76 77
76 75
77 80
77 81
78 85
80 89
80 88
88 93
88 91