43 42 44 41 45 40 46 39 47 38 48 37 49 36 50 35 51 34 52 33 53 32 54 31 55 30 56 29 57 28 58 27 59 26 60 25 61 24 62 23 63 22 64 21 65 20 66 19 67 18 68 17 69 16 70 15 71 14 72 13 73 12 74 11 75 10 76 9 77 8 78 7 79 6 80 5 81 4 82 3 83 2 84 1 85 86 87 88 89 90 91 92 93 94 95 96 97 98
43 42
43 44
42 41
44 45
41 40
45 46
40 39
46 47
39 38
47 48
38 37
48 49
37 36
49 50
36 35
50 51
35 34
51 52
34 33
52 53
33 32
53 54
32 31
54 55
31 30
55 56
30 29
56 57
29 28
57 58
28 27
58 59
27 26
59 60
26 25
60 61
25 24
61 62
24 23
62 63
23 22
63 64
22 21
64 65
21 20
65 66
20 19
66 67
19 18
67 68
18 17
68 69
17 16
69 70
16 15
70 71
15 14
71 72
14 13
72 73
13 12
73 74
12 11
74 75
11 10
75 76
10 9
76 77
9 8
77 78
8 7
78 79
7 6
79 80
6 5
80 81
5 4
81 82
4 3
82 83
3 2
83 84
2 1
84 85
85 86
86 87
87 88
88 89
89 90
90 91
91 92
92 93
93 94
94 95
95 96
96 97
97 98