1 2 3 98 6 7 8 11 12 13 16 17 18 20 21 24 22 23 25 26 29 27 28 30 31 34 32 33 35 36 39 37 38 40 41 44 42 43 46 47 48 51 52 53 56 57 58 61 62 63 66 67 68 71 72 73 76 95 45 49 50 54 75 79 84 89 90
1 2
1 98
2 3
3 6
98 95
6 7
7 8
8 11
11 12
12 13
13 16
16 17
17 18
18 21
20 23
21 22
21 24
22 23
23 26
25 28
26 27
26 29
27 28
28 31
30 32
31 32
31 34
32 33
33 36
35 37
36 37
36 39
37 38
38 41
40 42
41 42
41 44
42 43
43 46
46 47
46 49
47 48
47 45
48 51
51 52
51 54
52 53
53 56
53 50
56 57
57 58
58 61
61 62
62 63
63 66
66 67
67 68
68 71
71 72
72 73
73 76
76 75
76 79
95 90
79 84
84 89