0 1 2 3 4 5 6 7 8 9 10 11 12 13 14 23 24 25 26 27 28 29 30 31 32 33 34 35 36 37 38 39 40 41 42 43 44 45 46 47 48 49 50 51 52 53 54 55 56 57 58 59 60 61 62 65 66 71 72 73 74 75 76 77 78 95 96 98
0 1
0 2
1 3
1 4
2 5
2 6
3 8
3 7
4 9
4 10
5 12
5 11
6 13
6 14
11 23
11 24
24 25
25 27
25 26
25 37
26 28
26 29
27 31
28 32
28 33
29 34
29 35
30 36
30 37
31 39
31 38
32 41
32 40
33 43
33 42
34 44
34 45
35 47
35 46
36 49
36 48
37 50
37 51
38 53
38 52
39 54
39 55
40 56
40 57
41 59
41 58
42 60
42 61
43 62
45 65
45 66
48 72
48 71
49 73
49 74
50 76
50 75
51 78
51 77
60 96
60 95
61 98