0 68 35 73 74 75 76 77 78 79 80 81 82 83 84 85 86 87 88 89 90 91 92 93 94 95 96 97 98 99 2 70 3 11 8 4 34 46 21 6 17 59 18 9 19 72 13 45 39 58 16 63 47 38 28 30 54 36 41 37 40 42 65 61
0 78
0 75
0 96
0 81
0 89
0 98
0 77
0 83
0 74
0 94
0 85
0 91
0 80
0 87
0 68
0 76
0 73
0 88
0 84
0 99
0 95
0 86
0 92
0 97
0 79
0 82
0 35
0 90
0 93
68 13
68 42
68 63
68 61
35 54
74 3
75 6
77 8
78 9
82 16
83 17
84 18
86 21
90 28
94 36
95 38
2 70
70 30
70 18
3 11
4 34
4 46
46 30
6 59
17 47
59 58
19 39
72 58
13 45
13 39
47 65
38 37
36 41
40 42