2 6 7 8 11 14 15 18 21 22 25 28 29 30 32 33 34 35 36 37 38 39 40 41 42 43 44 45 46 47 48 49 50 51 52 53 54 55 56 57 58 59 60 61 62 63 64 65 66 67 68 70 71 73 74 77 78 81 84 85 88 91 92 95 98 31 69
2 6
6 7
7 8
8 11
11 14
14 15
15 18
18 21
21 22
22 25
25 28
28 29
28 31
29 32
30 34
30 33
32 35
34 35
35 36
35 38
36 39
37 41
37 40
39 42
41 42
42 43
42 45
43 46
44 47
46 49
46 47
48 49
49 50
49 52
50 53
51 54
53 56
53 54
55 56
56 57
56 59
57 60
58 61
58 62
60 63
60 61
63 64
63 66
64 67
65 68
65 69
67 70
67 68
70 71
70 73
71 74
74 77
77 78
78 81
81 84
84 85
85 88
88 91
91 92
92 95
95 98