37 40 41 36 38 42 35 44 46 47 30 48 29 32 50 52 53 24 54 23 26 56 58 59 18 60 17 20 62 64 65 12 66 11 14 68 71 6 72 4 8 74 77 2 78 80 83 84 86 89 90 92 94 25 27 34 31 33 39 43 45 49 51 55 57
37 40
37 41
40 36
41 42
36 35
36 38
38 39
42 47
42 44
42 46
35 30
35 31
44 45
47 48
47 43
30 29
30 32
30 34
48 53
48 50
29 24
29 25
32 33
50 51
50 52
53 54
53 49
24 23
24 26
54 59
54 56
23 18
26 27
56 57
58 59
59 60
59 55
18 17
18 20
60 65
60 62
60 64
17 12
65 66
12 11
12 14
66 71
66 68
11 6
71 72
6 4
6 8
72 77
72 74
4 2
77 78
78 83
78 80
83 84
84 89
84 86
89 90
90 92
92 94