98 19 80 83 7 51 68 88 8 65 32 84 92 94 52 77 60 17 69 29 90 3 49 13 91 44 97 16 70 79 43 59 99 1 37 34 96 62 21 2 81 35 73 24 64 39 4 48 46 85 11 66 93 61 14 40 45 20 28 75 0 33 30 42 10 27 55 86 67 56 82 89 38 57 63 36 12 53 9 5 23 50 58 76 26 31 87 22 25 95 41 71 6 18 54 74 15 78
98 19
98 80
19 83
80 7
83 51
7 68
51 88
68 8
88 65
8 32
65 84
32 92
84 94
92 52
94 77
52 60
77 17
60 69
17 29
69 90
29 3
90 49
3 13
49 91
13 44
91 97
44 16
97 70
16 79
70 43
79 59
43 99
59 1
99 37
1 34
37 96
34 62
96 21
62 2
21 81
2 35
81 73
35 24
73 64
24 39
64 4
39 48
48 46
46 85
85 11
11 66
66 93
93 61
61 14
14 40
40 45
45 20
20 28
28 75
75 0
0 33
33 30
30 42
42 10
10 27
27 55
55 86
86 67
67 56
56 82
82 89
89 38
38 57
57 63
63 36
36 12
12 53
53 9
9 5
5 23
23 50
50 58
58 76
76 26
26 31
31 87
87 22
22 25
25 95
95 41
41 71
71 6
6 18
18 54
54 74
74 15
15 78