1 3 6 7 8 10 12 14 16 18 19 20 22 23 24 25 26 29 30 31 32 33 34 35 37 38 39 40 42 43 44 45 47 46 48 49 51 54 53 55 56 58 59 60 61 62 63 65 66 67 68 69 70 71 72 73 74 76 77 79 80 82 83 84 85 87 88 89 92 94 95 98 41 50 52 57 64 36
1 3
3 7
6 7
7 8
8 10
10 12
12 14
14 16
16 19
16 18
19 20
20 22
22 23
23 24
24 25
25 26
26 29
29 30
30 31
31 33
31 32
33 34
34 35
34 36
35 37
37 38
37 39
38 50
39 40
40 42
40 41
42 43
43 44
44 46
44 45
47 48
47 46
48 51
48 49
51 52
51 53
54 55
54 53
55 57
55 56
56 58
58 59
59 60
60 62
60 61
61 63
62 65
62 67
65 64
66 67
67 68
67 69
69 70
70 71
71 72
72 73
73 74
74 76
76 77
77 79
79 80
80 82
82 83
83 84
84 85
85 87
87 88
88 89
89 92
92 94
94 95
95 98