97 99 85 69 91 96 78 92 95 76 17 1 13 53 2 3 16 7 55 56 57 14 18 20 29 30 31 32 33 34 35 36 37 38 39 40 0 4 8 15 19 12 11 6 5 9 10 50 58 59 60 64 51 61 62 52 54 63 65 79 66 67 68 70 71 72 73 74 75 77 84 80 89
97 99
99 85
85 69
85 91
85 96
69 79
91 92
96 95
78 76
78 72
78 70
78 73
78 65
78 66
78 79
78 74
92 89
95 84
76 17
17 1
17 13
17 53
1 2
1 3
1 16
1 8
13 4
13 12
53 55
53 58
2 18
2 15
3 20
3 0
3 14
7 6
7 5
55 51
55 61
55 63
56 57
56 54
56 59
56 50
14 9
18 10
20 29
29 30
30 31
31 32
32 33
33 34
34 35
35 36
36 37
37 38
38 39
39 40
4 6
4 19
11 10
50 58
58 60
58 64
58 52
62 63
79 67
79 77
79 75
79 68
79 71
80 89