0 1 10 2 20 3 4 14 5 15 23 6 7 21 25 26 16 8 27 28 35 24 46 33 32 42 41 45 56 30 51 50 31 40 52 60 43 44 67 49 59 69 53 71 48 57 58 66 98 68 54 64 74 62 72 80 70 76 86 88 84 90 81 89 82 83 93 92 94 85
0 1
0 10
1 2
10 20
2 3
20 21
3 4
4 14
14 5
14 15
14 23
5 6
15 25
15 26
15 16
6 7
25 35
25 24
16 27
8 27
27 28
35 46
24 33
46 45
46 56
33 32
32 42
32 41
41 30
41 51
41 50
41 31
41 40
41 52
45 44
56 67
50 60
52 43
60 71
44 53
67 57
67 66
67 98
67 68
49 59
59 69
69 58
71 62
71 72
71 80
71 70
48 57
48 58
66 76
98 88
54 64
64 74
74 84
72 84
80 90
80 81
76 86
88 89
81 82
82 83
83 93
83 92
93 94
94 85