4 7 8 9 10 12 13 16 17 18 19 26 25 29 30 31 32 37 38 39 40 41 42 48 49 51 50 52 53 54 55 56 57 58 59 60 62 63 64 65 66 68 69 70 71 72 73 74 76 80 81 82 87 88 89 90 94 95 96 97 98 99 6 23 77 33 43 44 61 67
4 13
7 8
7 6
8 9
9 10
10 19
12 17
12 13
16 17
17 18
18 19
18 49
26 25
25 30
29 38
30 39
30 31
31 48
31 32
32 33
37 38
38 39
39 40
40 74
40 41
41 42
42 43
48 49
51 57
51 52
50 55
50 54
53 54
55 64
55 56
56 57
56 73
57 58
58 59
59 60
62 63
62 61
62 67
63 64
64 65
65 66
65 99
68 69
69 70
70 71
71 72
72 73
73 74
76 82
76 77
80 81
80 89
81 98
81 82
87 88
88 89
89 90
94 95
95 96
96 97
97 98
98 99
6 23
43 44