0 1 5 6 7 8 9 12 11 18 19 20 22 21 26 28 27 34 35 39 44 45 48 56 59 55 58 57 61 62 60 63 64 68 66 69 67 74 77 79 83 82 87 88 85 89 86 91 94 90 96 23 29 25 42 49 52 53 75 95
0 1
1 60
5 55
5 8
5 9
6 34
6 9
7 8
8 96
9 89
12 11
11 63
11 53
18 19
19 90
19 48
20 22
20 87
20 23
22 21
21 82
26 29
26 75
28 89
28 25
28 27
35 68
35 39
44 74
45 48
45 49
56 59
56 90
59 58
55 57
55 58
57 64
61 60
62 74
62 64
62 42
60 63
63 64
68 67
66 91
66 69
69 67
77 86
77 79
83 82
87 88
88 85
85 89
85 86
91 90
94 90
96 95
29 25
52 53