2 98 14 17 20 23 26 27 29 31 33 34 36 39 40 41 42 43 44 45 46 48 49 51 53 54 56 57 60 62 63 64 66 68 69 71 74 75 78 80 82 83 86 89 92 8 11 5 30 32 35 37 38 47 50 52 55 58 59 61 65 67 70
2 98
2 5
14 17
14 11
17 20
20 23
23 26
26 27
27 29
29 31
31 33
31 30
33 34
33 35
33 32
34 36
36 39
39 40
39 37
39 38
40 43
40 42
41 42
43 45
43 44
45 48
45 46
48 49
48 51
48 50
51 53
53 54
53 52
54 56
54 57
56 59
56 58
57 60
57 55
60 62
60 61
62 64
62 63
64 66
66 68
68 69
68 67
68 70
69 71
71 74
74 75
75 78
78 80
80 82
82 83
83 86
86 89
89 92
8 11
8 5
47 50
65 67