2 4 6 8 11 12 14 17 18 20 22 23 24 26 29 30 32 34 35 33 36 38 40 41 37 39 42 44 46 47 45 48 50 52 53 49 51 54 56 58 59 55 60 62 65 66 68 71 72 74 77 78 80 83 84 86 89 90 92 25 94 64 28 27 31 43
2 4
4 6
6 8
6 11
11 12
12 14
12 17
17 18
18 20
20 22
22 23
23 24
24 26
24 29
26 27
29 30
29 25
29 28
30 35
30 34
30 32
32 33
35 36
35 31
36 40
36 38
38 39
40 37
41 42
41 37
42 46
42 44
42 47
44 45
47 48
47 43
48 53
48 50
50 51
52 53
53 54
53 49
54 58
54 59
54 56
59 60
59 55
60 65
60 62
60 64
65 66
66 68
66 71
71 72
72 77
72 74
77 78
78 83
78 80
83 84
84 86
84 89
89 90
90 92
92 94