0 30 40 4 66 67 68 69 70 71 73 74 75 76 77 78 79 80 81 82 83 84 86 87 88 89 90 91 92 93 94 95 96 97 98 99 22 2 57 29 48 6 31 7 63 42 11 15 38 59 12 49 20 46 32 61 39 56 72 21 36 62
0 4
0 30
0 75
0 87
0 81
0 91
0 72
0 71
0 99
0 73
0 82
0 86
0 70
0 90
0 89
0 83
0 74
0 98
0 78
0 40
0 93
0 80
0 77
0 88
0 94
0 68
0 76
0 96
0 67
0 92
0 95
0 84
0 97
0 69
0 79
0 66
30 32
4 48
4 29
68 7
71 12
75 20
76 21
89 36
92 39
95 42
97 46
22 46
2 57
57 39
57 61
48 63
48 56
6 31
31 61
11 59
11 15
11 38
38 20
49 39
36 62