67 64 60 61 68 76 63 62 77 56 98 81 50 53 58 55 86 82 29 49 52 87 90 22 28 11 41 91 84 21 27 4 46 92 96 83 15 33 9 95 80 20 26 8 44 13 31 2 37 12 7 1 3 5 10 14 18 19 23 17 16 24 25 34 35 32 30 36 42 43 39 38 40 47 48 45 51 54 57 75 97 79 88 69 0 6
67 64
64 68
64 61
60 63
60 61
61 62
68 69
76 77
63 56
62 98
77 81
56 53
56 50
98 86
81 82
50 29
50 54
58 54
58 57
58 75
55 87
86 90
86 82
29 22
29 34
29 35
49 11
52 41
87 91
87 84
22 23
22 17
22 21
28 35
11 4
11 10
11 16
41 34
41 40
41 46
91 92
91 96
84 83
21 15
27 33
4 9
4 3
46 39
46 47
46 45
92 97
96 95
83 80
15 20
33 26
9 8
95 44
80 88
80 79
20 14
26 13
26 31
26 32
8 2
44 37
13 12
31 24
2 7
37 36
12 19
12 18
7 1
7 6
7 0
5 10
17 16
24 30
24 25
32 38
30 36
36 42
36 43
39 38
47 48
51 54