2 5 6 10 12 14 16 21 25 28 32 33 34 35 36 37 38 39 40 41 42 43 44 45 46 47 50 51 56 60 64 65 66 67 68 69 70 71 72 73 74 75 76 77 78 79 80 81 82 83 84 85 86 87 88 89 90 91 92 93 0 30 62 18 52 54
2 5
5 10
6 12
10 21
12 25
14 28
16 33
21 42
25 51
28 56
32 64
33 64
34 65
35 65
36 66
36 18
37 66
38 67
39 67
40 68
41 68
42 69
43 69
44 70
45 70
46 71
47 71
50 73
51 73
56 76
60 78
60 30
64 80
65 80
66 81
67 81
68 82
69 82
70 83
71 83
72 84
73 84
74 85
74 52
75 85
75 54
76 86
77 86
78 87
79 87
79 62
80 88
81 88
82 89
83 89
84 90
85 90
86 91
87 91
88 92
89 92
90 93
91 93
92 0
93 0