69 1 58 40 4 17 57 43 23 46 10 80 85 95 24 12 22 14 52 63 65 66 27 77 18 62 78 96 21 45 75 48 29 32 73 47 44 50 64 3 13 55 83 89 76 25 37 19 35 97 30 33 74 82 71 67 94 72 31 56
69 80
1 58
58 40
58 72
40 18
4 17
4 57
17 77
57 75
57 89
57 55
57 76
57 97
57 94
43 52
43 48
43 82
23 24
46 22
10 80
10 95
10 85
85 18
85 66
95 73
24 75
24 14
24 21
24 12
12 13
22 37
22 63
14 52
14 66
14 63
52 44
52 71
52 83
65 64
65 47
66 78
66 96
27 48
77 64
18 62
18 25
62 29
78 30
78 19
96 50
45 44
75 74
32 33
50 67
50 56
3 13
89 31
35 74
33 74