0 2 3 4 7 77 54 73 10 22 5 9 21 95 8 48 84 23 33 25 17 40 94 31 11 20 78 90 93 13 15 16 24 50 70 53 45 51 63 96 83 98 87 27 28 60 26 30 82 71 32 92 34 35 37 41 39 59 67 52 58 68 86
0 4
2 9
3 5
3 40
3 9
3 17
4 9
4 31
4 22
7 8
77 78
54 52
54 27
73 71
73 78
10 70
10 16
22 26
22 24
9 90
21 23
95 96
8 11
48 31
84 83
84 35
23 26
33 37
25 50
17 13
94 93
94 90
11 53
11 90
11 63
11 20
11 45
78 70
78 32
78 90
15 53
16 87
24 28
50 51
50 32
45 82
51 37
63 60
63 98
96 98
96 68
87 86
60 67
30 32
32 39
32 59
92 67
34 39
35 37
37 52
37 41
52 58