0 32 33 51 56 76 38 2 4 40 41 52 70 47 53 63 31 6 12 28 46 50 7 17 83 14 44 54 22 65 10 34 61 69 86 11 16 84 62 90 95 85 42 99 19 81 20 71 23 87 37 78 48 75 92 55 36 96 98 91 49
0 56
0 76
32 12
32 69
32 23
32 44
33 90
33 87
51 69
56 19
76 96
76 70
76 37
76 31
76 91
38 90
2 4
2 70
4 63
40 69
41 86
52 36
52 75
70 16
47 53
53 87
53 50
31 92
6 28
12 83
28 16
28 14
46 87
7 17
17 99
83 81
54 78
22 71
65 71
65 49
10 69
34 16
61 84
61 42
69 98
69 91
86 42
11 16
16 85
62 87
95 87
42 91
99 20
20 71
71 87
71 78
71 91
37 55
48 36
36 96