0 9 15 27 19 22 4 2 14 23 3 34 35 36 7 37 38 39 5 21 20 42 6 43 44 45 8 18 49 51 11 53 10 56 60 12 62 13 24 68 70 71 74 17 77 79 80 81 83 85 86 87 89 90 91 92 94 95 96 97 98
0 27
9 53
15 71
15 70
27 95
19 83
22 92
22 91
4 37
4 38
4 39
4 7
2 23
14 68
23 96
23 94
23 95
23 13
3 34
3 35
34 36
34 38
37 60
37 44
38 79
38 98
39 92
39 85
39 94
5 42
21 90
20 85
20 87
20 86
42 92
6 44
6 43
44 70
45 85
45 56
8 49
18 79
18 81
18 80
49 86
51 81
11 60
53 85
10 56
12 62
62 79
24 97
24 98
68 97
74 91
17 77
77 98
80 90
83 98
89 96