66 98 70 41 1 17 23 28 48 95 4 35 29 74 68 76 18 86 8 25 2 85 91 32 60 82 49 34 59 44 83 77 99 75 13 42 78 88 47 93 87 84 51 61 40 39 26 27 89 33 69 36 55 58 96 56 38 94 52 62 92 90
66 58
66 42
98 48
70 78
70 40
41 78
41 99
41 13
1 18
1 58
1 25
1 49
17 47
17 77
17 82
23 48
23 85
28 33
48 18
48 96
95 36
4 34
35 18
35 69
29 39
74 49
68 78
68 90
76 78
76 2
18 77
18 87
18 61
86 47
8 88
25 92
91 78
91 56
91 52
32 27
60 94
82 26
49 59
34 58
34 51
34 27
34 33
34 75
44 61
83 94
77 88
77 84
42 39
42 36
78 87
78 94
93 87
84 89
55 56
96 62
56 38