0 2 25 24 62 63 64 65 66 67 68 69 70 71 72 73 74 75 76 77 78 79 80 81 82 83 84 85 86 87 88 89 90 91 92 93 94 95 96 97 98 99 36 43 33 44 5 42 37 9 58 11 13 15 41 16 20 22 19 23 54 32 35 27 50 39 47
0 78
0 95
0 75
0 69
0 86
0 64
0 77
0 83
0 71
0 68
0 74
0 80
0 82
0 76
0 79
0 65
0 87
0 93
0 63
0 73
0 84
0 24
0 25
0 92
0 62
0 89
0 66
0 2
0 96
0 98
0 91
0 85
0 94
0 72
0 97
0 70
0 90
0 67
0 99
0 81
0 88
2 43
25 9
24 54
24 32
24 35
24 41
71 13
74 16
76 19
77 20
81 27
86 33
88 36
89 39
91 42
93 44
97 50
5 37
42 22
37 41
9 58
9 11
15 41
23 54
39 47