93 49 1 18 19 65 2 47 66 22 67 68 6 27 63 7 41 79 8 74 9 59 11 48 31 60 12 44 70 20 14 90 94 15 39 62 16 28 80 53 71 34 52 46 21 86 23 72 82 54 29 55 78 38 99 35 97 73 64 76 61
93 79
49 64
1 65
1 18
18 8
18 34
18 19
19 52
65 23
2 66
2 47
47 73
66 20
22 12
67 53
67 64
68 80
6 27
6 63
27 21
7 79
7 41
41 21
41 82
8 74
9 59
59 54
11 48
11 60
48 12
31 55
12 44
12 70
44 29
44 82
14 94
14 90
90 39
94 46
15 62
62 55
62 73
16 28
16 80
28 54
28 82
80 78
71 21
34 99
34 38
46 38
86 64
72 64
72 97
82 38
82 64
54 73
54 35
99 61
76 61