33 95 79 19 45 2 37 49 1 82 23 83 76 71 69 61 20 99 39 67 53 32 68 16 73 30 51 56 28 94 52 31 18 63 17 64 9 77 7 44 87 42 72 3 11 13 8 21 26 98 96 59 12 58 90 35 50 93 27 29 48 14 5 86 25 92 91 41
33 91
95 82
95 11
95 63
95 13
95 99
95 64
95 49
79 29
79 19
79 77
19 14
45 25
2 1
2 17
37 49
49 87
1 39
82 86
82 76
23 3
83 64
71 11
69 91
61 52
61 53
20 99
39 30
39 56
67 31
67 9
53 16
32 64
68 63
73 58
30 13
51 25
51 28
56 59
94 90
52 29
52 93
31 63
31 50
31 35
31 90
31 18
18 42
77 58
7 98
44 72
72 92
3 90
11 48
13 29
8 48
21 50
26 96
98 35
98 96
59 41
12 27
35 5
27 91
29 92
48 25
48 91