12 79 48 19 24 47 90 53 43 21 73 31 14 61 4 38 74 13 3 11 62 1 69 55 15 52 95 82 23 40 67 58 77 16 71 89 68 2 96 66 37 87 41 44 70 92 88 64 56 32 28 63 42 22 20 7 98 78 93 60 39 91
12 47
79 62
48 62
19 44
24 44
24 4
47 43
47 3
90 56
53 68
53 93
53 1
53 3
53 60
43 64
43 28
21 42
73 92
31 60
31 14
31 32
14 37
61 66
61 60
61 15
4 70
4 23
4 16
4 60
38 55
74 78
13 44
3 69
3 88
11 62
62 71
62 7
62 77
55 39
55 93
52 16
52 40
95 64
82 37
23 41
67 56
58 93
77 93
77 22
16 20
16 56
16 2
89 93
68 91
68 87
96 88
92 42
56 63
42 93
7 78
98 60