0 45 1 94 37 61 20 65 4 23 12 53 15 73 39 89 35 2 57 77 55 95 22 5 68 62 88 46 49 40 13 33 96 34 19 43 44 67 17 76 82 6 14 60 26 32 59 71 52 21 72 98 7 28 42 48 36 24 70 83 84 3 92
0 45
0 42
45 70
45 73
1 94
1 98
94 35
94 67
94 60
94 72
37 67
37 61
37 6
20 65
20 22
65 2
65 19
65 49
65 28
4 23
23 96
12 53
53 26
15 22
39 89
39 77
39 55
39 84
89 40
89 83
35 7
35 2
35 3
2 82
57 77
55 95
55 71
95 36
95 7
22 92
5 21
5 68
68 17
62 88
88 71
46 49
13 33
33 7
33 26
33 32
96 52
34 24
19 44
43 36
76 82
6 14
26 59
26 21
52 36
7 48
7 70
36 24