65 89 96 10 67 29 49 87 68 84 63 6 24 22 12 4 41 38 83 92 54 26 93 13 86 88 11 98 91 95 71 36 62 18 80 90 64 57 28 39 61 33 94 74 53 75 48 23 99 17 97 2 79 25 56 9 72 42 1 15
65 38
89 25
89 71
89 96
96 94
10 67
67 33
67 6
67 54
29 87
49 95
87 26
87 56
87 28
87 99
68 48
68 84
84 93
84 63
6 75
24 97
22 86
22 83
12 53
4 41
4 33
41 38
41 1
83 97
83 92
26 93
26 17
93 18
93 97
93 2
13 25
13 11
88 23
11 74
98 91
91 39
91 61
91 23
95 71
71 36
71 33
62 99
80 56
90 53
64 97
64 57
57 79
33 53
33 97
33 42
53 23
99 72
56 9
9 15