0 14 23 19 25 27 1 2 29 32 16 36 10 39 20 42 6 15 43 44 45 7 9 46 47 48 8 18 49 50 51 52 24 55 56 11 59 60 62 63 13 22 69 70 71 72 73 79 80 81 82 84 85 86 87 21 88 91 92 93 95 97 98 99
0 25
14 69
23 95
19 84
25 91
25 39
27 52
27 91
1 29
2 32
29 32
32 92
16 73
36 45
10 56
39 63
20 87
20 86
42 69
6 45
6 44
6 43
15 70
15 72
15 71
43 93
43 84
43 95
7 46
7 47
7 48
9 52
46 92
8 50
8 51
8 49
18 81
18 79
18 80
50 81
50 73
50 60
24 99
24 97
55 85
56 80
11 60
59 86
62 70
13 22
22 93
22 92
22 91
69 79
71 81
80 88
81 93
81 85
81 99
82 92
87 91
21 88
93 98