0 14 22 62 63 64 65 66 67 68 69 70 71 72 73 74 75 76 77 78 79 80 81 82 83 84 85 86 87 88 89 90 91 92 93 94 95 96 97 98 99 25 40 48 44 38 5 29 42 9 59 54 34 45 47 20 53 24 33 36 46 37 41 60
0 90
0 89
0 22
0 91
0 81
0 14
0 88
0 80
0 69
0 93
0 64
0 74
0 65
0 87
0 79
0 62
0 99
0 85
0 73
0 66
0 94
0 77
0 72
0 83
0 96
0 82
0 78
0 95
0 76
0 98
0 97
0 92
0 63
0 84
0 75
0 67
0 86
0 68
0 70
0 71
14 54
14 38
14 34
22 53
66 5
69 9
77 20
81 24
83 29
87 33
90 36
91 37
92 40
93 41
94 42
97 45
98 46
99 47
25 36
48 41
44 53
59 34
45 60