1 2 3 4 5 6 7 8 9 10 11 12 13 14 15 16 17 18 19 20 21 22 23 24 25 26 27 28 29 31 32 33 34 35 36 37 38 39 40 41 42 43 48 49 50 51 52 53 54 55 56 63 64 65 66 67 68 71 72 73 74 75 76 77 80 81 82 83 84 85 89 91 92 93 94 95 96 97 98 99
1 2
2 3
3 4
4 5
5 6
6 7
7 8
8 9
9 10
10 11
11 12
12 13
13 14
13 64
13 65
13 66
13 63
14 15
14 37
14 35
14 36
14 38
15 34
15 16
15 32
15 31
15 33
16 39
16 40
16 17
16 41
16 42
17 18
17 67
17 68
18 19
19 20
20 21
21 22
22 23
23 24
24 25
25 26
26 27
27 28
28 29
31 43
32 51
32 50
32 49
32 52
32 48
33 53
33 54
33 55
33 56
35 73
35 74
35 75
35 72
35 71
36 77
36 76
36 80
37 84
37 85
37 83
37 81
37 82
37 89
39 91
39 92
39 93
39 94
39 95
40 98
40 96
40 97
40 99