0 5 12 19 23 31 36 58 66 89 95 97 1 4 9 25 41 43 72 80 83 99 2 14 69 82 87 27 60 74 79 96 8 11 20 22 26 29 57 90 30 32 38 44 49 6 24 39 54 94 7 77 48 91 46 85 15 35 76
0 89
5 49
12 15
12 96
19 58
19 23
23 97
23 11
31 90
31 41
31 97
31 15
31 9
31 89
36 54
36 22
58 2
66 30
66 4
89 72
89 26
89 60
95 79
97 49
1 41
1 43
4 20
4 90
9 48
9 99
25 43
72 85
80 90
83 6
83 26
99 35
14 15
14 94
69 26
82 27
87 49
27 49
74 24
79 15
8 24
11 32
22 90
26 39
26 57
29 15
90 24
32 7
32 46
38 15
38 44
77 76
77 91
91 46