21 25 6 30 15 20 14 31 32 3 10 35 4 9 38 39 5 8 42 17 43 44 45 7 47 50 52 53 54 12 55 56 57 60 61 62 65 24 68 18 71 72 16 73 74 75 77 78 19 79 80 81 82 83 84 85 87 88 89 93 95 96 97 98 99
21 88
21 89
25 89
6 43
6 45
6 44
30 74
15 72
15 71
20 87
20 85
14 68
31 77
32 55
32 60
3 35
10 57
10 55
35 83
4 38
4 39
9 54
9 52
9 53
38 54
5 42
8 50
42 54
17 77
17 78
43 65
44 82
44 81
45 56
45 96
7 47
47 99
50 80
54 73
12 61
12 62
55 93
57 73
61 82
24 99
24 97
24 98
68 87
18 81
18 79
71 95
72 84
16 73
16 74
16 75
73 82
73 77
74 87
19 82
19 84
19 83
80 99
83 99
83 88