0 1 2 4 5 6 7 8 10 11 16 17 18 19 20 21 25 26 27 28 29 30 31 33 34 35 36 41 42 43 44 45 48 49 50 51 52 53 54 55 57 59 60 61 62 67 68 69 70 74 75 76 80 81 82 87 88 92 94 95 97 99
0 1
1 16
2 42
4 87
4 80
4 5
5 6
5 20
5 95
7 17
8 19
10 99
11 41
16 27
16 17
18 48
18 33
18 19
19 94
21 55
25 26
26 27
27 50
27 99
27 61
27 28
28 67
28 29
30 31
31 35
33 42
34 35
35 60
35 36
35 52
41 42
43 69
44 45
45 57
48 50
48 76
48 55
48 88
48 69
49 50
50 51
50 92
51 82
51 70
52 76
53 54
53 94
57 76
59 94
61 62
67 81
67 68
69 95
74 76
75 76
88 97