0 1 2 3 4 5 8 9 6 7 10 11 13 12 17 14 15 16 18 21 22 19 20 23 26 28 29 27 25 24 35 31 34 33 30 36 39 44 43 47 46 42 53 48 49 51 58 59 56 54 55 63 60 64 61 67 70 71 66 72 74 75 77 76 73 80 78 87 88 84 90 96
0 6
0 1
0 2
0 3
0 4
0 5
8 14
9 7
9 11
6 12
6 10
6 7
11 13
12 21
12 17
12 16
12 15
14 22
18 21
18 19
18 20
21 29
22 23
22 25
23 29
26 24
28 29
28 35
28 33
29 34
29 24
27 24
35 31
34 39
34 30
36 39
39 44
44 53
44 42
43 42
47 53
46 53
53 56
48 58
48 51
48 49
58 59
59 54
56 54
54 60
54 55
63 60
60 67
60 64
60 61
67 72
70 77
70 66
71 73
72 75
72 73
72 74
72 76
75 80
77 76
80 87
80 78
87 84
88 84
84 90
90 96