8 4 10 13 5 16 18 23 12 27 21 29 7 30 6 33 34 36 2 37 3 39 19 40 20 42 26 43 44 0 45 46 17 51 52 53 55 56 58 60 61 62 64 65 66 67 28 38 68 11 69 70 71 73 76 77 79 35 80 81 82 83 86 87 88 89 90 91 92 95 97 98 99
8 67
8 10
8 4
4 45
10 89
10 51
13 95
5 18
5 83
16 90
16 18
23 12
23 33
12 43
12 69
27 21
21 30
29 69
7 34
30 37
6 64
34 97
34 65
36 83
36 2
36 60
2 61
2 68
37 3
3 53
3 92
39 19
19 71
40 91
20 60
42 26
42 55
26 62
44 68
44 95
44 0
0 53
0 98
45 82
46 17
17 52
51 87
52 70
53 66
55 56
58 92
60 80
61 76
62 64
64 79
67 28
67 38
28 70
38 73
68 11
11 87
11 88
69 71
71 95
73 91
77 89
79 81
35 81
81 89
86 88
86 99
87 97