0 1 2 3 4 5 6 10 13 14 7 11 17 16 18 19 15 26 34 25 33 27 28 29 30 31 35 37 38 39 32 36 42 41 43 44 40 46 47 60 53 50 51 58 59 52 54 55 56 62 63 64 57 61 67 66 68 69 65 71 72 76 75 77 78 80 81 85 88 89 86 92 91 93
0 1
1 2
1 3
2 5
2 6
2 4
3 10
5 14
5 13
6 7
10 11
13 19
13 16
13 18
14 15
11 17
15 26
26 27
26 25
26 28
34 25
25 33
27 30
27 31
27 29
28 35
30 39
30 38
31 32
35 36
37 38
38 44
38 41
38 43
39 40
36 42
41 46
41 47
40 53
60 53
60 61
53 51
50 51
50 58
50 59
51 52
52 56
52 54
52 55
55 64
55 63
56 57
62 63
63 69
63 66
63 68
64 65
61 67
66 71
66 72
65 76
76 75
76 78
76 77
77 81
77 80
78 85
80 89
80 88
85 86
88 91
88 93
86 92