80 58 14 55 7 86 94 42 92 12 36 50 44 82 59 63 81 64 0 39 41 89 3 28 87 23 37 97 67 33 27 61 10 16 54 60 65 52 8 51 68 71 35 13 21 72 95 25 17 31 56 49 96 77 79 69 22 29 57 46 18
80 0
80 94
80 82
80 58
58 18
58 42
58 3
58 10
14 68
14 71
14 61
55 37
7 37
86 94
86 37
86 57
94 27
42 59
42 96
42 72
42 33
42 39
92 28
92 77
12 10
12 51
36 16
36 56
50 68
44 82
82 54
59 60
63 39
81 33
64 22
41 28
41 17
89 71
3 97
3 8
3 28
87 23
23 46
23 69
37 21
37 31
97 49
67 33
67 13
27 65
61 22
61 10
10 69
10 25
16 54
65 52
8 79
51 29
35 49
13 95