0 1 2 3 4 5 6 7 10 11 12 13 14 8 27 28 15 16 20 23 25 26 24 33 35 36 37 32 30 41 31 42 43 46 49 40 44 45 50 51 52 53 56 48 57 58 59 54 60 64 66 67 69 62 68 71 74 76 98 70 72 80 84 86 89 81 82 83 88 90 92 93 85 94
0 1
0 11
0 10
1 2
2 3
2 12
3 4
3 13
4 14
5 14
5 6
6 7
10 20
14 15
14 23
8 27
27 36
27 16
27 37
27 28
15 25
15 16
15 26
25 35
25 24
24 33
33 32
35 46
32 41
32 42
30 41
41 52
41 31
41 50
41 51
41 40
43 52
46 45
46 56
49 59
44 45
44 53
50 60
56 67
48 57
48 58
57 67
58 69
59 69
54 64
60 71
64 74
66 76
66 67
67 68
67 98
62 71
71 70
71 80
71 72
74 84
76 86
98 88
72 84
80 90
80 81
89 88
81 82
82 83
83 93
83 92
93 94
85 94