0 4 3 1 2 8 16 17 14 15 19 12 18 11 20 6 13 5 7 9 10 53 76 21 22 23 24 25 26 27 28 29 30 31 32 33 34 35 36 37 38 39 40 41 44 50 55 56 57 58 59 60 64 51 61 62 52 54 63 65 78 79 66 67 68 69 85 70 71 72 73 74 75 77 95 94 83 99 91 96 97 92 80 89
0 4
0 3
4 13
3 1
3 11
3 19
3 20
3 14
1 16
1 2
1 17
2 15
2 18
8 14
17 76
17 53
14 7
14 9
12 13
11 10
20 27
20 29
6 7
5 7
53 55
53 58
76 78
21 26
22 25
22 23
23 28
23 29
24 28
26 29
29 30
30 31
31 32
32 33
33 34
34 35
35 36
36 37
37 38
38 39
39 40
40 41
41 44
50 58
50 56
55 61
55 63
55 51
56 59
56 54
56 57
58 60
58 64
58 52
62 63
65 78
78 66
78 73
78 70
78 79
78 74
78 72
78 71
79 67
79 75
79 77
79 68
79 69
69 85
85 91
85 96
85 99
95 96
94 91
83 92
99 97
91 92
92 89
80 89