0 16 68 69 70 71 72 73 74 75 76 77 78 79 80 81 82 83 84 85 86 87 88 89 90 91 92 93 94 95 96 97 98 99 31 41 7 57 28 8 25 34 39 10 46 15 35 32 21 66 37 23 24 63 26 64 67 42 38 49 50 47
0 75
0 78
0 69
0 16
0 92
0 98
0 94
0 96
0 71
0 74
0 68
0 72
0 76
0 85
0 70
0 97
0 87
0 73
0 84
0 90
0 99
0 95
0 81
0 89
0 83
0 77
0 91
0 79
0 80
0 82
0 93
0 86
0 88
16 35
16 15
73 7
74 8
76 10
84 23
85 26
87 28
89 31
93 37
94 39
96 41
97 42
98 47
41 34
41 63
7 57
57 66
28 67
8 25
46 42
32 23
21 66
24 63
26 64
64 38
67 50
49 47