91 79 5 2 8 18 52 14 99 32 37 88 61 89 73 17 55 75 97 29 95 40 92 57 65 72 21 31 82 38 86 49 71 70 28 69 54 51 42 80 90 45 13 47 25 41 83 30 34 7 39 26 11 77 12 84 87 16
91 92
91 79
5 71
5 84
5 87
5 88
5 83
5 52
2 30
8 88
8 99
18 86
18 73
14 69
99 7
99 80
32 95
32 72
37 57
37 82
37 95
88 97
88 61
88 25
89 31
89 11
73 55
17 82
75 30
29 57
29 90
29 28
95 49
95 12
40 84
40 16
92 70
57 87
57 34
57 42
65 34
65 30
65 26
21 12
31 71
82 54
38 13
86 77
86 41
71 70
71 47
69 54
51 13
42 45
13 47
34 77
7 39