39 84 3 38 23 57 16 70 76 60 74 78 52 1 67 13 73 8 45 9 62 89 36 77 96 12 65 86 47 93 87 41 11 37 51 14 71 27 79 49 53 56 83 24 91 17 58 6 81 88 95 26 66 61 7 99 2 32 48 4
39 89
39 88
84 66
84 48
3 67
3 70
3 99
3 38
3 41
3 81
38 45
38 53
23 11
57 83
57 9
16 67
76 2
60 27
60 74
60 89
60 67
60 51
74 78
74 96
74 87
74 2
52 36
1 41
67 24
67 73
67 95
13 61
8 6
45 17
62 32
36 27
77 71
96 71
12 24
12 86
65 86
65 93
86 83
47 99
11 27
11 79
11 37
11 7
37 61
37 56
14 48
27 6
79 49
79 4
91 99
58 61
6 32
88 26
66 7