0 1 36 2 8 72 50 83 49 9 20 7 25 11 12 39 70 26 13 92 14 30 15 67 59 18 37 38 46 48 22 75 24 91 73 76 27 28 32 33 34 41 55 77 40 44 93 45 89 71 47 88 58 66 52 99 97 98 80 96
0 1
1 2
1 72
36 37
2 50
8 7
8 72
8 9
72 71
72 44
50 52
83 9
49 48
49 76
20 48
25 24
11 26
11 39
11 12
39 40
39 38
70 71
70 92
70 34
26 27
13 30
13 14
92 91
92 80
92 93
14 59
14 15
67 66
67 22
59 71
59 58
18 46
37 38
38 32
38 73
46 47
48 47
48 66
75 76
24 73
73 71
73 89
76 77
27 28
32 33
41 40
55 99
45 71
71 66
47 88
66 99
99 98
97 96
97 98