2 3 4 7 8 9 10 20 30 40 70 80 90 91 92 93 94 95 96 97 98 99 19 29 39 49 59 69 79 89 13 14 15 16 17 18 21 31 41 51 61 71 81 82 83 84 85 86 87 88 28 38 48 58 68 78 24 25 26 27 32 42 52 62 72 73 74 75 76 77 37 47 57 34 35 36 53 63 64 65 46 56
2 3
3 4
4 14
7 8
8 9
9 19
10 20
20 30
30 40
40 41
70 80
80 90
90 91
91 92
92 93
93 94
94 95
95 96
95 85
96 97
97 98
99 89
19 29
29 39
39 49
49 59
59 58
59 69
69 79
79 89
13 14
14 15
15 16
16 17
17 18
18 28
21 31
31 41
41 51
51 61
61 71
71 81
81 82
82 83
83 84
84 85
85 86
85 74
86 87
87 88
88 78
28 38
38 48
48 57
48 58
58 68
58 47
68 78
24 25
25 26
26 27
27 37
32 42
42 52
52 62
62 72
72 73
73 74
74 64
74 75
75 65
75 76
76 77
37 47
47 46
34 35
35 36
36 46
53 63
63 64
46 56