1 2 96 97 98 5 6 7 8 9 10 11 12 13 14 17 18 19 20 21 22 23 24 25 26 27 28 29 30 31 32 33 34 35 36 37 38 39 40 41 42 43 44 45 46 47 48 49 50 51 52 53 54 55 56 57 58 59 60 61 62 63 64 65 66 68 69 70 71 74 75 76 78 80 82 83 84 90 92 93
1 97
1 98
2 5
2 98
96 98
96 93
5 7
6 8
7 8
8 9
9 12
10 12
11 14
11 13
12 13
14 17
17 20
18 20
19 20
20 22
21 22
22 23
23 26
24 26
25 27
26 27
27 28
27 29
29 32
29 31
30 31
31 33
33 34
33 35
34 36
36 39
37 38
38 41
38 39
39 40
40 43
41 42
43 45
43 44
45 48
45 46
46 47
48 50
48 49
48 51
51 53
51 52
53 54
54 55
54 56
54 57
56 58
56 59
57 60
59 61
60 62
62 64
62 63
64 66
64 65
66 68
68 70
68 69
69 71
71 74
74 75
74 76
75 78
78 80
80 82
82 84
82 83
90 92
92 93