0 9 18 25 1 8 20 28 29 30 2 31 32 33 4 11 36 12 16 23 37 38 39 5 15 40 41 42 6 14 43 44 45 7 46 47 49 50 51 53 21 56 58 13 61 62 63 66 68 70 71 72 73 78 19 80 81 83 85 22 88 91 92 93 94 95 96 97 98
0 25
9 53
18 81
25 37
1 29
1 30
1 28
8 50
8 51
8 49
20 85
29 39
2 31
2 32
2 33
31 71
31 36
4 38
4 39
4 37
11 58
12 61
12 63
12 62
16 73
23 96
23 95
23 94
38 91
38 71
38 96
39 45
39 41
5 41
5 40
5 42
15 71
15 72
15 70
41 66
42 68
6 45
6 44
6 43
14 68
44 98
7 47
7 46
47 91
49 97
50 71
51 78
53 70
21 88
56 83
58 63
13 66
61 71
61 85
61 83
72 81
73 94
19 83
80 95
22 91
22 93
22 92
88 92