0 61 63 65 66 67 68 69 70 71 72 73 74 75 76 77 78 79 80 81 82 83 84 85 86 87 88 89 90 91 92 93 94 95 96 97 98 99 12 2 15 3 36 14 5 6 7 27 9 21 10 11 64 16 18 19 44 25 30 42 59 26 45 28 43 58 48
0 61
0 66
0 74
0 63
0 67
0 76
0 97
0 81
0 99
0 85
0 98
0 91
0 84
0 92
0 88
0 86
0 77
0 69
0 89
0 65
0 96
0 79
0 75
0 68
0 71
0 95
0 70
0 80
0 82
0 87
0 72
0 73
0 93
0 94
0 78
0 90
0 83
61 3
61 26
63 10
63 25
66 2
69 5
70 6
73 11
74 12
76 14
77 15
78 16
80 18
81 19
86 27
87 28
89 30
98 42
99 44
15 64
3 36
7 27
9 21
21 30
25 59
26 45
45 48
43 48
43 58