3 6 8 10 15 16 17 18 20 21 23 25 26 29 30 32 33 35 37 38 40 41 42 44 51 52 54 57 58 62 63 64 65 66 67 72 73 74 77 79 81 83 88 89 90 91 92 96 97 98 2 7 24 39 43 46 53 55 85 99 56
3 77
3 17
3 7
6 37
8 32
10 35
10 40
10 38
10 24
10 83
10 65
15 79
15 97
15 72
15 64
16 21
16 96
17 85
17 41
18 79
18 63
20 79
20 55
20 62
20 54
20 23
21 89
21 44
25 46
25 51
26 85
29 77
30 33
32 52
33 77
33 66
37 99
40 91
42 74
44 99
44 81
52 79
52 98
57 89
57 73
57 67
58 79
74 2
77 91
77 46
77 89
77 39
77 92
77 88
79 89
79 43
89 53
89 90
97 2
99 56