1 32 34 2 3 19 4 5 20 21 6 7 8 9 24 10 11 13 25 36 38 15 39 40 16 17 26 18 23 27 22 28 29 31 30 43 44 35 37 41 42 46 48 49 50 51 55 57 58 59 60 63 61 64 69 66 75 67 70 79 80 78 72 74 82 83 73 84 88 95 92
1 2
32 19
34 27
2 3
3 4
3 59
19 18
4 5
4 21
4 20
5 7
5 60
5 6
5 8
21 23
7 58
8 9
24 23
24 25
10 13
11 36
11 38
13 25
36 40
36 37
36 39
15 16
39 48
40 28
16 17
17 18
26 18
26 28
26 27
26 29
18 23
23 22
27 31
29 44
29 43
31 30
43 42
35 37
35 46
41 42
48 49
49 50
50 51
55 58
57 58
59 63
60 61
63 64
64 69
69 75
66 67
75 84
75 88
67 72
67 74
70 79
79 78
79 80
79 95
78 72
72 73
74 83
82 83
73 84
95 92