0 20 39 8 9 10 45 21 2 32 92 27 76 3 68 85 53 56 31 98 51 6 94 89 7 40 17 74 95 46 47 99 93 19 44 79 11 97 36 12 66 15 13 14 84 28 35 37 80 49 82 34 90 64 54 88 75 52 57
0 20
0 10
39 80
8 3
8 92
9 85
9 31
10 79
10 19
45 95
45 11
21 80
2 76
2 92
2 27
32 80
32 88
32 44
32 14
92 51
92 17
92 19
27 36
76 11
76 90
3 68
85 51
53 90
56 28
98 19
51 93
51 47
6 89
94 19
89 54
89 13
7 17
7 40
40 82
17 80
74 14
95 34
46 19
47 15
99 54
99 75
19 49
44 35
44 57
97 37
36 75
12 66
66 64
66 37
14 28
14 84
84 52
49 64