0 7 4 44 74 75 76 77 78 79 80 81 82 83 84 85 86 87 88 89 90 91 92 93 94 95 96 97 98 99 1 3 63 50 37 30 58 5 38 6 42 9 15 10 13 40 14 53 73 60 64 17 54 21 22 72 24 55 25 27 28 56 29
0 4
0 44
0 92
0 74
0 89
0 98
0 86
0 7
0 87
0 94
0 84
0 79
0 82
0 81
0 91
0 90
0 99
0 88
0 76
0 83
0 80
0 75
0 78
0 85
0 93
0 95
0 77
0 96
0 97
7 42
4 58
4 37
4 30
44 15
44 53
74 1
78 5
79 6
83 10
89 17
92 21
94 24
95 25
97 28
98 29
3 50
3 63
50 53
50 40
30 27
5 38
38 22
9 15
15 64
15 60
13 40
14 53
14 73
54 27
22 72
24 55
28 56