0 1 2 3 4 5 6 7 8 9 10 11 12 15 16 17 18 19 20 21 22 23 24 25 26 27 28 29 30 31 32 33 34 35 36 37 38 39 40 41 42 43 44 45 60 61 62 63 64 65 66 69 70 71 74 75 80 79 78 77 81 82 92 94 95 90 83 84 85 91 86 87 88 89 59 58 57 56 46 47 48 49 50 51 52 53 54 55
0 91
0 1
0 45
1 2
2 3
3 4
4 5
5 6
6 7
7 8
8 9
9 10
10 11
11 12
15 16
16 17
17 18
18 19
19 20
20 21
21 22
22 23
23 24
24 25
25 26
25 75
26 27
27 28
28 29
29 30
30 31
31 32
32 33
33 34
34 35
35 60
35 36
36 37
37 85
37 38
38 39
38 84
39 40
39 83
40 41
40 90
41 42
42 43
43 44
60 61
61 80
61 62
62 63
63 64
64 65
64 69
65 66
69 70
70 71
70 81
74 75
80 79
79 78
78 77
81 82
82 92
92 94
94 95
90 91
83 86
84 87
84 88
85 89
88 57
59 57
58 57
57 53
57 51
57 48
57 46
57 55
57 52
57 50
57 56
57 49
57 54
57 47