0 10 21 27 23 16 28 2 20 32 3 11 34 35 36 13 39 5 9 40 43 45 7 8 46 47 48 15 49 50 18 54 55 56 57 58 12 62 19 65 14 67 68 69 70 72 73 75 17 77 79 24 82 83 84 85 86 87 88 89 90 92 94 95 97 99
0 27
10 55
10 57
10 56
21 89
21 88
27 34
23 95
23 94
16 75
16 73
28 47
2 32
20 87
20 86
20 85
32 88
3 35
3 34
3 36
11 58
34 43
35 40
35 68
13 65
39 72
5 40
9 54
45 97
7 48
7 46
7 47
8 50
8 49
48 89
48 79
15 70
15 72
50 88
18 79
54 84
55 89
58 83
12 62
62 89
19 83
19 84
19 82
65 88
14 68
14 69
14 67
67 99
67 90
68 87
68 89
69 77
69 92
70 87
75 87
17 77
24 99
83 87
83 95
84 97