0 37 50 73 81 1 80 89 95 29 43 57 12 87 4 22 47 62 77 9 18 27 32 55 21 82 88 92 36 52 8 40 34 42 46 65 10 64 68 11 71 56 74 13 14 15 53 51 38 44 69 17 98 86 54 45 96 58 78 70 79 84
0 37
37 15
37 45
37 70
50 21
73 1
73 68
81 38
81 15
81 68
80 29
80 43
80 70
89 79
89 64
95 53
95 68
29 58
57 74
12 56
87 96
87 10
4 22
4 47
22 86
22 34
22 8
47 82
47 64
62 92
77 92
77 45
77 34
9 34
9 65
18 46
18 17
27 45
32 42
55 34
21 56
88 51
88 52
88 84
88 36
40 46
40 34
40 13
34 71
42 71
10 64
68 14
11 71
71 78
56 15
74 15
51 45
44 58
69 84
69 54
17 98