81 62 88 50 59 9 82 63 33 2 6 86 53 87 16 49 68 90 44 70 58 23 41 95 65 61 37 34 21 71 43 22 0 55 93 28 24 1 79 4 18 13 54 39 75 26 32 97 47 40 5 56 35 89 27 73 12 10 67 96 77
81 88
62 63
88 9
50 32
50 55
59 33
59 67
9 93
9 53
82 0
63 13
33 1
2 87
2 6
6 22
86 87
87 1
87 28
87 18
87 4
16 68
16 49
68 93
68 44
68 40
68 27
90 18
90 58
44 41
44 95
70 34
23 75
41 65
61 56
61 37
34 1
34 56
34 73
34 10
21 93
21 0
21 43
71 73
43 77
0 32
0 26
93 1
93 47
93 97
28 24
28 79
24 5
24 12
1 13
1 75
13 54
39 75
47 89
40 35
56 96