0 11 25 26 27 1 9 12 29 2 23 21 31 32 33 3 24 35 6 37 20 41 43 7 10 46 47 48 8 14 22 50 19 52 53 54 16 58 60 61 63 13 65 66 69 15 70 71 72 73 75 77 18 79 84 85 91 94 97 99
0 25
0 27
0 26
11 60
27 85
27 65
27 32
1 29
9 54
9 52
12 61
29 60
2 31
2 33
2 21
2 32
23 94
31 66
32 47
32 73
32 71
33 35
33 94
33 91
3 35
24 99
24 97
6 43
37 91
20 85
41 63
43 66
7 47
7 10
7 48
7 46
47 99
47 53
47 60
47 52
48 50
48 61
8 50
14 69
22 91
19 84
16 73
16 75
58 72
61 63
13 65
69 70
15 72
15 71
15 70
71 84
72 77
18 79
79 84