54 41 90 27 35 69 48 64 96 55 11 52 14 97 85 10 50 75 78 28 83 2 68 36 95 40 17 23 86 60 25 80 76 65 59 1 9 93 24 13 61 74 43 31 44 37 67 0 66 79 42 4 33 3 49 87 26 72 58 38 39 82 84 6 46 81
54 69
54 64
54 50
54 55
54 90
41 27
90 1
90 40
90 14
90 27
90 52
90 36
90 11
90 35
27 96
69 95
69 97
69 23
69 49
48 9
48 6
48 78
64 25
64 78
96 60
96 17
55 24
11 83
14 10
97 81
85 31
85 58
85 66
10 26
50 67
75 3
75 33
75 68
75 37
75 59
78 0
28 68
2 65
68 82
36 72
17 80
23 42
23 76
86 38
86 74
80 13
65 93
65 82
65 61
24 31
61 74
61 87
74 0
43 44
44 4
44 0
44 79
79 84
4 46
87 39