0 37 20 59 60 61 62 63 64 65 66 67 68 69 70 71 72 73 74 75 76 77 78 79 80 81 82 83 84 85 86 87 88 89 90 91 92 93 94 95 96 97 98 99 1 45 31 30 13 4 24 5 9 50 10 40 52 57 11 18 16 33 25 58
0 97
0 99
0 66
0 37
0 86
0 83
0 71
0 96
0 61
0 81
0 91
0 74
0 79
0 72
0 65
0 82
0 85
0 87
0 73
0 78
0 20
0 69
0 88
0 92
0 95
0 64
0 75
0 89
0 59
0 62
0 94
0 77
0 98
0 80
0 68
0 76
0 70
0 93
0 63
0 84
0 90
0 60
0 67
37 5
20 10
20 25
59 1
66 13
68 16
79 30
80 31
82 33
1 45
30 58
4 24
24 25
9 50
50 10
10 57
10 40
10 52
40 18
57 11