33 65 93 88 75 82 99 15 87 11 73 35 37 92 91 26 85 43 45 27 94 41 21 78 51 39 61 47 69 49 34 76 10 62 96 9 53 57 2 71 50 12 8 64 59 3 60 25 16 30 98 54 63 58 48 17 67 38 36 40 89
33 47
33 89
33 69
33 65
93 48
88 43
88 10
75 11
82 61
99 15
15 49
87 67
87 25
87 2
11 38
73 3
35 43
35 36
35 26
35 96
37 43
37 59
92 25
92 8
91 36
26 49
85 58
85 41
43 61
43 67
45 27
27 49
27 40
94 3
21 47
21 64
78 76
51 50
51 58
39 71
61 47
61 76
61 17
47 58
47 34
76 9
76 98
10 54
62 58
96 60
53 60
57 67
71 89
12 59
3 58
25 16
30 58
30 48
63 38
48 38