63 62 64 61 65 60 66 59 67 58 68 57 69 56 70 55 71 54 72 53 73 52 74 51 75 50 76 49 77 48 78 47 79 46 80 45 81 44 82 43 83 42 84 41 85 40 86 39 87 38 88 37 89 36 90 35 91 34 92 33 93 32 94 31 95 30 96 29 97 28 98 27 26 25 24 23 22 21 20 19 18 17 16 15 14 13 12 11 10 9 8 7 6 5 4 3 2 1
63 62
63 64
62 61
64 65
61 60
65 66
60 59
66 67
59 58
67 68
58 57
68 69
57 56
69 70
56 55
70 71
55 54
71 72
54 53
72 73
53 52
73 74
52 51
74 75
51 50
75 76
50 49
76 77
49 48
77 78
48 47
78 79
47 46
79 80
46 45
80 81
45 44
81 82
44 43
82 83
43 42
83 84
42 41
84 85
41 40
85 86
40 39
86 87
39 38
87 88
38 37
88 89
37 36
89 90
36 35
90 91
35 34
91 92
34 33
92 93
33 32
93 94
32 31
94 95
31 30
95 96
30 29
96 97
29 28
97 98
28 27
27 26
26 25
25 24
24 23
23 22
22 21
21 20
20 19
19 18
18 17
17 16
16 15
15 14
14 13
13 12
12 11
11 10
10 9
9 8
8 7
7 6
6 5
5 4
4 3
3 2
2 1