15 20 25 27 1 4 28 29 30 2 24 31 33 3 22 10 34 35 36 5 12 40 41 6 7 43 44 45 14 19 46 47 48 49 9 53 54 57 11 60 61 62 13 16 64 67 71 73 74 75 17 76 77 80 81 83 85 86 87 88 91 92 96 97
15 71
20 85
20 86
25 97
27 91
1 30
1 29
1 28
4 3
29 43
29 71
29 57
2 31
2 33
24 97
31 44
3 35
3 34
3 36
22 92
10 57
35 43
36 60
5 41
5 40
12 62
40 46
6 44
6 43
6 45
7 46
7 47
7 48
43 86
43 46
43 77
45 97
14 67
19 83
46 75
47 81
48 62
48 64
48 91
49 74
9 53
9 54
54 77
11 60
61 83
13 64
16 73
16 75
16 74
64 88
67 86
73 96
74 80
17 76
17 77
83 86
86 87
86 92