0 16 24 25 26 27 13 29 30 2 22 32 33 6 12 34 4 37 5 10 40 41 42 7 11 9 19 44 46 47 48 51 52 53 54 56 57 60 61 62 63 65 69 71 72 73 74 78 18 79 81 83 84 87 88 91 93 96 97 98
0 27
0 25
0 26
16 73
24 97
25 47
25 56
26 87
13 65
29 73
30 83
2 32
2 33
22 93
22 91
32 44
32 47
6 7
12 62
12 61
12 63
34 41
4 37
37 60
5 40
5 42
5 41
10 57
10 56
40 48
40 60
42 74
7 48
7 47
7 46
11 60
9 52
9 53
9 54
19 84
19 83
46 62
47 54
47 97
47 84
47 81
51 79
54 78
57 96
60 91
61 69
61 98
62 65
62 73
65 72
71 79
18 81
18 79
88 91