1 2 3 98 6 7 8 11 12 13 16 17 18 21 22 27 28 31 32 33 36 37 38 41 42 43 46 47 48 51 52 53 55 56 59 57 58 60 61 64 62 63 65 66 69 67 68 70 71 74 72 73 75 76 79 77 78 80 81 84 82 83 85 86 89 87 88 90 91 94 92 93 96 97
1 98
1 2
2 3
3 6
98 97
6 7
7 8
8 11
11 12
12 13
13 16
16 17
17 18
18 21
21 22
27 28
28 31
31 32
32 33
33 36
36 37
37 38
38 41
41 42
42 43
43 46
46 47
47 48
48 51
51 52
52 53
53 56
55 58
56 57
59 58
57 58
58 61
60 63
61 62
64 63
62 63
63 66
65 68
66 67
69 68
67 68
68 71
70 73
71 72
74 73
72 73
73 76
75 76
76 77
76 79
77 78
78 81
80 81
81 82
81 84
82 83
83 86
85 86
86 87
86 89
87 88
88 91
90 91
91 92
91 94
92 93
93 96
96 97