0 10 25 27 28 30 2 6 31 3 22 23 11 34 35 36 4 5 38 19 40 42 16 43 44 7 48 18 49 51 9 12 52 56 57 58 59 62 17 14 21 73 75 76 77 78 24 80 82 83 84 85 88 91 94 95 96 97 98 99
0 27
10 56
25 78
25 85
27 42
28 95
30 51
30 88
2 31
6 43
31 49
31 40
3 35
3 34
3 36
22 91
23 95
23 96
23 94
11 58
36 94
4 38
5 42
5 40
38 95
19 82
19 83
19 84
42 97
42 73
16 73
43 78
44 84
7 48
48 62
48 76
18 80
9 52
12 62
52 96
56 88
57 88
58 97
59 82
59 75
17 77
17 78
17 76
17 14
21 88
77 97
77 94
24 98
24 99
24 97
80 95
84 94
88 94
91 99