0 57 61 55 70 71 72 73 74 75 76 77 78 79 80 81 82 83 84 85 86 87 88 89 90 91 92 93 94 95 96 97 98 99 1 7 3 47 46 28 6 31 8 9 67 12 21 41 14 56 26 17 19 27 69 51 23 24 65 32 36 38 42 60
0 75
0 92
0 83
0 89
0 96
0 77
0 94
0 61
0 72
0 91
0 80
0 79
0 55
0 87
0 73
0 78
0 84
0 57
0 88
0 86
0 98
0 74
0 71
0 85
0 76
0 97
0 82
0 81
0 93
0 70
0 90
0 99
0 95
57 21
61 36
55 8
55 42
70 1
71 3
73 6
74 7
76 9
82 17
86 23
87 24
88 26
89 27
90 28
93 32
98 38
99 41
7 46
7 31
3 47
67 38
12 21
21 14
14 56
26 65
19 27
19 69
69 51
65 60