1 51 61 46 4 5 40 57 83 87 7 79 90 32 39 17 82 12 24 84 93 96 78 43 27 63 86 69 72 58 92 95 23 70 49 50 25 81 77 28 31 99 89 33 94 60 75 53 91 42 97 44 45 98 62 48 67 59 66 68 85
1 61
51 87
61 95
61 40
46 62
4 57
4 5
57 94
83 93
83 69
87 86
87 84
87 99
7 32
79 99
90 99
90 91
32 94
32 33
39 53
17 69
82 92
82 78
12 93
24 81
24 23
93 62
93 63
93 68
93 98
93 94
96 42
96 27
43 63
43 77
86 95
86 81
86 85
72 95
58 53
58 97
92 95
92 45
95 94
95 60
95 66
95 70
95 25
95 48
23 49
50 60
50 28
31 89
99 89
99 42
94 53
94 44
60 59
75 44
67 66