17 18 23 24 34 39 55 59 60 64 71 78 79 92 8 9 16 19 21 27 31 49 68 81 94 10 20 25 29 46 48 51 52 61 69 76 90 3 26 43 57 80 4 5 7 84 99 6 14 15 44 53 88 93 35 40 45 63 89 50 83 65 85 22 28 77 36 72
17 80
17 53
18 92
23 31
23 94
24 89
34 78
39 72
39 50
55 72
59 7
60 65
64 72
71 20
78 19
79 51
79 4
92 9
92 20
8 52
8 68
8 6
9 7
16 80
19 20
21 44
27 20
31 40
31 69
49 85
49 4
81 50
10 99
20 26
25 35
25 57
25 5
29 35
46 44
46 48
51 43
51 35
52 15
52 77
52 50
61 26
76 6
90 84
90 99
3 26
3 80
26 14
57 88
80 35
80 15
99 83
99 40
99 77
99 22
44 88
93 89
93 36
35 28
40 63
45 50
50 36
83 65