0 7 4 25 26 27 1 28 2 22 31 32 33 13 35 5 39 12 40 42 6 15 8 44 46 47 48 51 9 52 53 54 21 56 11 59 60 62 63 64 66 14 68 69 70 72 16 75 19 78 80 82 84 87 88 90 91 92 93 96 99
0 25
0 26
0 27
7 48
7 46
7 47
7 1
4 39
25 35
25 51
25 84
25 75
26 48
27 39
1 28
2 32
2 31
2 33
22 91
22 93
22 92
31 96
32 99
32 87
33 47
33 64
13 66
5 40
5 42
12 63
12 62
40 47
6 44
15 70
15 72
8 51
44 48
46 88
46 69
46 53
47 68
48 59
48 70
48 92
48 63
9 52
9 54
52 80
52 70
53 66
54 82
21 90
21 88
56 75
11 60
11 59
14 69
16 75
19 84
78 93