91 65 59 37 61 81 26 4 97 31 28 19 80 24 8 52 71 95 12 54 5 7 93 82 13 50 42 41 96 68 22 51 2 83 23 3 84 16 21 92 99 27 72 98 70 29 77 36 20 86 57 34 64 69 73 44 15 90 56 35
91 83
65 36
59 2
59 20
37 4
37 64
37 71
61 42
81 7
81 84
81 36
81 26
26 52
26 97
26 72
26 50
31 34
28 68
28 27
28 34
19 36
19 21
19 93
80 56
24 98
8 36
71 36
71 27
71 82
71 51
71 13
95 93
12 96
12 82
54 57
54 36
54 77
5 16
82 99
82 86
13 29
13 92
42 86
41 83
96 90
96 69
22 21
51 44
51 20
83 21
23 27
23 16
23 70
3 84
99 15
98 29
98 35
20 73
15 56