0 35 1 37 2 39 3 41 4 43 5 45 6 47 7 49 8 51 9 53 10 54 55 11 56 57 12 58 59 13 60 61 14 62 63 15 64 65 16 66 67 17 68 69 18 70 71 19 72 73 20 74 75 21 76 77 22 78 79 23 80 81 24 82 83 25 84 85 26 86 87 27 89 28 91 29 93 30 95 31 97 32 99
0 35
35 1
1 37
37 2
2 39
39 3
3 41
41 4
4 43
43 5
5 45
45 6
6 47
47 7
7 49
49 8
8 51
51 9
9 53
53 10
10 55
10 54
55 11
11 57
11 56
57 12
12 59
12 58
59 13
13 61
13 60
61 14
14 63
14 62
63 15
15 65
15 64
65 16
16 67
16 66
67 17
17 69
17 68
69 18
18 71
18 70
71 19
19 73
19 72
73 20
20 75
20 74
75 21
21 77
21 76
77 22
22 79
22 78
79 23
23 81
23 80
81 24
24 83
24 82
83 25
25 85
25 84
85 26
26 87
26 86
87 27
27 89
89 28
28 91
91 29
29 93
93 30
30 95
95 31
31 97
97 32
32 99