0 1 2 4 5 6 7 8 9 10 25 12 11 13 14 15 16 18 17 19 20 21 22 23 24 3 26 27 28 29 30 31 32 33 34 35 49 36 37 38 39 40 42 41 43 44 45 46 47 48 70 50 55 57 58 60 75 63 64 68 69 71 72 73 74 79 82 83 84 85 88 89 92 94 96 97 98
0 2
0 1
0 4
1 98
2 68
2 18
5 7
6 7
7 39
7 8
7 15
8 11
9 10
10 25
25 20
25 27
25 28
25 26
12 11
13 14
14 24
14 23
14 15
15 16
16 18
18 17
18 21
18 19
19 44
20 3
20 21
22 23
24 38
27 70
29 32
30 32
31 32
32 35
33 34
33 35
34 42
34 36
34 49
37 38
38 47
39 40
40 42
42 43
42 41
44 45
46 47
46 48
70 69
70 71
50 55
55 57
57 89
57 58
60 75
75 79
63 64
64 74
69 94
71 79
72 73
72 74
74 88
79 82
82 85
83 85
83 84
84 92
88 89
88 97
96 98
96 97