0 1 5 4 6 9 3 21 2 94 92 93 86 7 8 12 88 10 11 13 55 15 16 17 19 20 35 42 22 52 23 66 24 71 25 87 26 91 27 28 29 30 31 32 34 36 83 38 39 48 51 79 80 49 53 54 62 56 57 84 60 61 63 64 78 67 69 77 74 73 75 85 81
0 1
1 29
1 49
1 62
1 5
1 4
1 80
1 79
5 9
4 2
6 74
6 93
9 28
9 54
9 88
3 2
3 21
21 42
2 12
2 69
2 94
94 92
94 30
94 23
92 15
92 51
93 86
86 19
7 8
7 38
7 66
8 12
12 11
88 64
10 11
10 31
11 39
11 52
13 91
55 62
15 85
16 17
16 78
17 24
19 20
19 61
35 36
35 34
22 52
22 73
22 27
22 56
22 48
52 67
23 32
24 71
24 25
24 26
71 74
25 87
26 91
91 29
31 57
32 81
32 63
36 64
36 83
83 84
53 54
60 61
77 75
75 85