2 3 1 8 5 10 11 12 4 13 14 15 16 18 19 22 23 24 26 27 28 29 31 32 34 35 36 37 38 39 40 41 42 43 44 45 46 47 49 51 52 53 54 57 59 60 63 64 65 68 69 72 75 77 79 81 88 91 93 94 97
2 31
3 11
1 75
1 41
8 5
5 31
10 97
10 12
11 36
12 18
4 47
13 14
13 24
15 27
15 42
16 88
16 94
18 93
18 23
19 34
22 65
23 46
23 59
23 34
24 57
24 34
26 79
27 34
28 43
29 46
31 94
31 34
32 79
34 43
35 91
35 65
36 53
36 91
36 63
37 44
37 91
37 94
38 81
38 46
39 72
40 68
40 45
43 77
47 94
49 75
49 57
49 51
52 93
52 64
54 91
59 60
59 79
68 94
69 72
72 77