89 21 3 4 5 6 38 11 70 9 68 12 96 15 16 57 17 91 18 44 19 61 20 83 46 23 53 74 27 28 29 31 30 82 86 32 33 92 55 35 36 37 69 59 39 97 63 50 81 56 52 94 58 67 60 93 62 75 66 79 71 78 84 90 95
89 90
21 20
3 4
4 5
5 38
5 6
6 11
38 37
38 39
11 12
70 69
70 71
9 68
68 67
68 69
96 95
96 97
15 57
16 17
57 58
57 56
17 18
17 44
91 92
18 61
18 19
19 83
19 20
61 62
61 60
20 46
83 82
83 84
23 53
53 52
74 75
27 28
28 31
29 82
29 30
31 32
30 86
82 81
32 92
32 33
33 55
92 93
35 36
36 37
37 59
59 60
59 58
63 62
50 56
52 94
94 93
94 95
58 67
67 66
60 93
62 75
66 79
79 78
90 95