5 21 23 1 8 15 30 2 3 13 33 34 4 9 14 37 39 40 6 12 43 44 45 7 48 22 49 54 18 56 60 63 16 66 67 68 69 20 24 70 71 72 73 74 75 17 76 80 19 83 84 86 88 89 90 91 93 94 99
5 40
21 88
21 89
21 90
23 94
1 30
8 49
15 71
15 72
15 70
30 40
30 33
30 88
2 33
3 34
13 66
34 70
4 37
4 39
9 54
14 67
14 68
14 69
39 69
6 43
6 44
6 45
12 63
43 88
7 48
48 67
22 91
22 93
49 54
54 89
18 80
56 93
60 75
63 67
16 75
16 74
16 73
66 84
68 93
69 73
69 76
69 71
20 86
24 99
70 94
70 86
71 88
72 84
17 76
80 94
19 83
19 84
88 99