72 43 28 2 38 41 65 25 36 44 59 79 55 29 33 12 15 93 83 70 62 5 40 60 27 18 7 32 73 78 68 42 11 21 90 8 63 4 45 46 51 84 10 57 6 49 9 58 88 81 75 94 74 14 67 13 91 77 53 92 99 19
72 88
43 78
28 32
2 25
2 4
2 81
38 88
38 93
41 88
41 84
65 8
65 36
65 88
65 10
65 53
25 36
25 70
36 74
44 78
59 19
79 88
79 62
79 49
55 60
55 51
29 74
33 21
12 18
15 13
83 77
62 27
5 18
5 11
40 51
60 46
18 46
18 32
18 78
7 94
7 75
7 63
73 67
68 10
68 13
42 88
42 9
11 90
21 88
21 58
8 19
8 14
45 75
46 77
46 94
57 6
6 75
9 92
88 77
14 99
67 19
91 77