0 1 13 14 15 22 28 33 52 60 63 66 68 70 76 96 3 11 17 45 62 94 99 2 34 43 46 55 58 72 78 81 84 97 18 73 85 98 21 27 49 54 37 7 29 91 42 65 87 89 95 38 77 93 53 59 24 92
0 68
1 33
1 11
1 99
1 96
13 96
14 46
15 24
15 96
22 66
28 87
52 62
60 84
60 55
63 58
63 68
66 85
66 93
66 97
66 72
66 46
68 99
70 53
70 93
76 73
96 87
3 81
17 62
45 27
62 93
94 93
94 98
99 7
2 78
34 77
43 85
43 78
46 89
46 84
72 91
81 77
81 92
81 93
81 38
81 21
84 18
84 54
97 59
73 93
27 77
49 95
49 92
54 37
29 87
42 93
65 93
87 93