0 2 4 5 1 3 23 24 7 17 16 10 12 15 6 18 21 19 22 11 9 8 13 20 30 32 29 34 44 42 38 39 40 46 27 35 49 28 47 69 93 70 92 52 89 71 73 74 75 88 98 96 60 53 51 85 97 54 63 55 67 57 65 82 58 83 84 81 90
0 5
2 3
2 4
2 47
2 13
4 1
5 1
5 12
5 73
5 11
1 27
1 16
1 7
1 39
3 22
3 20
23 24
23 30
23 51
23 90
23 89
7 96
7 32
17 44
17 67
17 42
16 18
16 53
10 92
10 8
10 32
12 9
15 39
6 67
6 18
21 13
21 19
22 46
11 74
8 35
20 82
30 29
32 52
32 29
34 92
38 39
39 40
39 63
49 28
28 74
47 81
69 93
93 70
70 92
92 71
89 88
74 75
88 85
98 60
98 97
60 54
54 55
54 63
63 84
63 65
67 57
57 58
58 83