0 19 12 25 1 15 28 29 30 2 21 9 33 36 4 14 13 39 16 7 24 42 6 43 47 8 50 11 52 53 54 10 23 56 58 59 60 17 62 64 65 66 67 68 69 70 71 72 73 74 75 22 77 80 83 84 86 90 92 96 97 98 99
0 25
19 83
12 62
25 74
1 29
1 28
1 30
15 71
15 72
15 70
30 58
2 33
21 90
9 53
9 52
9 54
33 52
36 73
4 39
14 67
14 68
13 64
13 65
13 66
39 68
16 73
16 74
16 75
7 47
24 97
24 99
42 53
6 43
43 96
47 59
8 50
50 66
11 58
11 59
11 60
52 56
52 59
10 56
23 96
58 75
59 66
59 68
60 99
17 77
62 90
66 69
71 77
72 75
72 86
72 96
74 92
22 92
80 84
83 99
84 99
90 99
98 99