0 69 1 58 40 3 4 13 17 36 57 5 49 55 79 43 23 42 46 10 80 85 95 24 12 22 83 89 14 52 63 65 66 76 27 77 18 25 37 62 19 78 96 98 21 93 35 45 39 75 97 48 29 30 31 32 33 87 88 99 74 92 73 47 44 51 82 71 56 50 67 94 72 64
0 69
69 88
69 80
1 58
58 72
58 87
58 40
40 18
3 13
4 17
4 57
13 12
13 89
36 48
57 76
57 94
57 55
57 75
57 97
5 49
5 79
49 45
43 52
43 82
43 48
23 24
42 99
46 22
10 80
10 95
10 85
80 39
85 66
85 18
95 73
24 75
24 77
24 14
24 21
24 12
22 63
22 37
83 52
89 31
14 66
14 63
14 52
52 71
52 44
65 64
65 47
66 78
66 96
27 48
77 64
18 62
18 25
62 29
19 78
78 30
96 50
98 45
98 51
21 93
35 74
45 44
75 74
32 33
32 99
33 92
33 74
56 50
50 67