0 14 19 21 7 26 22 30 2 4 31 32 33 3 20 36 6 5 38 13 24 40 41 42 12 43 44 45 47 8 16 49 9 15 23 52 53 54 10 56 57 11 58 59 60 64 65 66 67 70 73 74 75 17 77 78 81 83 87 88 91 94 95 98
0 26
14 67
19 83
21 88
7 47
26 53
22 91
30 47
2 31
2 32
2 33
4 38
33 59
3 36
20 87
36 95
6 44
6 45
6 43
6 12
5 41
5 42
5 40
38 52
38 98
13 65
13 64
24 98
41 58
43 65
44 54
44 59
45 77
47 57
8 49
16 74
16 73
49 65
9 53
9 52
9 54
15 70
23 94
53 75
53 87
54 67
54 74
54 94
10 57
56 58
57 59
11 59
11 60
11 58
58 95
58 66
60 81
65 83
70 77
17 78
17 77
77 88
88 91