0 11 16 18 19 30 56 57 58 59 62 65 66 70 71 72 73 75 80 82 85 90 92 94 95 1 27 32 34 37 41 42 43 50 54 68 69 81 83 84 89 96 9 20 21 26 35 36 61 77 3 5 33 46 79 99 88 25 97 7
0 66
0 80
0 72
11 90
16 84
16 65
18 32
19 68
30 3
56 21
57 69
58 3
58 84
58 50
58 92
59 9
59 99
62 97
62 61
66 25
70 73
71 21
72 84
72 42
73 32
75 36
75 46
75 95
82 9
82 94
82 84
82 43
85 46
90 35
94 81
94 32
94 37
95 5
95 42
1 41
27 33
32 88
32 35
34 36
41 84
42 21
43 26
43 89
54 77
54 36
68 84
68 33
68 83
68 7
69 81
84 96
84 97
20 21
79 99