15 26 60 87 93 28 77 81 2 9 16 20 40 41 49 65 88 54 68 27 31 32 46 99 17 64 61 90 1 34 44 58 94 97 42 56 48 96 13 45 53 55 70 30 62 76 22 33 78 84 92 52 18 37 73 71 10 39 69 95
15 81
26 49
26 88
60 81
60 68
87 77
93 16
28 61
28 52
28 76
77 70
81 31
81 41
81 20
81 30
81 95
2 10
9 99
9 92
9 45
16 61
20 18
40 1
49 13
65 45
54 46
27 99
31 45
31 1
31 64
31 55
31 53
32 61
46 45
46 76
99 71
17 44
17 76
64 37
61 90
1 58
1 97
34 62
94 78
94 71
42 22
42 33
56 39
48 84
48 70
48 10
96 73
13 10
13 45
45 62
33 95
78 73
10 39
69 95