3 4 5 6 7 8 9 10 11 12 13 14 15 17 16 18 19 20 22 23 24 25 26 27 28 32 33 35 36 37 38 39 40 41 43 44 45 46 47 48 49 52 54 53 55 56 57 58 59 60 61 63 64 65 66 67 68 72 78 77 80 83 84 85 86 88 90 92 97 99
3 4
4 9
5 16
6 24
6 7
6 8
6 9
6 10
6 22
8 38
11 12
12 16
13 14
14 77
14 17
14 15
15 32
15 88
17 18
17 36
16 18
16 47
16 61
18 19
19 20
20 43
23 46
23 48
23 25
23 26
24 85
24 27
25 64
25 33
25 45
27 28
33 58
33 41
33 90
33 99
33 78
33 40
35 61
36 55
37 48
39 54
40 44
43 52
43 59
44 54
44 57
46 60
46 49
47 53
48 65
52 56
60 63
63 67
64 68
64 83
65 72
66 78
66 80
66 84
78 97
77 84
77 86
84 85
84 92