0 1 2 4 32 17 33 65 6 18 11 19 12 20 36 68 21 37 69 14 22 38 23 39 24 40 25 73 26 27 28 44 76 29 77 30 46 31 48 49 51 52 53 54 55 87 56 88 57 89 90 59 91 60 92 61 93 62 95 97 98 99
0 1
1 17
2 6
4 20
32 36
32 33
32 40
17 21
17 25
33 97
65 97
6 22
18 19
11 27
19 51
12 14
20 21
36 52
36 44
68 76
68 69
21 23
21 53
37 53
14 30
14 46
22 30
38 54
23 87
23 31
23 55
39 55
24 25
24 88
25 89
73 89
26 27
26 30
26 90
27 31
27 91
28 29
76 92
29 31
77 93
31 95
48 52
49 51
51 55
51 59
52 53
52 60
53 61
54 55
54 62
56 57
57 59
89 93
92 93
97 99
98 99