0 23 25 27 1 20 28 30 2 11 31 3 7 34 35 36 10 8 5 17 43 44 45 46 47 48 24 49 50 51 53 56 57 58 59 60 61 62 63 13 21 14 64 66 15 22 68 70 74 76 77 78 18 80 83 85 86 90 91 92 95 96 98 99
0 27
23 96
23 95
25 78
27 80
27 76
1 28
20 86
20 85
28 36
30 35
30 61
2 31
11 60
11 58
11 59
31 91
3 36
3 34
3 35
7 46
7 48
7 47
34 98
35 43
36 77
10 57
10 56
8 51
8 49
8 50
5 17
17 78
17 77
17 76
43 90
43 68
44 78
44 62
45 50
47 51
24 99
24 98
49 53
49 56
51 77
51 92
58 70
58 77
58 66
59 83
59 74
63 95
13 66
13 64
21 90
14 68
64 85
15 70
22 92
22 91
70 95
18 80