3 4 7 8 11 12 15 16 13 17 20 22 23 24 26 27 29 30 28 31 34 35 32 33 38 39 36 40 37 41 42 43 44 45 46 47 48 49 50 51 53 54 52 56 57 55 58 61 62 59 60 65 66 63 67 68 69 70 72 73 74 75 76 78 79 77 81 82 86 87 85 91 88 92 94 96
3 7
4 7
7 12
7 8
11 15
11 16
12 17
12 13
16 20
17 22
20 23
22 24
23 26
24 27
26 30
27 30
29 30
30 31
30 34
30 35
28 31
34 38
34 39
34 33
35 40
35 36
32 33
39 42
36 41
40 45
37 41
42 46
43 46
44 45
45 47
46 48
47 49
48 50
50 53
51 54
53 57
53 52
54 55
54 57
56 57
57 61
57 62
57 58
61 66
61 60
61 65
62 67
62 63
59 60
66 70
66 69
63 68
67 72
69 73
72 74
73 75
74 76
75 78
76 79
78 77
78 82
81 82
82 87
82 86
86 85
86 91
87 88
87 92
91 94
92 96