10 22 26 1 11 17 29 31 3 16 20 13 34 4 39 5 24 40 6 45 7 18 46 8 15 49 50 54 21 55 57 19 60 12 61 62 63 66 14 23 67 68 69 73 75 76 80 82 83 84 85 86 87 88 89 90 91 92 93 94 95 96 97 98
10 55
10 57
22 92
22 91
22 93
26 73
1 29
11 60
17 76
29 95
31 89
3 34
16 75
16 73
20 86
20 87
20 85
13 66
34 68
4 39
39 85
5 40
24 98
24 97
40 50
6 45
45 83
7 46
18 80
46 62
8 49
8 50
15 12
49 62
54 92
21 88
21 89
21 90
55 94
19 83
19 84
19 82
60 63
12 62
12 63
12 61
62 96
62 92
66 82
14 67
23 96
23 94
23 95
67 96
68 82
69 94
75 95
76 86
80 98
84 96
84 88
86 96
87 98