0 11 6 25 1 28 30 2 14 24 31 32 33 3 17 34 35 36 21 23 39 5 18 40 41 42 43 7 10 46 15 13 19 51 9 22 52 53 54 55 56 57 20 59 60 65 67 68 69 70 71 72 75 76 77 78 79 80 81 82 85 88 89 90 92 96 99
0 25
11 59
6 43
25 52
1 28
1 30
28 79
30 99
2 32
2 31
2 33
14 69
14 68
14 67
24 99
32 43
32 78
32 96
33 39
3 35
3 34
17 78
17 76
17 77
35 69
35 59
36 54
21 88
21 90
23 96
5 40
5 41
18 79
18 80
18 81
40 68
41 85
42 67
42 60
43 46
7 46
10 56
10 55
10 57
15 72
15 71
13 65
19 82
51 90
9 54
9 52
9 53
22 92
54 78
54 82
54 70
56 78
20 85
59 75
65 67
69 78
72 78
77 92
78 79
81 88
89 92