1 53 2 27 3 52 4 66 5 70 6 39 7 29 8 9 10 11 75 12 13 44 14 38 15 16 73 18 19 20 78 40 24 35 25 58 26 62 86 30 71 33 49 74 37 51 41 83 43 76 65 0 47 67 50 54 79 55 59 72 82
1 43
1 86
53 8
2 0
2 75
2 9
2 83
2 27
3 0
3 72
3 52
4 0
66 83
5 0
70 86
70 10
70 47
70 8
70 51
6 0
39 58
7 75
7 58
7 29
8 76
10 19
10 0
11 0
12 0
13 30
13 16
44 76
14 0
14 79
14 38
38 62
15 0
73 19
73 41
18 72
18 30
18 49
20 50
78 33
40 51
24 35
35 74
25 58
25 65
26 50
86 37
71 79
33 49
74 59
51 67
41 50
0 55
47 82
54 79
55 59