2 3 6 7 9 11 13 14 15 17 18 19 20 21 23 25 27 29 30 31 34 37 39 40 42 44 45 47 48 51 52 53 56 57 59 62 63 64 65 66 67 69 70 71 72 74 77 83 85 87 88 89 90 91 93 94 95 96
2 45
2 94
2 3
2 56
6 7
6 71
6 48
9 37
11 63
13 37
13 74
14 91
14 69
15 56
15 51
17 66
17 34
18 83
18 96
19 20
19 88
19 64
20 21
23 31
23 70
25 87
27 47
27 65
29 66
30 88
31 37
34 93
37 42
39 67
40 44
40 66
42 77
48 90
52 83
53 56
56 88
56 65
56 59
57 69
62 85
63 66
63 70
65 66
67 89
69 70
70 71
70 85
71 72
72 95
87 88
88 89
95 96