1 4 6 7 8 11 13 14 15 18 20 21 22 25 27 28 29 30 32 33 34 35 36 37 38 39 40 41 42 43 44 45 46 47 48 49 50 51 52 53 54 55 56 57 58 59 60 61 62 63 64 65 66 67 68 69 70 71 72 73 74 75 76 77 78 79 80 81 82 84 85 86 88 89 91 92 93 95 96 98
1 4
4 7
6 7
7 8
8 11
11 14
13 14
14 15
15 18
18 21
20 21
21 22
22 25
25 28
27 28
28 29
29 32
30 34
32 35
33 35
34 35
35 38
35 36
36 39
37 40
37 41
39 42
39 40
42 45
42 43
43 46
44 47
44 48
46 47
46 49
49 50
49 52
50 53
51 54
51 55
53 56
53 54
56 57
56 59
57 60
58 62
58 61
60 61
60 63
63 66
63 64
64 67
65 69
65 68
67 70
67 68
70 71
70 73
71 74
72 75
72 76
74 77
74 75
77 80
77 78
78 81
79 82
81 82
81 84
84 85
85 88
86 89
88 89
88 91
91 92
92 95
93 96
95 96
95 98