1 2 3 4 5 6 7 8 11 12 13 14 15 16 17 18 21 22 23 24 25 26 27 28 31 32 33 34 35 36 37 38 41 42 43 44 45 46 47 48 51 52 53 54 55 56 57 58 61 62 63 64 65 66 67 68 71 72 73 74 75 76 77 78 81 82 83 84 85 86 87 88 91 92 93 94 95 96 97 98
1 2
2 3
3 4
4 5
5 6
5 15
6 7
7 8
11 12
12 13
13 14
14 15
15 16
15 25
16 17
17 18
21 22
22 23
23 24
24 25
25 26
25 35
26 27
27 28
31 32
32 33
33 34
34 35
35 36
35 45
36 37
37 38
41 42
42 43
43 44
44 45
45 46
45 55
46 47
47 48
51 52
52 53
53 54
54 55
55 56
55 65
56 57
57 58
61 62
62 63
63 64
64 65
65 66
65 75
66 67
67 68
71 72
72 73
73 74
74 75
75 76
75 85
76 77
77 78
81 82
82 83
83 84
84 85
85 86
85 95
86 87
87 88
91 92
92 93
93 94
94 95
95 96
96 97
97 98