61 85 23 1 31 12 42 40 92 20 44 68 46 95 83 80 47 76 60 67 9 72 8 10 51 59 4 98 73 39 0 96 82 81 65 88 27 84 11 3 77 69 49 86 17 71 5 38 30 75 32 21 45 97 43 94 56 70 57 62 35 22 7 89 15 48 25 87 99 36
61 95
61 85
61 31
61 89
85 23
85 51
85 72
23 76
23 42
23 12
23 30
23 1
1 44
1 39
1 4
1 45
31 68
31 40
31 47
31 73
12 82
12 92
42 86
40 36
40 20
40 46
92 10
92 0
20 49
20 83
20 80
44 98
44 81
68 43
68 67
68 75
46 84
95 9
83 77
83 70
83 65
47 60
9 59
9 8
72 57
72 11
72 99
8 96
10 88
51 87
51 71
73 27
39 94
39 69
39 5
0 3
82 15
88 38
88 32
84 22
11 35
3 17
69 48
71 97
71 56
32 21
43 62
57 7
22 25