48 55 36 15 20 52 4 28 64 22 16 62 63 61 24 50 98 38 7 89 13 18 43 1 82 6 79 77 49 51 65 19 69 45 72 5 23 10 42 86 46 14 92 32 94 26 9 3 21 59 17 81 68 25 47 91 40 54 85 80 0 73
48 6
55 32
55 45
36 6
15 81
20 79
52 3
52 68
4 19
4 51
4 64
28 49
28 86
64 80
22 14
22 3
22 16
22 92
16 50
62 38
63 98
63 47
61 24
24 73
24 85
98 6
98 79
98 94
38 68
7 42
89 5
89 49
89 42
13 23
18 0
43 81
1 21
82 32
82 14
82 73
82 6
82 59
6 69
6 72
6 21
6 23
79 77
65 59
19 3
45 81
5 14
5 54
5 10
42 91
46 32
46 17
26 54
9 47
9 25
21 40
85 0