0 95 7 86 23 83 81 35 24 1 67 89 72 22 99 3 78 52 39 5 4 77 17 94 43 13 42 27 30 61 6 49 68 20 51 85 38 76 11 32 90 98 53 55 15 29 44 45 74 93 36 97 46 33 87 63 41 37 82 25 69 79 59 57
0 23
95 6
95 97
7 20
86 38
23 94
83 5
81 99
81 87
35 85
24 20
24 77
24 43
1 72
67 78
67 11
89 94
72 74
22 38
3 39
78 15
78 38
78 29
78 82
78 46
78 85
52 98
39 29
5 42
4 94
4 17
77 27
94 20
13 32
42 97
30 29
61 82
49 57
68 38
20 97
20 98
51 97
38 57
38 97
38 25
76 37
32 97
32 37
90 63
98 36
98 87
98 41
98 59
98 53
53 69
53 74
55 87
44 97
44 93
45 59
74 63
33 69
33 79