0 23 27 1 8 19 16 28 30 2 31 32 33 3 5 35 4 20 37 39 12 18 41 6 43 7 24 51 9 21 53 54 10 13 56 11 17 58 59 60 62 63 64 65 66 68 22 72 73 74 75 78 80 83 85 86 88 91 92 93 97 98 99
0 27
23 2
27 68
1 28
1 30
8 51
19 83
16 74
16 75
16 73
30 74
2 31
2 32
2 33
31 75
31 98
31 64
31 85
32 83
3 35
5 41
35 99
4 37
4 39
20 85
20 86
37 98
37 68
12 63
18 80
41 73
6 43
43 74
7 24
24 98
24 97
24 99
51 92
9 53
21 88
53 83
54 97
10 56
13 64
13 66
13 65
56 97
11 58
11 60
11 59
17 78
58 98
62 97
63 98
22 92
22 91
22 93
72 80
74 88
75 92
78 97
80 83