0 32 34 38 36 68 69 70 71 72 73 74 75 76 77 78 79 80 81 82 83 84 85 86 87 88 89 90 91 92 93 94 95 96 97 98 99 30 2 43 4 19 39 6 7 8 20 9 11 12 23 28 15 59 60 22 18 35 57 26 25 54 44 31 42 51 40 64 65 52 58
0 78
0 95
0 92
0 34
0 69
0 86
0 75
0 96
0 85
0 91
0 80
0 79
0 76
0 97
0 73
0 84
0 81
0 89
0 83
0 71
0 77
0 74
0 94
0 36
0 68
0 72
0 98
0 82
0 38
0 70
0 90
0 32
0 87
0 99
0 88
38 7
38 64
38 25
38 65
36 31
36 42
36 51
36 93
36 18
36 6
69 2
73 8
74 9
76 11
81 19
82 20
84 22
85 23
86 26
87 30
92 35
95 39
96 40
30 44
43 51
4 19
12 28
12 23
28 54
15 59
59 57
60 51
22 57
57 52
64 58