0 49 84 29 1 15 86 2 74 76 44 10 52 5 53 35 7 13 41 58 46 9 78 81 11 65 12 37 16 54 83 18 19 79 20 21 31 62 75 25 28 61 33 90 67 91 92 63 68 48 50 51 56 72 57 66 60 77 88 73 82
0 84
0 31
0 49
49 46
49 50
84 82
29 73
1 86
15 72
86 83
2 76
2 83
74 65
76 62
44 77
44 41
44 65
44 21
10 81
52 91
52 73
5 67
5 18
53 25
35 91
35 75
7 13
7 9
58 18
46 20
9 67
78 83
81 72
11 65
65 25
65 56
12 37
37 16
16 83
16 54
54 68
83 88
83 90
18 73
19 21
19 79
79 33
21 31
21 68
25 63
28 63
61 92
61 77
90 66
68 48
68 73
51 56
56 72
57 73
60 77