61 95 85 31 89 23 51 72 76 42 12 30 1 44 39 4 45 68 40 47 73 82 92 86 36 20 46 10 0 49 83 80 98 81 43 67 75 84 9 77 70 65 60 59 8 57 11 99 96 88 87 71 27 94 69 5 3 15 38 32 22 35 17 48 97 56 21 62 7 25
61 95
61 85
61 31
61 89
95 9
85 23
85 51
85 72
31 68
31 40
31 47
31 73
23 76
23 42
23 12
23 30
23 1
51 87
51 71
72 57
72 11
72 99
42 86
12 82
12 92
1 44
1 39
1 4
1 45
44 98
44 81
39 94
39 69
39 5
68 43
68 67
68 75
40 36
40 20
40 46
47 60
73 27
82 15
92 10
92 0
20 49
20 83
20 80
46 84
10 88
0 3
83 77
83 70
83 65
43 62
84 22
9 59
9 8
8 96
57 7
11 35
88 38
88 32
71 97
71 56
69 48
3 17
32 21
22 25