0 10 1 2 20 11 5 14 13 19 29 18 9 12 30 21 27 28 26 17 39 40 31 22 23 32 49 38 50 41 35 36 37 59 48 60 51 42 43 44 45 46 47 52 69 58 70 61 53 54 57 79 68 62 80 63 66 77 67 76 89 90 73 81 99 88 82 91 83 84 92 93 94 95 96 8
0 10
0 1
10 20
10 11
1 2
20 30
20 21
11 12
5 14
14 13
13 12
19 29
19 18
19 9
29 39
29 28
18 17
9 8
30 40
30 31
27 28
27 26
39 49
39 38
40 50
40 41
31 22
31 32
22 23
49 59
49 48
38 37
50 60
50 51
35 36
36 37
59 69
59 58
48 47
60 70
60 61
51 45
51 52
42 43
43 44
44 45
45 46
46 47
52 53
69 79
69 68
58 57
70 80
61 62
53 54
79 89
68 67
62 63
80 90
80 73
80 81
66 77
66 67
77 76
89 99
89 88
90 91
81 82
82 83
91 92
83 84
92 93
93 94
94 95
95 96