0 27 9 53 15 71 70 95 19 83 22 92 91 4 37 38 39 7 2 23 14 68 96 94 13 3 34 35 36 60 44 79 98 85 5 42 21 90 20 87 86 6 43 45 56 8 49 18 81 80 51 11 10 12 62 24 97 74 17 77 89
0 27
27 95
9 53
53 85
15 71
15 70
70 44
95 23
19 83
83 98
22 92
22 91
92 39
92 42
91 74
4 37
4 38
4 39
4 7
37 60
37 44
38 34
38 79
38 98
39 85
39 94
2 23
23 96
23 94
23 13
14 68
68 97
96 89
3 34
3 35
34 36
60 11
44 6
79 18
79 62
98 24
98 77
85 20
85 45
5 42
21 90
90 80
20 87
20 86
86 49
6 43
45 56
56 10
8 49
18 81
18 80
81 51
12 62
24 97
17 77