3 4 5 88 67 6 7 64 8 9 10 92 11 15 16 14 17 18 23 19 20 60 21 22 24 25 26 71 27 28 29 31 32 84 33 72 34 35 36 37 38 41 82 42 51 45 90 46 50 49 55 56 54 57 58 59 61 66 62 63 65 68 77 69 70 99 73 74 75 76 78 79 80 83 85 89 95 96 97 98
3 4
4 5
4 88
5 67
88 89
67 68
67 77
6 7
6 64
7 8
64 63
8 9
9 10
10 92
10 11
15 16
15 14
16 17
17 18
18 23
23 22
23 24
19 20
20 60
20 21
60 34
60 59
60 61
60 66
21 22
25 26
26 71
26 27
71 70
71 72
27 28
28 29
31 32
32 84
32 33
84 83
84 85
33 72
72 61
72 99
72 73
34 35
35 36
36 37
37 38
41 82
41 42
82 83
42 51
45 90
45 46
90 50
90 89
50 49
55 56
55 54
56 57
57 58
58 59
61 62
66 65
62 63
68 69
77 76
77 78
69 70
99 98
73 74
74 75
78 79
79 80
95 96
96 97
97 98