0 69 80 88 1 58 40 72 18 3 13 4 57 12 76 97 94 75 5 49 56 43 52 48 23 24 46 22 10 85 95 39 66 73 98 14 21 77 63 37 83 71 44 65 64 47 96 78 27 62 25 29 19 50 51 93 35 74 45 32 33 99 92 67
0 69
69 80
69 88
80 10
80 39
1 58
58 40
58 72
40 18
18 85
18 62
18 25
3 13
13 12
4 57
57 76
57 97
57 94
57 75
12 24
75 24
75 74
5 49
49 56
56 50
43 52
43 48
52 83
52 14
52 71
52 44
48 27
23 24
24 14
24 21
24 77
46 22
22 63
22 37
10 85
10 95
85 66
95 73
95 98
66 14
66 96
66 78
98 51
14 63
21 93
77 64
44 45
65 64
65 47
96 50
78 19
62 29
50 67
35 74
74 33
32 33
32 99
33 92