0 1 2 3 4 5 6 7 8 9 10 11 12 13 14 23 24 25 37 26 27 28 29 31 33 32 34 35 30 36 39 38 40 41 42 43 45 44 46 47 49 48 51 50 53 52 55 54 56 57 58 59 60 61 62 63 64 66 65 72 71 74 73 75 76 77 78 88 87 95 96 98
0 1
0 2
1 3
1 4
2 5
2 6
3 7
3 8
4 9
4 10
5 11
5 12
6 13
6 14
11 23
11 24
24 25
25 37
25 26
25 27
37 30
37 51
37 50
26 28
26 29
27 31
28 33
28 32
29 34
29 35
31 39
31 38
33 42
33 43
32 40
32 41
34 45
34 44
35 46
35 47
30 36
36 49
36 48
39 55
39 54
38 53
38 52
40 56
40 57
41 58
41 59
42 60
42 61
43 62
45 66
45 65
44 63
44 64
49 74
49 73
48 72
48 71
51 77
51 78
50 75
50 76
56 88
56 87
60 95
60 96
61 98