56 57 52 53 54 61 62 58 50 51 55 60 66 65 63 67 48 59 69 70 68 46 49 47 73 42 43 45 75 39 44 78 76 79 34 82 30 33 35 36 40 86 87 81 26 29 31 27 38 32 41 85 91 88 92 23 24 94 96 20 22 16 11 17 12 15 7 13 3 4 28 37
56 57
57 53
57 54
57 61
57 62
57 58
52 53
53 50
54 51
54 55
61 60
61 66
61 65
62 63
62 67
50 48
60 59
66 69
66 70
63 68
48 46
69 73
46 42
46 43
49 47
47 45
73 75
42 39
45 44
45 40
75 78
39 34
78 82
76 79
79 82
34 30
34 33
82 86
82 87
82 81
30 35
30 26
30 29
30 31
30 27
33 38
33 32
35 36
35 40
36 41
86 85
86 91
87 88
87 92
26 23
31 28
27 24
41 37
91 94
92 96
23 20
24 22
20 16
22 17
16 11
11 15
17 12
12 7
12 13
7 3
7 4