0 74 57 97 89 75 85 87 94 82 81 88 76 95 84 90 92 79 91 93 98 96 77 78 86 83 99 80 31 26 1 2 4 8 9 13 16 19 23 27 29 24 58 10 61 45 44 54 5 72 12 71 70 43 40 34 32 67 37 30 20 18 53
0 74
0 57
0 97
0 89
0 75
0 85
0 87
0 94
0 82
0 81
0 88
0 76
0 95
0 84
0 90
0 92
0 79
0 91
0 93
0 98
0 96
0 77
0 78
0 86
0 83
0 99
0 80
74 1
57 31
57 26
97 27
75 2
87 16
94 23
81 9
84 13
90 19
98 29
77 4
80 8
31 40
31 18
2 24
2 58
4 61
4 45
13 34
13 70
13 32
16 37
19 12
24 10
61 44
45 54
5 72
72 12
71 70
43 40
40 20
34 67
67 53
37 30