10 6 8 24 9 7 22 3 4 13 14 38 27 85 5 16 39 54 15 17 77 35 61 19 20 18 28 84 63 67 60 47 12 46 49 23 32 88 36 86 43 66 92 25 26 48 53 44 57 40 65 72 55 52 59 78 80 45 64 33 68 56 41 90 58 99 97
10 6
6 8
6 24
6 9
6 7
6 22
8 38
24 27
24 85
9 4
3 4
13 14
14 15
14 17
14 77
27 28
85 84
5 16
16 47
16 12
16 61
16 18
39 54
54 44
15 32
15 88
17 36
17 18
77 84
77 86
35 61
19 20
19 18
20 43
84 66
84 92
63 67
63 60
60 46
47 53
46 49
46 23
23 25
23 26
23 48
36 55
43 52
43 59
66 78
66 80
25 45
25 64
25 33
48 65
44 57
44 40
40 33
65 72
52 56
78 33
78 97
64 68
33 41
33 90
33 58
33 99