10 55 56 24 97 98 27 74 1 29 30 16 73 23 95 94 96 71 89 2 31 33 6 43 18 80 79 32 58 48 13 64 34 82 35 39 4 38 37 42 68 5 9 53 17 77 76 46 50 91 11 60 59 15 72 70 62 14 22 86 19 84 20
10 55
10 56
55 46
24 97
24 98
97 43
97 96
27 74
74 16
1 29
1 30
29 71
29 89
16 73
73 95
23 95
23 94
23 96
95 38
94 46
94 71
94 80
96 31
96 32
96 60
96 91
71 15
71 77
2 31
2 33
6 43
18 80
18 79
80 86
32 58
32 48
13 64
64 72
34 82
82 38
82 50
82 19
35 39
39 4
4 38
4 37
38 42
38 68
42 5
68 14
9 53
53 91
17 77
17 76
91 22
11 60
11 59
15 72
15 70
70 62
86 20
19 84