69 67 70 62 68 66 71 60 65 72 59 61 73 58 74 56 75 76 57 55 77 79 54 80 78 52 82 51 83 48 53 84 49 47 85 46 87 45 44 50 38 88 43 37 89 42 39 35 90 40 36 34 92 94 33 95 31 97 30 32 98 29 28 27 26 25 24 23 22 20 19 16 14 18 12 10 8 7 3 6 1 41 63 64
69 67
69 70
67 62
67 68
67 66
70 71
62 60
62 65
71 72
60 59
60 61
72 73
59 58
61 63
73 74
58 56
74 75
74 76
56 55
76 77
57 55
55 54
77 79
79 80
79 78
54 52
80 82
52 51
82 83
51 48
51 53
83 84
48 49
48 47
84 85
47 46
85 87
46 44
87 88
45 44
44 43
50 38
38 37
88 89
43 42
37 39
37 35
89 90
42 40
39 40
35 34
90 92
40 41
36 34
34 33
92 94
94 95
33 31
95 97
31 30
31 32
97 98
30 29
29 26
28 27
27 26
26 25
25 24
24 23
23 22
22 20
20 19
19 16
16 14
16 18
14 12
12 10
10 8
8 7
7 3
7 6
3 1
63 64