0 1 60 5 55 9 8 6 34 7 96 89 10 14 12 11 63 53 18 16 19 90 48 20 23 22 87 21 82 26 75 29 25 28 27 35 68 39 42 62 43 44 74 45 49 56 59 57 58 64 61 67 66 91 69 70 77 86 79 83 80 88 85 93 92 94 99
0 1
1 60
60 61
60 63
5 55
5 9
5 8
5 6
55 58
9 89
8 7
8 96
6 34
96 99
89 28
89 85
10 14
10 12
12 11
11 63
11 53
63 64
18 16
18 19
19 90
19 48
90 56
90 91
90 94
48 45
20 23
20 22
20 87
22 21
87 88
21 82
82 83
26 75
26 29
29 25
25 28
28 27
35 68
35 39
68 67
42 62
42 43
62 74
62 64
44 74
74 70
45 49
56 59
56 57
59 58
57 64
67 69
66 91
66 69
77 86
77 79
86 85
83 80
88 85
93 92
92 94