0 34 77 71 68 60 8 43 86 17 6 1 35 69 2 45 36 73 11 3 37 63 46 83 38 75 64 41 15 47 84 5 31 42 65 39 76 49 32 66 33 53 96 54 80 20 88 91 28 55 92 56 22 51 25 57 23 58 24 59 97 26
0 34
34 77
34 71
34 68
34 60
34 8
77 43
68 25
60 23
43 86
43 17
43 6
17 54
6 49
6 32
1 35
35 69
69 26
2 45
2 36
45 11
36 73
11 54
3 37
37 63
63 20
63 97
63 26
46 83
83 57
38 75
38 64
75 41
75 32
41 15
15 58
47 84
84 58
5 31
5 42
31 65
65 39
65 22
65 91
39 76
76 33
32 66
66 92
53 96
96 59
54 80
54 20
54 88
54 91
54 28
55 92
56 22
51 25
25 59
57 23
58 24