0 26 25 14 69 67 68 55 30 20 85 17 77 76 78 31 60 33 48 7 47 46 18 80 79 15 70 36 53 4 38 37 8 49 6 44 61 73 5 40 19 83 90 22 91 93 92 43 57 99 9 52 10 56 24 98 11 58 59 88 13 21 89 16 74 75 95
0 26
0 25
25 55
25 30
14 69
14 67
14 68
67 52
67 56
67 98
55 53
55 10
55 79
20 85
85 88
17 77
17 76
17 78
76 56
78 95
31 60
60 11
60 70
33 48
48 7
48 44
48 57
48 99
7 47
7 46
47 43
18 80
18 79
15 70
36 53
53 9
4 38
4 37
38 73
37 49
37 61
8 49
6 44
44 83
73 57
73 16
5 40
40 90
19 83
90 57
90 21
22 91
22 93
22 92
93 57
57 10
10 56
24 98
11 58
11 59
59 88
88 21
13 21
21 89
16 74
16 75