39 46 32 26 47 45 33 13 31 44 37 95 41 34 52 40 12 20 24 36 96 29 15 14 6 19 18 91 22 50 35 51 54 58 49 55 87 9 21 0 1 7 92 23 17 57 75 56 63 53 84 4 97 60 83 3 61 80 62 64 68 67 88 79 98 74 86 82 90 73 76 81 77 5 10 11 16 30 25 28 27 42 43 48
39 46
46 47
46 45
32 26
26 33
26 13
26 31
47 40
47 48
13 12
13 20
31 24
44 37
44 95
37 36
95 96
41 34
41 52
41 40
34 29
12 6
12 19
12 18
20 15
20 14
24 30
24 25
36 30
36 42
36 43
96 91
29 22
29 50
29 35
29 51
15 21
14 9
6 0
6 1
6 7
91 87
91 92
22 21
22 23
22 17
50 56
35 28
51 54
54 58
54 49
58 57
58 75
55 87
87 84
9 4
92 97
17 16
56 63
56 53
63 60
84 83
4 3
60 61
83 80
61 62
61 64
80 88
80 79
62 98
64 68
64 67
98 74
98 86
86 82
86 90
82 81
73 76
76 77
81 77
5 10
10 11
11 16
28 27