0 25 14 68 5 41 8 51 76 1 28 30 29 73 2 32 33 3 36 34 35 47 12 63 62 61 54 59 74 44 38 23 94 95 17 19 84 10 56 7 11 58 20 86 13 66 16 75 18 77 90 9 52 21 92 98 70 96 24 99 97 22
0 25
25 76
14 68
68 47
68 63
5 41
41 61
8 51
51 77
51 90
76 17
76 75
1 28
1 30
1 29
28 73
73 16
73 77
73 94
2 32
2 33
33 47
3 36
3 34
3 35
36 38
34 54
34 59
34 74
35 44
47 7
12 63
12 62
12 61
62 74
62 98
61 56
54 92
74 16
23 94
23 95
94 52
95 86
19 84
84 75
10 56
11 58
58 75
20 86
13 66
66 90
16 75
16 18
75 96
90 21
9 52
92 22
98 24
70 96
24 99
24 97