0 3 1 12 2 13 10 11 4 17 14 16 18 20 21 5 6 8 7 28 9 19 45 44 15 30 22 23 24 27 26 25 29 35 34 33 31 36 32 39 50 38 41 40 49 42 72 46 47 48 56 51 52 60 57 58 74 71 54 64 61 70 59 69 73 86 87 77 76 75 82 83 81 88 80 84
0 3
0 1
3 10
3 11
3 4
1 12
12 17
2 13
13 10
13 14
13 16
11 18
11 20
11 21
14 8
14 15
20 22
5 6
6 8
8 7
8 28
8 9
28 30
9 19
19 45
19 44
30 29
30 35
30 34
30 33
30 31
22 23
23 24
23 27
23 26
24 25
35 36
35 39
35 50
34 32
39 38
50 49
50 42
50 72
38 41
38 40
49 48
49 57
72 74
72 71
46 47
47 48
47 56
47 51
56 60
51 52
52 54
60 61
57 58
58 59
74 76
71 70
54 64
70 69
70 73
73 77
86 87
87 76
87 88
76 75
75 82
82 83
82 81
83 84
81 80