0 45 42 70 73 1 94 98 35 67 60 72 37 61 6 20 65 22 2 19 49 28 4 23 96 12 53 26 15 39 89 77 55 84 40 83 7 3 82 57 95 71 36 92 5 21 68 17 62 88 46 13 33 32 52 34 24 44 43 76 14 59 48
0 45
0 42
45 70
45 73
70 7
1 94
1 98
94 35
94 67
94 60
94 72
35 7
35 2
35 3
67 37
37 61
37 6
6 14
20 65
20 22
65 2
65 19
65 49
65 28
22 15
22 92
2 82
19 44
49 46
4 23
23 96
96 52
12 53
53 26
26 33
26 59
26 21
39 89
39 77
39 55
39 84
89 40
89 83
77 57
55 95
55 71
7 95
7 33
7 48
82 76
95 36
71 88
36 43
36 52
36 24
5 21
5 68
68 17
62 88
13 33
33 32
34 24