93 79 49 64 1 65 18 8 34 19 52 23 2 66 47 73 20 22 12 67 53 68 80 6 27 63 21 7 41 82 74 9 59 54 11 48 60 31 55 44 70 29 14 94 90 39 46 15 62 16 28 78 71 99 38 86 72 97 35 61 76
93 79
79 7
49 64
64 67
64 86
64 72
64 82
1 65
1 18
65 23
18 8
18 34
18 19
8 74
34 99
34 38
19 52
2 66
2 47
66 20
47 73
73 62
73 54
22 12
12 48
12 44
12 70
67 53
68 80
80 16
80 78
6 27
6 63
27 21
21 41
21 71
7 41
41 82
82 44
82 28
82 38
9 59
59 54
54 28
54 35
11 48
11 60
31 55
55 62
44 29
14 94
14 90
94 46
90 39
46 38
15 62
16 28
99 61
72 97
61 76