0 1 63 75 45 4 49 6 95 8 9 10 82 46 69 11 12 56 13 14 15 47 16 18 19 50 51 23 24 89 29 37 32 33 71 73 39 44 84 40 41 42 43 77 94 60 61 96 70 79 72 74 81 78 88 90 92 93 97 98 99
0 1
0 63
0 75
1 45
45 33
45 44
45 46
4 49
49 47
49 50
6 95
95 72
95 94
95 96
8 9
9 10
9 82
10 46
10 69
10 11
46 47
46 94
69 41
69 70
11 12
12 56
13 14
14 15
15 47
15 16
18 19
18 50
18 51
23 24
24 89
89 88
89 94
89 90
29 37
37 73
32 33
33 71
71 79
73 42
73 72
73 74
39 44
39 84
44 43
40 41
43 77
94 93
60 61
61 96
96 97
79 78
74 81
92 93
97 98
98 99