0 58 70 54 23 1 40 87 46 2 64 68 55 48 50 31 4 47 82 96 22 7 49 67 85 77 9 14 79 29 65 10 11 74 20 92 34 69 21 13 57 78 75 51 15 16 36 61 53 37 90 17 71 63 60 19 81 52 27 83 42 26 43 73 45 39 95 44 86 59 89 80
0 58
0 70
0 54
58 11
58 20
58 92
58 34
70 68
70 49
54 23
23 9
23 29
23 65
1 40
1 87
40 4
40 47
87 46
46 71
46 86
2 64
2 68
64 17
64 77
64 63
64 22
55 48
55 50
55 31
48 81
31 39
82 96
82 22
22 78
7 49
49 67
67 44
85 77
77 59
77 89
9 14
9 79
14 51
14 15
29 42
10 11
11 74
74 26
74 73
20 36
20 52
92 80
69 21
21 27
13 57
13 78
57 95
78 75
75 60
16 36
16 61
16 53
36 37
36 90
37 39
17 71
19 81
52 83
27 83
42 45
26 43