0 75 78 69 16 92 98 94 96 71 74 68 72 76 85 70 97 87 73 84 90 99 95 81 89 83 77 91 79 80 82 93 86 88 35 15 7 8 10 23 26 28 31 37 39 41 42 47 34 63 57 66 67 25 46 32 21 24 64 38 50 49
0 75
0 78
0 69
0 16
0 92
0 98
0 94
0 96
0 71
0 74
0 68
0 72
0 76
0 85
0 70
0 97
0 87
0 73
0 84
0 90
0 99
0 95
0 81
0 89
0 83
0 77
0 91
0 79
0 80
0 82
0 93
0 86
0 88
16 35
16 15
98 47
94 39
96 41
74 8
76 10
85 26
97 42
87 28
73 7
84 23
89 31
93 37
7 57
8 25
23 32
26 64
28 67
41 34
41 63
42 46
47 49
63 24
57 66
66 21
67 50
64 38