0 25 26 27 7 48 46 47 1 4 39 35 51 84 75 28 2 32 31 33 22 91 93 92 96 99 87 64 13 66 5 40 42 12 63 62 6 44 15 70 72 8 88 69 53 68 59 9 52 54 80 82 21 90 56 11 60 14 16 19 78
0 25
0 26
0 27
25 35
25 51
25 84
25 75
26 48
27 39
7 48
7 46
7 47
7 1
48 44
48 59
48 70
48 92
48 63
46 88
46 69
46 53
47 33
47 40
47 68
1 28
4 39
51 8
84 19
75 56
75 16
2 32
2 31
2 33
32 99
32 87
31 96
33 64
22 91
22 93
22 92
93 78
13 66
66 53
5 40
5 42
12 63
12 62
6 44
15 70
15 72
70 52
88 21
69 14
59 11
9 52
9 54
52 80
54 82
21 90
11 60