0 6 2 1 5 4 3 8 14 9 11 7 10 12 13 17 16 15 21 18 20 19 29 22 23 25 26 24 28 33 35 34 27 31 39 36 44 53 42 43 56 48 49 58 51 59 54 60 55 63 64 67 71 70 66 77 73 72 74 75 76 80 78 87 84 90 96 92
0 6
0 2
0 1
0 5
0 4
0 3
6 8
6 10
6 12
6 7
8 14
9 11
9 7
11 13
12 17
12 16
12 15
12 21
21 18
21 29
18 20
18 19
29 23
29 24
29 34
22 23
22 25
26 24
24 28
24 27
28 33
28 35
35 31
34 39
39 36
39 44
44 53
44 42
53 56
42 43
56 54
48 49
48 58
48 51
58 59
59 54
54 60
54 55
60 63
60 64
60 67
67 71
71 73
70 66
70 77
77 76
73 72
72 74
72 75
72 76
75 80
76 78
80 87
87 84
84 90
90 96
90 92