0 1 91 2 3 4 5 6 7 8 12 68 11 15 16 17 18 19 20 21 22 23 24 25 26 75 27 28 29 30 31 32 33 34 35 36 60 37 85 38 39 84 40 83 41 90 42 43 44 61 62 80 63 64 65 69 66 67 70 81 71 72 79 78 77 82 92 94 95 86 88 87 89 56 59 58 57 46 55 52 50 49 54 47 53 51 48
0 1
0 91
1 2
91 90
2 3
3 4
4 5
5 6
6 7
7 8
12 68
12 11
68 67
15 16
16 17
17 18
18 19
19 20
20 21
21 22
22 23
23 24
24 25
25 26
25 75
26 27
27 28
28 29
29 30
30 31
31 32
32 33
33 34
34 35
35 36
35 60
36 37
60 61
37 85
37 38
85 89
38 39
38 84
39 40
39 83
84 88
84 87
40 41
40 90
83 86
41 42
42 43
43 44
61 62
61 80
62 63
80 79
63 64
64 65
64 69
65 66
69 70
66 67
70 81
70 71
81 82
71 72
79 78
78 77
82 92
92 94
94 95
89 56
56 59
56 58
56 57
56 46
56 55
56 52
56 50
56 49
56 54
56 47
56 53
56 51
56 48