81 88 62 63 9 50 32 55 59 33 67 93 53 82 0 13 1 2 87 6 22 86 28 18 4 16 68 49 44 40 27 90 58 41 95 70 34 23 75 65 61 56 37 73 10 21 43 71 77 26 47 97 24 79 5 12 54 39 89 35 96
81 88
88 9
62 63
63 13
9 93
9 53
50 32
50 55
32 0
59 33
59 67
33 1
93 68
93 21
93 1
93 47
93 97
82 0
0 21
0 26
13 1
13 54
1 87
1 34
1 75
2 87
2 6
87 86
87 28
87 18
87 4
6 22
28 24
28 79
18 90
16 68
16 49
68 44
68 40
68 27
44 41
44 95
40 35
90 58
41 65
70 34
34 56
34 73
34 10
23 75
75 39
61 56
61 37
56 96
73 71
21 43
43 77
47 89
24 5
24 12