4 14 11 12 10 13 15 24 16 17 18 19 23 34 25 35 31 32 33 44 45 36 37 38 39 41 42 43 54 50 51 52 53 64 55 56 57 58 61 62 63 74 65 66 67 68 71 72 73 84 75 76 77 78 81 82 80 83 85 86 87 88 89
4 14
14 13
14 15
14 24
11 12
11 10
12 13
15 16
24 23
24 34
16 17
17 18
18 19
34 33
34 44
34 35
25 35
35 45
35 36
31 32
32 33
44 43
44 54
36 37
37 38
38 39
41 42
42 43
54 53
54 64
54 55
50 51
51 52
52 53
64 63
64 74
64 65
55 56
56 57
57 58
61 62
62 63
74 73
74 84
74 75
65 66
66 67
67 68
71 72
72 73
84 83
84 85
75 76
76 77
77 78
81 82
81 80
82 83
85 86
86 87
87 88
88 89