3 18 34 36 35 25 77 1 30 4 38 55 2 31 11 59 88 84 57 78 62 7 48 12 63 61 9 52 8 49 41 95 44 76 80 22 92 96 10 90 86 72 13 64 16 73 69 15 24 97 98 17 19 82 83 85 21 89 23 94
3 18
3 34
3 36
3 35
36 78
36 62
35 84
35 57
35 88
25 77
77 69
77 17
1 30
30 55
4 38
38 84
55 10
2 31
31 88
11 59
59 90
88 52
88 64
88 73
88 21
88 92
88 98
84 19
84 95
57 10
78 17
78 85
62 12
62 86
7 48
48 80
12 63
12 61
63 80
63 72
9 52
8 49
49 96
41 95
95 23
44 76
76 17
22 92
96 23
90 21
72 15
13 64
16 73
24 97
24 98
19 82
19 83
21 89
23 94