0 39 50 45 59 3 5 76 82 1 84 66 93 92 86 61 2 24 18 88 77 25 6 75 65 53 80 35 72 47 14 9 57 99 10 96 69 58 70 11 36 79 13 91 15 63 30 16 87 52 60 89 56 38 28 83 64 37 40 78
0 39
39 50
50 96
50 25
50 89
50 79
45 59
45 3
59 5
5 61
76 82
82 30
1 84
84 92
66 93
93 37
93 38
92 9
92 10
86 61
61 25
61 6
61 75
2 24
24 18
18 75
88 77
77 25
77 38
77 28
77 83
25 11
25 69
6 72
65 53
65 80
65 35
53 69
53 58
47 14
14 57
9 57
57 99
10 96
96 70
58 30
70 56
36 79
36 13
13 91
15 63
63 30
16 87
87 52
87 60
52 38
52 78
56 40
64 37