0 27 26 73 1 30 16 74 75 36 2 33 35 3 34 95 97 4 39 37 38 11 60 58 83 99 40 93 41 90 80 6 44 14 68 43 52 21 88 89 46 91 8 49 13 65 56 10 57 22 19 84 55 12 62 87 59 17 78 76 20 72 15
0 27
0 26
27 73
73 16
73 68
1 30
30 36
16 74
16 75
74 55
74 59
74 60
75 36
75 39
75 56
75 88
36 3
2 33
33 35
35 3
35 97
3 34
34 95
4 39
4 37
4 38
39 83
39 99
11 60
11 58
58 87
58 65
83 52
83 19
40 93
93 22
93 62
93 88
41 90
41 80
90 21
6 44
44 68
14 68
68 72
43 52
21 88
21 89
89 78
46 91
91 22
8 49
49 56
13 65
56 10
10 57
19 84
12 62
87 20
17 78
17 76
72 15