0 2 4 76 1 88 5 48 11 6 55 3 7 9 10 51 20 8 12 50 14 15 13 75 19 17 18 28 22 53 45 96 23 81 67 93 27 26 30 40 58 31 80 60 63 46 43 33 41 42 47 52 94 64 34 84 36 59 37 54 69 72 56 66 61 62 98 70 87 83 99
0 2
2 4
2 76
4 1
4 48
4 11
76 3
1 88
1 5
88 55
5 6
11 51
6 8
55 19
55 22
55 60
55 63
55 46
3 7
3 9
10 51
10 20
8 12
12 50
14 15
15 19
15 96
13 75
13 19
17 18
17 28
18 93
18 45
18 27
18 26
28 30
22 53
22 45
53 33
96 67
23 81
81 41
67 54
27 80
26 40
26 58
26 31
80 94
60 61
46 43
33 64
41 52
42 47
47 61
52 36
52 72
64 34
64 84
84 72
36 59
37 54
37 69
56 66
66 70
61 62
62 98
98 87
70 87
70 83
87 99