0 25 27 10 56 13 65 66 64 2 44 26 28 1 19 83 30 90 9 52 3 34 62 4 38 21 88 89 7 46 41 81 6 43 45 16 74 51 97 20 87 8 49 11 59 60 17 76 12 69 61 18 80 14 68 67 15 72 95 93 23 24
0 25
0 27
25 44
25 56
10 56
13 65
13 66
13 64
13 2
65 81
66 28
66 44
66 90
66 76
64 62
64 69
44 6
44 51
26 28
28 1
19 83
83 81
30 90
90 21
90 46
90 61
9 52
52 49
3 34
34 62
62 12
4 38
38 88
21 88
21 89
7 46
41 81
81 18
6 43
6 45
45 97
16 74
74 68
51 8
97 24
20 87
87 95
8 49
11 59
11 60
59 69
17 76
76 93
69 14
69 95
69 72
18 80
14 68
14 67
15 72
95 23