2 3 4 13 10 6 12 16 21 7 15 27 25 18 19 32 20 24 33 22 34 35 39 41 38 44 45 51 46 47 49 50 52 55 53 61 59 65 58 57 64 67 73 72 77 70 71 76 81 88 79 89 85 86 99 91 90 97 93 96
2 3
3 4
4 13
13 10
13 12
13 21
10 6
6 7
12 16
21 20
15 27
15 25
25 24
18 19
18 32
19 33
19 22
19 20
24 22
33 34
33 35
34 39
35 41
39 38
41 44
44 45
45 51
45 46
51 49
46 47
49 50
50 52
52 55
52 53
52 61
55 59
59 65
59 58
65 64
65 67
58 57
67 73
73 72
73 77
77 71
77 88
77 79
70 71
70 76
76 81
88 89
88 85
89 86
89 99
86 91
99 97
91 90
90 93
97 96