0 27 10 55 57 56 21 89 88 34 23 95 94 16 75 73 28 47 2 32 20 87 86 85 3 35 36 11 58 43 40 68 13 65 39 72 5 9 54 45 97 7 48 46 8 50 49 79 15 70 18 84 83 12 62 19 82 14 69 67 99 90 77 92 17 24
0 27
27 34
10 55
10 57
10 56
55 89
21 89
21 88
89 48
89 62
89 68
88 32
88 50
88 65
34 3
34 43
23 95
23 94
95 83
16 75
16 73
75 87
28 47
47 7
2 32
20 87
20 86
20 85
87 68
87 70
87 83
3 35
3 36
35 40
35 68
11 58
58 83
40 5
68 14
13 65
39 72
72 15
9 54
54 84
45 97
97 84
7 48
7 46
48 79
8 50
8 49
79 18
15 70
84 19
83 19
12 62
19 82
14 69
14 67
69 77
69 92
67 99
67 90
99 24
77 17