1 2 3 18 17 6 8 12 10 14 11 16 71 19 20 21 22 23 30 55 57 28 25 29 31 32 24 26 27 33 54 56 34 36 35 37 38 40 39 41 48 50 47 43 52 51 65 58 61 59 75 60 70 73 74 62 76 69 68 66
1 2
2 3
3 18
18 17
17 10
17 71
6 8
8 12
12 11
10 14
14 16
11 16
16 19
19 20
20 21
21 22
22 23
22 30
23 28
23 25
30 29
30 31
55 57
57 56
57 58
28 26
25 24
29 32
31 54
32 27
32 33
33 34
33 36
33 35
54 56
56 65
36 37
37 38
38 40
40 39
40 41
40 48
41 43
48 50
48 47
50 52
52 51
65 68
65 66
58 61
58 59
61 60
61 70
59 75
60 73
60 74
70 76
70 69
73 62