84 83 92 99 86 85 82 68 2 70 27 71 75 60 79 88 97 74 89 24 38 22 57 0 18 25 96 64 72 23 21 14 13 37 47 55 1 4 16 17 19 10 20 28 26 98 15 7 39 40 46 50 58 5 44 3 29 32 12 36 34 42 48 45 33 43 41 6 8 11 9 30 31 35 49 73 95
84 83
84 92
84 99
84 86
83 85
99 95
85 82
82 79
68 2
2 0
2 18
70 27
70 71
27 25
71 79
75 60
75 79
88 97
88 74
88 89
97 96
74 64
74 72
89 57
24 38
24 22
38 37
38 47
22 23
22 21
57 55
0 1
0 4
18 16
18 17
18 19
25 10
25 20
25 28
25 26
96 98
64 73
23 14
21 20
14 13
47 46
55 50
55 58
1 98
16 15
19 44
19 20
10 12
10 9
20 3
15 7
7 5
7 6
7 8
39 40
40 42
46 48
44 45
29 32
32 30
32 31
32 35
36 34
34 33
34 42
42 43
42 41
42 45
45 49
33 35
8 11