5 40 21 88 89 90 23 94 1 30 8 49 15 71 72 70 33 2 3 34 13 66 4 37 39 9 54 14 67 68 69 6 43 44 45 12 63 7 48 22 91 93 18 80 56 60 75 16 74 73 84 76 20 86 24 99 17 19 83
5 40
40 30
21 88
21 89
21 90
88 30
88 43
88 71
88 99
89 54
23 94
94 70
94 80
1 30
30 33
8 49
49 54
15 71
15 72
15 70
71 69
72 84
70 34
70 86
33 2
3 34
13 66
66 84
4 37
4 39
39 69
9 54
14 67
14 68
14 69
67 48
67 63
68 93
69 73
69 76
6 43
6 44
6 45
12 63
7 48
22 91
22 93
93 56
18 80
60 75
75 16
16 74
16 73
84 19
76 17
20 86
24 99
19 83