0 25 27 26 11 60 85 65 32 1 29 9 54 52 12 61 2 31 33 21 23 94 66 47 73 71 35 91 3 24 99 97 6 43 37 20 41 63 7 10 48 46 53 50 8 14 69 22 19 84 16 75 58 72 13 70 15 77 18 79
0 25
0 27
0 26
27 85
27 65
27 32
11 60
60 29
60 47
85 20
65 13
32 2
32 47
32 73
32 71
1 29
9 54
9 52
52 47
12 61
61 48
61 63
2 31
2 33
2 21
31 66
33 35
33 94
33 91
23 94
66 43
47 7
47 99
47 53
73 16
71 15
71 84
35 3
91 37
91 22
24 99
24 97
6 43
41 63
7 10
7 48
7 46
48 50
50 8
14 69
69 70
19 84
84 79
16 75
58 72
72 15
72 77
70 15
18 79