21 88 89 25 6 43 45 44 30 74 15 72 71 20 87 85 14 68 31 77 32 55 60 3 35 10 57 83 4 38 39 9 54 52 53 5 42 8 50 17 78 65 82 81 56 96 7 47 99 80 73 12 61 62 93 24 97 98 18 79 95 84 16 75 19
21 88
21 89
88 83
89 25
6 43
6 45
6 44
43 65
45 56
45 96
44 82
44 81
30 74
74 16
74 87
15 72
15 71
72 84
71 95
20 87
20 85
87 68
14 68
31 77
77 17
77 73
32 55
32 60
55 10
55 93
3 35
35 83
10 57
57 73
83 19
83 99
4 38
4 39
38 54
9 54
9 52
9 53
54 42
54 73
5 42
8 50
50 80
17 78
82 61
82 73
82 19
81 18
7 47
47 99
99 24
99 80
73 16
12 61
12 62
24 97
24 98
18 79
84 19
16 75