0 25 14 69 23 95 19 84 91 39 27 52 1 29 2 32 92 16 73 36 45 10 56 63 20 87 86 42 6 44 43 15 70 72 71 93 7 46 47 48 9 8 50 51 49 18 81 79 80 60 24 99 97 55 85 11 59 62 13 22 88 82 21 98
0 25
25 91
25 39
14 69
69 42
69 79
23 95
95 43
19 84
84 43
91 27
91 22
91 87
39 63
27 52
52 9
1 29
29 32
2 32
32 92
92 46
92 22
92 82
16 73
73 50
36 45
45 6
10 56
56 80
20 87
20 86
86 59
6 44
6 43
43 93
15 70
15 72
15 71
70 62
71 81
93 22
93 81
93 98
7 46
7 47
7 48
8 50
8 51
8 49
50 81
50 60
18 81
18 79
18 80
81 85
81 99
80 88
60 11
24 99
24 97
55 85
13 22
88 21