10 92 8 32 7 1 96 5 73 12 11 52 29 35 70 34 71 24 23 86 16 39 4 6 67 18 63 38 15 27 93 51 30 90 89 17 44 85 88 53 3 22 20 2 13 47 57 98 97 60 74 75 28 21 65 54 84 69 46 82 81 58 83 9 19 49
10 92
10 8
10 32
92 70
92 34
92 71
8 35
32 7
32 52
32 29
7 1
7 96
1 5
1 16
1 39
1 4
5 73
5 12
5 11
12 9
11 74
29 30
70 93
34 27
24 23
24 86
23 51
23 30
23 90
23 89
16 53
16 18
39 63
39 38
39 15
4 2
6 67
6 18
67 17
67 57
63 65
63 54
63 84
93 69
89 88
17 44
85 88
3 22
3 20
3 2
22 46
20 82
2 13
2 47
13 21
47 81
57 58
98 97
98 60
60 54
74 75
74 28
28 49
21 19
58 83