1 29 62 4 49 5 79 80 9 2 6 93 74 28 88 54 3 21 42 12 69 94 92 30 23 51 15 86 19 7 8 38 66 11 10 31 52 39 13 91 55 85 16 78 17 24 61 20 35 34 22 48 27 73 56 67 32 25 26 71 87 57 63 81 83 84 90 53 60 77 75
1 29
1 62
1 4
1 49
1 5
1 79
1 80
29 91
62 55
4 2
5 9
9 28
9 88
9 54
2 3
2 12
2 69
2 94
6 93
6 74
93 86
74 71
54 53
3 21
21 42
12 8
12 11
94 92
94 30
94 23
92 51
92 15
23 32
15 85
86 19
19 61
19 20
7 8
7 38
7 66
38 90
11 10
11 52
11 39
10 31
31 57
52 22
52 67
13 91
91 26
85 84
85 75
16 78
16 17
17 24
24 25
24 26
24 71
61 60
20 35
35 34
22 48
22 27
22 73
22 56
32 63
32 81
25 87
83 84
77 75