0 25 27 26 19 82 54 35 62 42 73 79 20 87 8 51 49 28 46 2 33 32 31 11 59 7 48 47 44 61 3 34 36 95 39 4 9 10 55 57 13 64 37 5 81 6 45 43 88 85 68 91 21 90 96 14 60 83 16 72 18 17 78 23 94 22 93 97 99
0 25
0 27
0 26
25 54
25 35
25 62
26 42
26 73
26 79
19 82
82 94
54 9
35 31
35 3
35 47
35 95
42 5
42 81
73 16
79 18
20 87
87 95
8 51
8 49
51 96
28 46
46 7
2 33
2 32
2 31
33 59
32 61
31 44
11 59
7 48
7 47
48 68
48 91
47 55
47 85
44 6
44 88
61 64
3 34
3 36
36 39
95 23
39 4
39 37
10 55
10 57
55 60
13 64
6 45
6 43
88 21
85 72
85 97
68 14
91 22
21 90
90 78
96 23
60 83
17 78
23 94
22 93
93 99