89 92 80 97 99 83 91 85 69 96 79 78 76 66 72 74 73 70 71 65 17 1 53 13 2 3 16 8 55 58 18 15 20 11 0 14 63 51 61 56 50 57 59 54 9 10 29 26 27 30 23 31 32 33 34 35 36 37 38 39 40 19 4 5 7 95 6 12 21 22 28 24 25 52 64 62 67 68 77 75
89 92
89 80
92 83
92 91
97 99
99 85
91 85
85 69
85 96
69 79
96 95
79 78
79 67
79 68
79 77
79 75
78 76
78 66
78 72
78 74
78 73
78 70
78 71
78 65
76 17
17 1
17 53
17 13
1 2
1 3
1 16
1 8
53 55
53 58
13 4
13 12
2 18
2 15
3 20
3 11
3 0
3 14
55 63
55 51
55 61
58 50
58 52
58 64
18 10
20 29
20 26
20 27
14 9
63 62
56 50
56 57
56 59
56 54
29 30
29 23
26 21
26 25
30 31
23 22
23 28
31 32
32 33
33 34
34 35
35 36
36 37
37 38
38 39
39 40
19 4
4 6
5 7
7 6
28 24