8 67 10 4 45 89 51 5 83 18 23 56 12 33 43 27 21 94 7 34 6 64 97 36 2 68 61 3 53 92 40 80 91 41 77 20 42 55 26 62 44 95 0 82 46 17 52 47 87 70 49 58 79 66 74 28 38 73 11 88 99 71 14 81 35 59 15
8 67
8 10
8 4
67 28
67 38
10 89
10 51
4 45
45 82
89 77
89 81
51 87
5 83
5 18
83 36
23 56
23 12
23 33
56 55
56 49
12 43
27 21
21 94
94 47
94 59
7 34
34 97
6 64
64 62
64 79
97 87
36 2
2 68
2 61
68 44
68 11
3 53
3 92
53 0
92 58
40 80
40 91
80 14
91 73
41 77
41 20
77 47
42 55
42 26
26 62
44 95
44 0
95 71
46 17
17 52
52 70
87 11
70 28
70 99
49 15
79 81
66 74
74 14
38 73
11 88
81 35