12 25 21 42 51 26 52 32 16 64 33 34 65 35 36 66 37 38 67 39 40 68 41 69 43 44 70 45 22 46 71 50 73 74 54 75 56 76 28 60 78 63 79 80 81 82 83 47 72 84 85 86 77 87 88 89 90 91 92 93 0 7 14 8 4 2
12 25
25 51
21 42
42 69
51 73
26 52
52 74
32 16
32 64
16 8
64 33
64 80
34 65
65 35
65 80
36 66
66 37
66 81
38 67
67 39
67 81
40 68
68 41
68 82
69 43
69 82
44 70
70 45
70 83
45 22
46 71
71 83
71 47
50 73
73 84
74 85
54 75
75 85
56 76
56 28
76 86
28 14
60 78
78 87
63 79
79 87
80 88
81 88
82 89
83 89
72 84
84 90
85 90
86 77
86 91
87 91
88 92
89 92
90 93
91 93
92 0
93 0
7 14
8 4
4 2