10 55 57 22 92 91 93 26 73 1 29 11 60 17 76 95 31 89 3 34 16 75 20 86 87 85 13 66 68 4 39 5 40 24 98 97 50 6 45 83 7 46 18 80 62 8 49 15 12 54 21 88 90 94 19 84 82 63 61 96 14 67 23 69
10 55
10 57
55 94
22 92
22 91
22 93
92 54
92 62
26 73
73 16
1 29
29 95
11 60
60 63
17 76
76 86
95 23
95 75
31 89
89 21
3 34
34 68
16 75
20 86
20 87
20 85
86 96
87 98
85 39
13 66
66 82
68 82
4 39
5 40
40 50
24 98
24 97
98 80
50 8
6 45
45 83
83 19
7 46
46 62
18 80
62 49
62 12
62 96
8 49
15 12
12 63
12 61
21 88
21 90
88 84
94 23
94 69
19 84
19 82
84 96
96 23
96 67
14 67