2 3 4 14 7 8 9 19 10 20 30 40 41 70 80 90 91 92 93 94 95 96 85 97 98 99 89 29 39 49 59 58 69 79 13 15 16 17 18 28 21 31 51 61 71 81 82 83 84 86 74 87 88 78 38 48 57 68 47 24 25 26 27 37 32 42 52 62 72 73 64 75 65 76 77 46 34 35 36 53 63 56
2 3
3 4
4 14
14 13
14 15
7 8
8 9
9 19
19 29
10 20
20 30
30 40
40 41
41 31
41 51
70 80
80 90
90 91
91 92
92 93
93 94
94 95
95 96
95 85
96 97
85 84
85 86
85 74
97 98
99 89
89 79
29 39
39 49
49 59
59 58
59 69
58 48
58 68
58 47
69 79
15 16
16 17
17 18
18 28
28 38
21 31
51 61
61 71
71 81
81 82
82 83
83 84
86 87
74 73
74 64
74 75
87 88
88 78
78 68
38 48
48 57
47 37
47 46
24 25
25 26
26 27
27 37
32 42
42 52
52 62
62 72
72 73
64 63
75 65
75 76
76 77
46 36
46 56
34 35
35 36
53 63