0 84 31 49 46 29 73 1 15 62 86 83 2 41 76 74 65 44 21 77 10 81 52 91 5 18 67 53 25 35 75 7 9 58 20 78 72 11 56 12 37 16 87 54 68 90 19 79 33 85 63 28 61 92 66 48 64 57 60
0 84
0 31
0 49
31 21
49 46
46 20
29 73
73 52
73 18
73 68
73 57
1 15
1 62
62 76
86 83
83 2
83 78
83 16
83 90
2 41
2 76
74 65
65 44
65 11
65 25
65 56
44 21
44 77
21 19
21 68
77 61
77 60
10 81
81 72
52 91
91 35
5 18
5 67
18 58
67 9
53 25
25 63
35 75
75 85
7 9
72 56
72 64
12 37
37 16
16 87
16 54
54 68
68 48
90 66
19 79
79 33
63 28
61 92