0 1 10 2 3 4 14 5 6 7 20 15 23 8 27 16 28 25 26 21 35 24 33 32 46 42 41 30 51 50 31 40 52 43 45 56 49 59 44 53 60 48 57 58 67 69 54 64 71 66 76 98 68 62 72 80 70 74 84 86 88 90 81 89 82 83 93 92 94 85
0 1
0 10
1 2
10 20
2 3
3 4
4 14
14 5
14 15
14 23
5 6
6 7
20 21
15 25
15 26
15 16
8 27
27 16
27 28
25 35
25 24
35 46
24 33
33 32
32 42
32 41
46 45
46 56
41 30
41 51
41 50
41 31
41 40
41 52
50 60
52 43
45 44
56 67
49 59
59 69
44 53
60 71
48 57
48 58
57 67
58 69
67 66
67 98
67 68
54 64
64 74
71 62
71 72
71 80
71 70
66 76
76 86
98 88
72 84
80 90
80 81
74 84
88 89
81 82
82 83
83 93
83 92
93 94
94 85