0 27 26 1 28 29 11 60 58 5 42 2 6 31 33 32 93 49 8 50 34 24 98 40 67 75 63 73 57 64 3 16 74 14 69 68 36 10 55 56 39 15 70 23 95 7 48 18 79 52 59 78 12 61 21 89 82 87 13 22 20 17
0 27
0 26
27 93
27 32
27 49
1 28
1 29
28 34
11 60
11 58
60 42
60 78
5 42
42 32
42 36
2 6
2 31
2 33
2 32
31 40
31 67
33 63
33 73
33 57
33 64
32 75
93 39
93 59
93 22
49 8
8 50
34 3
34 75
24 98
98 57
67 14
67 48
67 52
67 95
63 12
63 87
73 16
57 10
64 13
64 70
16 74
14 69
14 68
10 55
10 56
15 70
23 95
95 79
7 48
18 79
78 17
78 89
12 61
61 82
21 89
87 20