0 27 1 29 30 28 15 71 72 70 74 32 2 31 33 13 65 66 64 4 37 38 49 81 89 3 35 36 34 52 57 23 94 24 21 39 44 5 40 88 90 6 8 9 53 54 19 84 82 45 62 92 7 46 78 10 55 85 11 59 16 77 22 18
0 27
27 74
1 29
1 30
1 28
28 32
15 71
15 72
15 70
72 39
72 46
72 89
74 16
74 88
32 2
32 81
32 89
2 31
2 33
31 49
13 65
13 66
13 64
65 59
66 40
66 77
64 38
64 89
4 37
4 38
49 8
81 18
89 34
89 21
3 35
3 36
3 34
35 57
34 52
52 9
52 94
57 10
57 85
23 94
24 21
21 88
21 90
39 44
44 6
5 40
90 84
90 92
9 53
9 54
19 84
19 82
45 62
45 92
92 22
7 46
46 78
10 55
11 59