1 0 40 8 6 82 5 48 17 2 4 55 70 3 32 7 19 36 13 21 23 54 11 12 10 42 25 15 9 71 14 16 18 91 24 31 50 27 20 86 39 29 96 45 49 22 28 37 26 35 83 68 84 64 72 63 41 56 46 75 65 69 67
1 0
1 40
1 8
1 6
1 82
1 5
1 48
0 17
0 2
0 4
8 71
5 10
17 86
17 39
2 55
2 70
2 3
2 32
2 7
2 19
4 23
4 54
4 11
4 12
3 36
3 13
3 21
32 64
32 72
7 42
7 25
7 15
7 9
19 96
21 49
21 22
23 37
23 26
11 24
10 91
42 56
25 83
15 20
9 14
9 16
9 18
14 31
14 50
14 27
18 29
24 35
20 45
39 41
45 46
49 65
22 28
26 68
26 84
35 63
64 69
46 75
65 67