0 25 11 59 6 43 52 1 28 30 79 99 2 32 31 33 14 69 68 67 24 78 96 39 3 35 34 17 76 77 36 54 21 88 90 23 5 40 41 18 80 81 85 42 60 46 7 10 56 55 57 15 72 71 13 65 19 82 51 9 53 22 92 70 20 75 89
0 25
25 52
11 59
59 35
59 75
6 43
43 32
43 46
52 9
1 28
1 30
28 79
30 99
79 18
79 78
99 24
2 32
2 31
2 33
32 78
32 96
33 39
14 69
14 68
14 67
69 35
69 78
68 40
67 42
67 65
78 17
78 54
78 56
78 72
96 23
3 35
3 34
17 76
17 77
77 92
36 54
54 9
54 82
54 70
21 88
21 90
88 81
90 51
5 40
5 41
41 85
18 80
18 81
85 20
42 60
46 7
10 56
10 55
10 57
15 72
15 71
13 65
19 82
9 53
22 92
92 89