0 1 72 2 99 3 4 90 57 20 5 6 7 78 8 9 10 85 28 11 12 13 14 15 16 18 19 26 27 24 23 30 29 31 60 48 32 54 76 21 22 96 34 80 35 36 37 38 89 84 41 42 49 50 53 56 45 93 61 65 64 69 73 86 83
0 1
1 72
1 2
1 99
72 69
72 73
2 3
3 4
4 90
4 57
4 20
4 5
57 56
20 19
20 21
5 6
6 7
6 78
7 8
78 34
8 9
9 10
9 85
10 28
10 11
85 84
85 86
28 27
28 23
28 29
11 12
12 13
13 14
14 15
15 16
18 19
26 27
24 23
23 96
30 29
30 31
29 76
31 60
31 48
31 32
60 61
48 49
32 54
54 53
76 42
21 22
34 80
34 35
35 36
36 37
37 38
89 84
84 83
41 42
49 50
56 45
56 93
45 65
65 64