1 2 32 19 34 27 3 4 59 18 5 21 20 7 60 6 8 23 58 9 24 25 10 13 11 36 38 40 37 39 15 16 48 28 17 26 29 22 31 44 43 30 42 35 46 41 49 50 51 55 57 63 61 64 69 75 66 67 84 88 72 74 70 79 78 80 95 73 83 82 92
1 2
2 3
32 19
19 18
34 27
27 26
27 31
3 4
3 59
4 5
4 21
4 20
59 63
18 17
18 26
18 23
5 7
5 60
5 6
5 8
21 23
7 58
60 61
8 9
23 24
23 22
58 55
58 57
24 25
25 13
10 13
11 36
11 38
36 40
36 37
36 39
40 28
37 35
39 48
15 16
16 17
48 49
28 26
26 29
29 44
29 43
31 30
43 42
42 41
35 46
49 50
50 51
63 64
64 69
69 75
75 84
75 88
66 67
67 72
67 74
84 73
72 78
72 73
74 83
70 79
79 78
79 80
79 95
95 92
83 82