2 9 1 10 19 21 20 18 14 13 15 5 17 16 49 48 31 47 46 30 32 25 39 29 26 38 40 37 74 41 73 56 72 71 55 57 58 70 64 50 51 69 54 63 65 52 68 60 62 99 66 98 81 97 96 80 82 95 75 89 76 94 79 88 90 85 93 24 36 42 59 53 61 67 35
2 9
2 1
9 10
10 19
19 18
19 20
21 20
18 17
18 49
14 13
14 15
14 5
15 16
15 24
17 16
49 48
48 31
48 47
31 30
31 32
47 46
30 25
30 39
25 29
25 26
39 38
39 40
38 37
40 74
40 41
37 36
37 42
74 73
73 56
73 72
56 55
56 57
72 71
71 58
71 70
55 64
55 50
57 51
70 69
64 63
64 65
50 54
51 52
69 68
69 60
63 62
65 99
65 66
52 59
52 53
62 61
62 67
99 98
98 81
98 97
81 80
81 82
97 96
96 95
80 75
80 89
82 76
95 94
75 79
89 88
89 90
94 85
94 93
36 35