89 86 83 96 98 2 1 82 5 80 78 7 8 9 74 71 76 72 75 12 11 14 13 69 17 68 66 67 16 20 65 22 62 63 64 60 23 24 26 59 56 27 58 54 29 28 31 53 51 30 33 32 50 48 34 36 39 37 38 41 44 43 40 42 45 46 49 57 84
89 86
86 83
83 82
96 98
98 2
98 1
2 5
82 80
82 84
5 7
80 78
78 75
7 8
8 9
9 12
74 71
74 76
74 72
74 75
71 69
12 13
11 14
11 13
14 17
69 68
17 16
17 20
68 66
68 67
66 64
67 65
20 22
22 23
22 24
62 63
62 64
62 60
60 57
23 26
26 27
59 56
56 58
56 54
27 29
27 28
54 53
54 57
29 31
31 30
31 33
53 51
51 48
33 32
33 34
50 48
48 45
48 49
34 36
36 39
39 38
37 38
38 41
41 42
44 43
43 40
43 45
40 42
45 46