2 3 6 5 9 14 12 18 20 17 25 19 26 21 22 30 33 27 29 39 31 32 41 34 42 35 38 47 40 48 49 50 51 52 43 44 54 59 58 60 62 66 67 68 74 75 69 76 77 70 73 82 81 83 78 84 79 88 90 92 93 95 96 98
2 3
3 6
6 9
5 9
9 14
14 20
12 18
18 17
18 25
20 26
20 21
25 33
19 26
26 33
26 27
22 30
30 29
30 39
33 41
39 31
39 38
39 40
39 48
32 41
41 40
41 42
41 51
34 42
34 35
42 52
42 43
38 47
40 49
40 50
49 59
49 58
50 60
52 62
43 44
44 54
59 67
59 68
58 66
66 74
68 75
68 69
68 76
74 73
75 82
75 81
69 77
69 70
76 83
77 78
77 84
83 88
78 79
84 90
88 92
88 93
92 95
92 96
95 98