2 3 5 6 7 9 10 12 13 15 17 18 19 21 23 24 25 27 28 30 31 33 32 34 36 35 37 39 38 40 42 41 44 43 45 47 46 48 49 50 51 52 54 53 55 56 57 59 58 60 62 61 63 64 65 66 68 67 69 70 71 72 74 73 75 77 76 78 80 79 81 83 84 85 87 88 90 92 93 95 96 98
2 3
3 5
5 6
6 7
7 9
9 10
10 12
12 13
13 15
15 17
17 18
18 19
19 21
21 23
23 24
24 25
25 27
27 28
28 30
30 31
31 33
33 32
33 34
34 36
36 35
36 37
37 39
39 38
39 40
40 42
42 41
42 44
44 45
43 45
45 47
45 46
47 48
48 49
48 50
50 51
51 52
52 54
54 53
54 55
54 56
55 57
57 59
57 58
59 60
60 62
60 61
61 63
63 64
63 65
64 66
66 68
66 67
67 69
69 70
69 71
70 72
72 74
72 73
74 75
75 77
77 78
76 78
78 80
78 79
79 81
81 83
83 84
84 85
85 87
87 88
88 90
90 92
92 93
93 95
95 96
96 98