0 25 9 53 18 81 37 1 29 30 28 8 50 51 49 20 85 39 2 31 32 33 71 36 4 38 11 58 12 61 63 62 16 73 23 96 95 94 91 45 41 5 40 42 15 72 70 66 68 6 44 43 14 98 7 47 46 97 78 21 88 56 83 13 19 80 22 93 92
0 25
25 37
9 53
53 70
18 81
81 72
37 4
1 29
1 30
1 28
29 39
8 50
8 51
8 49
50 71
51 78
49 97
20 85
85 61
39 4
39 45
39 41
2 31
2 32
2 33
31 71
31 36
71 38
71 15
71 61
4 38
38 91
38 96
11 58
58 63
12 61
12 63
12 62
61 83
16 73
73 94
23 96
23 95
23 94
95 80
91 47
91 22
45 6
41 5
41 66
5 40
5 42
42 68
15 72
15 70
66 13
68 14
6 44
6 43
44 98
7 47
7 46
21 88
88 92
56 83
83 19
22 93
22 92