15 72 70 26 56 27 57 17 78 76 18 80 30 96 2 32 19 82 84 83 3 34 44 10 55 37 53 39 5 41 42 40 90 7 48 47 46 50 52 69 60 8 51 49 73 9 11 58 59 64 85 98 62 65 68 14 20 23 94 91 21 24 22
15 72
15 70
70 48
26 56
56 39
56 50
27 57
57 49
17 78
17 76
78 47
78 91
76 62
18 80
80 55
30 96
96 47
96 23
2 32
32 84
19 82
19 84
19 83
82 34
84 40
84 46
3 34
34 44
10 55
55 52
37 53
53 9
5 41
5 42
5 40
41 90
90 21
7 48
7 47
7 46
48 69
48 60
47 52
46 50
50 8
52 9
69 14
60 11
60 85
60 98
8 51
8 49
51 73
11 58
11 59
59 64
85 20
98 24
65 68
68 14
23 94
91 22