0 27 22 93 83 1 30 28 12 62 14 67 7 48 47 46 60 32 29 42 96 45 56 2 6 43 44 31 16 75 24 99 35 4 38 21 90 77 5 41 76 84 65 79 8 50 51 10 52 82 17 78 55 11 18 13 64 66 19 87 81 94
0 27
27 83
22 93
93 99
83 35
83 19
1 30
1 28
30 47
30 96
30 45
30 56
28 60
28 32
12 62
62 78
14 67
67 75
7 48
7 47
7 46
48 99
47 29
47 76
46 84
46 90
46 65
46 75
46 79
60 11
32 2
29 42
42 5
56 10
6 43
6 44
43 31
43 76
16 75
24 99
99 81
99 94
4 38
38 77
21 90
77 50
77 51
77 17
5 41
76 17
84 19
65 13
79 18
8 50
52 82
82 19
17 78
78 55
78 87
13 64
13 66