15 71 20 85 86 25 97 27 91 1 30 29 28 4 3 43 57 2 31 33 24 44 35 34 36 22 92 10 60 5 41 40 12 62 46 6 45 7 47 48 77 14 67 19 83 75 81 64 49 74 9 53 54 11 61 13 16 73 88 96 80 17 76 87
15 71
71 29
20 85
20 86
86 43
86 67
86 83
86 87
86 92
25 97
97 24
97 45
27 91
91 48
1 30
1 29
1 28
29 43
29 57
4 3
3 35
3 34
3 36
43 35
43 6
43 46
43 77
57 10
2 31
2 33
31 44
44 6
36 60
22 92
60 11
5 41
5 40
40 46
12 62
62 48
46 7
46 75
6 45
7 47
7 48
47 81
48 64
77 54
77 17
14 67
19 83
83 61
75 16
64 13
64 88
49 74
74 16
74 80
9 53
9 54
16 73
73 96
17 76