35 25 45 34 24 15 26 55 44 46 33 14 5 16 27 54 65 56 43 47 22 13 6 18 29 64 53 66 75 57 42 48 11 12 21 8 63 74 52 77 85 58 41 1 20 72 84 51 88 87 78 86 68 81 71 82 94 50 98 91
35 25
35 45
35 34
25 24
25 15
25 26
45 55
45 44
45 46
34 33
24 14
15 5
15 16
26 27
55 54
55 65
55 56
44 43
46 47
33 22
14 13
5 6
27 18
27 29
54 64
54 53
65 66
65 75
56 57
43 42
47 48
22 11
22 12
22 21
18 8
64 63
64 74
53 52
66 77
75 85
57 58
42 41
11 1
21 20
63 72
74 84
52 51
77 88
77 87
77 78
85 86
58 68
72 81
72 71
72 82
84 94
51 50
88 98
81 91