0 79 68 35 73 74 75 76 77 78 81 82 83 84 86 87 88 89 90 91 92 94 95 96 97 99 93 98 80 85 13 61 63 42 54 3 6 8 9 10 16 17 18 21 28 36 38 15 2 70 30 11 32 4 46 34 59 47 58 64 19 72 45 39 65 37 41 40 51
0 79
0 68
0 35
0 73
0 74
0 75
0 76
0 77
0 78
0 81
0 82
0 83
0 84
0 86
0 87
0 88
0 89
0 90
0 91
0 92
0 94
0 95
0 96
0 97
0 99
0 93
0 98
0 80
0 85
79 10
68 13
68 61
68 63
68 42
35 54
74 3
75 6
77 8
78 9
82 16
83 17
84 18
86 21
90 28
94 36
95 38
13 45
13 39
61 51
63 15
42 40
3 11
6 59
8 32
9 64
10 19
17 47
18 70
36 41
38 37
2 70
70 30
30 46
4 46
4 34
59 58
47 65
58 72