0 2 9 6 10 18 7 8 4 71 1 11 12 3 13 14 5 15 16 17 19 22 23 25 26 33 30 35 32 29 27 34 28 31 50 36 37 40 44 45 48 51 57 52 58 54 59 53 60 56 55 81 61 62 63 64 65 66 67 68 69 72 73 74 75 76 77 78 79 84 90 88 89 91
0 2
0 9
0 6
0 10
0 18
0 7
0 8
0 4
0 71
0 1
2 12
9 17
6 15
18 19
7 16
4 14
71 3
71 5
71 44
71 57
71 72
1 11
3 13
22 23
22 25
25 26
25 33
25 30
25 35
25 32
25 29
25 27
25 34
25 28
25 31
25 50
26 36
50 51
50 57
50 52
50 58
50 54
50 59
50 53
50 60
50 56
50 55
36 37
40 44
44 45
45 48
60 81
60 61
81 84
81 90
81 88
81 89
61 62
62 63
63 64
64 65
65 66
66 67
67 68
68 69
72 73
73 74
74 75
75 76
76 77
77 78
78 79
90 91