0 1 7 3 8 2 9 17 13 51 10 20 23 27 16 43 37 21 15 12 28 29 22 38 30 61 57 54 63 60 56 58 80 44 42 59 74 78 52 35 34 40 41 36 48 49 47 46 82 81 53 62 65 71 79 64 72 69 88 66 90 68 76 67 97 77 84 86 93 87
0 1
0 7
1 3
7 8
8 16
2 9
9 17
17 21
13 51
13 10
10 15
20 23
20 27
27 61
16 43
16 37
43 38
43 30
21 15
21 28
21 29
15 12
28 22
28 57
38 35
38 48
30 58
30 80
30 44
61 60
57 56
57 58
54 63
63 65
60 59
60 64
60 72
60 69
56 53
56 62
58 59
58 74
80 78
80 52
44 42
42 40
42 46
74 71
74 79
78 87
35 34
40 41
40 36
48 49
48 47
47 82
82 81
81 84
65 67
71 67
64 88
64 66
72 76
69 90
69 68
90 97
76 77
77 86
77 93